[2025-12-20T22:24:33.385+0000] {taskinstance.py:1159} INFO - Dependencies all met for dep_context=non-requeueable deps ti=<TaskInstance: energy_data_flow_orchestration.verify_kafka_to_minio manual__2025-12-20T22:24:08.712865+00:00 [queued]>
[2025-12-20T22:24:33.437+0000] {taskinstance.py:1159} INFO - Dependencies all met for dep_context=requeueable deps ti=<TaskInstance: energy_data_flow_orchestration.verify_kafka_to_minio manual__2025-12-20T22:24:08.712865+00:00 [queued]>
[2025-12-20T22:24:33.439+0000] {taskinstance.py:1361} INFO - Starting attempt 1 of 3
[2025-12-20T22:24:33.538+0000] {taskinstance.py:1382} INFO - Executing <Task(PythonOperator): verify_kafka_to_minio> on 2025-12-20 22:24:08.712865+00:00
[2025-12-20T22:24:33.565+0000] {standard_task_runner.py:57} INFO - Started process 322 to run task
[2025-12-20T22:24:33.594+0000] {standard_task_runner.py:84} INFO - Running: ['airflow', 'tasks', 'run', 'energy_data_flow_orchestration', 'verify_kafka_to_minio', 'manual__2025-12-20T22:24:08.712865+00:00', '--job-id', '25', '--raw', '--subdir', 'DAGS_FOLDER/energy_data_flow_orchestration.py', '--cfg-path', '/tmp/tmpnysrfj18']
[2025-12-20T22:24:33.614+0000] {standard_task_runner.py:85} INFO - Job 25: Subtask verify_kafka_to_minio
[2025-12-20T22:24:34.905+0000] {task_command.py:415} INFO - Running <TaskInstance: energy_data_flow_orchestration.verify_kafka_to_minio manual__2025-12-20T22:24:08.712865+00:00 [running]> on host 678571ccefef
[2025-12-20T22:24:35.964+0000] {taskinstance.py:1660} INFO - Exporting env vars: AIRFLOW_CTX_DAG_EMAIL='admin@energy.com' AIRFLOW_CTX_DAG_OWNER='energy_team' AIRFLOW_CTX_DAG_ID='energy_data_flow_orchestration' AIRFLOW_CTX_TASK_ID='verify_kafka_to_minio' AIRFLOW_CTX_EXECUTION_DATE='2025-12-20T22:24:08.712865+00:00' AIRFLOW_CTX_TRY_NUMBER='1' AIRFLOW_CTX_DAG_RUN_ID='manual__2025-12-20T22:24:08.712865+00:00'
[2025-12-20T22:24:35.967+0000] {logging_mixin.py:151} INFO - 
======================================================================
[2025-12-20T22:24:35.968+0000] {logging_mixin.py:151} INFO - 📦 ÉTAPE 2: KAFKA → MINIO (Bronze Layer)
[2025-12-20T22:24:35.969+0000] {logging_mixin.py:151} INFO - ======================================================================
[2025-12-20T22:24:36.328+0000] {logging_mixin.py:151} INFO - ⚠️ Aucun connecteur Kafka actif
[2025-12-20T22:24:36.334+0000] {logging_mixin.py:151} INFO -    Les données sont archivées directement dans MinIO
[2025-12-20T22:24:36.348+0000] {logging_mixin.py:151} INFO - 
✅ Archivage Bronze Layer opérationnel
[2025-12-20T22:24:36.359+0000] {python.py:194} INFO - Done. Returned value was: True
[2025-12-20T22:24:38.111+0000] {taskinstance.py:1400} INFO - Marking task as SUCCESS. dag_id=energy_data_flow_orchestration, task_id=verify_kafka_to_minio, execution_date=20251220T222408, start_date=20251220T222433, end_date=20251220T222438
[2025-12-20T22:24:38.229+0000] {local_task_job_runner.py:228} INFO - Task exited with return code 0
[2025-12-20T22:24:38.582+0000] {taskinstance.py:2784} INFO - 1 downstream tasks scheduled from follow-on schedule check
