[2025-12-21T15:30:06.207+0000] {taskinstance.py:1159} INFO - Dependencies all met for dep_context=non-requeueable deps ti=<TaskInstance: energy_complete_pipeline_orchestration.check_infrastructure scheduled__2025-12-21T15:00:00+00:00 [queued]>
[2025-12-21T15:30:06.228+0000] {taskinstance.py:1159} INFO - Dependencies all met for dep_context=requeueable deps ti=<TaskInstance: energy_complete_pipeline_orchestration.check_infrastructure scheduled__2025-12-21T15:00:00+00:00 [queued]>
[2025-12-21T15:30:06.229+0000] {taskinstance.py:1361} INFO - Starting attempt 1 of 3
[2025-12-21T15:30:06.288+0000] {taskinstance.py:1382} INFO - Executing <Task(PythonOperator): check_infrastructure> on 2025-12-21 15:00:00+00:00
[2025-12-21T15:30:06.311+0000] {standard_task_runner.py:57} INFO - Started process 897 to run task
[2025-12-21T15:30:06.330+0000] {standard_task_runner.py:84} INFO - Running: ['airflow', 'tasks', 'run', 'energy_complete_pipeline_orchestration', 'check_infrastructure', 'scheduled__2025-12-21T15:00:00+00:00', '--job-id', '118', '--raw', '--subdir', 'DAGS_FOLDER/energy_pipeline_orchestration.py', '--cfg-path', '/tmp/tmptqtmouwt']
[2025-12-21T15:30:06.337+0000] {standard_task_runner.py:85} INFO - Job 118: Subtask check_infrastructure
[2025-12-21T15:30:07.977+0000] {task_command.py:415} INFO - Running <TaskInstance: energy_complete_pipeline_orchestration.check_infrastructure scheduled__2025-12-21T15:00:00+00:00 [running]> on host 1fdfe70c11b0
[2025-12-21T15:30:09.434+0000] {taskinstance.py:1660} INFO - Exporting env vars: AIRFLOW_CTX_DAG_OWNER='energy_team' AIRFLOW_CTX_DAG_ID='energy_complete_pipeline_orchestration' AIRFLOW_CTX_TASK_ID='check_infrastructure' AIRFLOW_CTX_EXECUTION_DATE='2025-12-21T15:00:00+00:00' AIRFLOW_CTX_TRY_NUMBER='1' AIRFLOW_CTX_DAG_RUN_ID='scheduled__2025-12-21T15:00:00+00:00'
[2025-12-21T15:30:09.438+0000] {logging_mixin.py:151} INFO - 
======================================================================
[2025-12-21T15:30:09.439+0000] {logging_mixin.py:151} INFO - 🔍 VÉRIFICATION DE L'INFRASTRUCTURE
[2025-12-21T15:30:09.441+0000] {logging_mixin.py:151} INFO - ======================================================================
[2025-12-21T15:30:09.452+0000] {logging_mixin.py:151} INFO - ✅ Kafka           - kafka:29092 - OK
[2025-12-21T15:30:09.455+0000] {logging_mixin.py:151} INFO - ✅ MinIO           - minio:9000 - OK
[2025-12-21T15:30:09.468+0000] {logging_mixin.py:151} INFO - ✅ PostgreSQL      - postgres:5432 - OK
[2025-12-21T15:30:09.476+0000] {logging_mixin.py:151} INFO - ✅ Cassandra       - cassandra:9042 - OK
[2025-12-21T15:30:09.479+0000] {logging_mixin.py:151} INFO - ✅ Spark Master    - spark-master:7077 - OK
[2025-12-21T15:30:09.487+0000] {logging_mixin.py:151} INFO - 
======================================================================
[2025-12-21T15:30:09.489+0000] {logging_mixin.py:151} INFO - ✅ Infrastructure OK - Pipeline peut démarrer
[2025-12-21T15:30:09.490+0000] {python.py:194} INFO - Done. Returned value was: True
[2025-12-21T15:30:10.357+0000] {taskinstance.py:1400} INFO - Marking task as SUCCESS. dag_id=energy_complete_pipeline_orchestration, task_id=check_infrastructure, execution_date=20251221T150000, start_date=20251221T153006, end_date=20251221T153010
[2025-12-21T15:30:10.467+0000] {local_task_job_runner.py:228} INFO - Task exited with return code 0
[2025-12-21T15:30:10.760+0000] {taskinstance.py:2784} INFO - 1 downstream tasks scheduled from follow-on schedule check
