[2025-12-22T11:03:20.761+0000] {taskinstance.py:1159} INFO - Dependencies all met for dep_context=non-requeueable deps ti=<TaskInstance: energy_complete_pipeline_orchestration.check_infrastructure scheduled__2025-12-22T10:00:00+00:00 [queued]>
[2025-12-22T11:03:21.242+0000] {taskinstance.py:1159} INFO - Dependencies all met for dep_context=requeueable deps ti=<TaskInstance: energy_complete_pipeline_orchestration.check_infrastructure scheduled__2025-12-22T10:00:00+00:00 [queued]>
[2025-12-22T11:03:21.257+0000] {taskinstance.py:1361} INFO - Starting attempt 3 of 3
[2025-12-22T11:03:21.675+0000] {taskinstance.py:1382} INFO - Executing <Task(PythonOperator): check_infrastructure> on 2025-12-22 10:00:00+00:00
[2025-12-22T11:03:21.756+0000] {standard_task_runner.py:57} INFO - Started process 756 to run task
[2025-12-22T11:03:21.952+0000] {standard_task_runner.py:84} INFO - Running: ['airflow', 'tasks', 'run', 'energy_complete_pipeline_orchestration', 'check_infrastructure', 'scheduled__2025-12-22T10:00:00+00:00', '--job-id', '136', '--raw', '--subdir', 'DAGS_FOLDER/energy_pipeline_orchestration.py', '--cfg-path', '/tmp/tmpbe4xqsyz']
[2025-12-22T11:03:22.002+0000] {standard_task_runner.py:85} INFO - Job 136: Subtask check_infrastructure
[2025-12-22T11:03:36.895+0000] {task_command.py:415} INFO - Running <TaskInstance: energy_complete_pipeline_orchestration.check_infrastructure scheduled__2025-12-22T10:00:00+00:00 [running]> on host 1fdfe70c11b0
[2025-12-22T11:04:04.376+0000] {taskinstance.py:1660} INFO - Exporting env vars: AIRFLOW_CTX_DAG_OWNER='energy_team' AIRFLOW_CTX_DAG_ID='energy_complete_pipeline_orchestration' AIRFLOW_CTX_TASK_ID='check_infrastructure' AIRFLOW_CTX_EXECUTION_DATE='2025-12-22T10:00:00+00:00' AIRFLOW_CTX_TRY_NUMBER='3' AIRFLOW_CTX_DAG_RUN_ID='scheduled__2025-12-22T10:00:00+00:00'
[2025-12-22T11:04:04.410+0000] {logging_mixin.py:151} INFO - 
======================================================================
[2025-12-22T11:04:04.458+0000] {logging_mixin.py:151} INFO - 🔍 VÉRIFICATION DE L'INFRASTRUCTURE
[2025-12-22T11:04:04.492+0000] {logging_mixin.py:151} INFO - ======================================================================
[2025-12-22T11:04:04.524+0000] {logging_mixin.py:151} INFO - ❌ Kafka           - kafka:29092 - ÉCHEC
[2025-12-22T11:04:04.561+0000] {logging_mixin.py:151} INFO - ✅ MinIO           - minio:9000 - OK
[2025-12-22T11:04:04.724+0000] {logging_mixin.py:151} INFO - ✅ PostgreSQL      - postgres:5432 - OK
[2025-12-22T11:04:04.950+0000] {logging_mixin.py:151} INFO - ✅ Cassandra       - cassandra:9042 - OK
[2025-12-22T11:04:04.966+0000] {logging_mixin.py:151} INFO - ✅ Spark Master    - spark-master:7077 - OK
[2025-12-22T11:04:05.013+0000] {logging_mixin.py:151} INFO - 
======================================================================
[2025-12-22T11:04:05.029+0000] {taskinstance.py:1943} ERROR - Task failed with exception
Traceback (most recent call last):
  File "/home/airflow/.local/lib/python3.8/site-packages/airflow/operators/python.py", line 192, in execute
    return_value = self.execute_callable()
  File "/home/airflow/.local/lib/python3.8/site-packages/airflow/operators/python.py", line 209, in execute_callable
    return self.python_callable(*self.op_args, **self.op_kwargs)
  File "/opt/airflow/dags/energy_pipeline_orchestration.py", line 74, in check_infrastructure
    raise Exception("❌ Infrastructure non prête. Vérifiez les containers Docker.")
Exception: ❌ Infrastructure non prête. Vérifiez les containers Docker.
[2025-12-22T11:04:11.042+0000] {taskinstance.py:1400} INFO - Marking task as FAILED. dag_id=energy_complete_pipeline_orchestration, task_id=check_infrastructure, execution_date=20251222T100000, start_date=20251222T110320, end_date=20251222T110411
[2025-12-22T11:04:11.616+0000] {standard_task_runner.py:104} ERROR - Failed to execute job 136 for task check_infrastructure (❌ Infrastructure non prête. Vérifiez les containers Docker.; 756)
[2025-12-22T11:04:11.952+0000] {local_task_job_runner.py:228} INFO - Task exited with return code 1
[2025-12-22T11:04:15.930+0000] {taskinstance.py:2784} INFO - 0 downstream tasks scheduled from follow-on schedule check
