[2025-12-22T10:59:08.948+0000] {taskinstance.py:1159} INFO - Dependencies all met for dep_context=non-requeueable deps ti=<TaskInstance: energy_complete_pipeline_orchestration.check_infrastructure scheduled__2025-12-22T10:00:00+00:00 [queued]>
[2025-12-22T10:59:09.327+0000] {taskinstance.py:1159} INFO - Dependencies all met for dep_context=requeueable deps ti=<TaskInstance: energy_complete_pipeline_orchestration.check_infrastructure scheduled__2025-12-22T10:00:00+00:00 [queued]>
[2025-12-22T10:59:09.342+0000] {taskinstance.py:1361} INFO - Starting attempt 2 of 3
[2025-12-22T10:59:10.349+0000] {taskinstance.py:1382} INFO - Executing <Task(PythonOperator): check_infrastructure> on 2025-12-22 10:00:00+00:00
[2025-12-22T10:59:10.423+0000] {standard_task_runner.py:57} INFO - Started process 739 to run task
[2025-12-22T10:59:10.444+0000] {standard_task_runner.py:84} INFO - Running: ['airflow', 'tasks', 'run', 'energy_complete_pipeline_orchestration', 'check_infrastructure', 'scheduled__2025-12-22T10:00:00+00:00', '--job-id', '135', '--raw', '--subdir', 'DAGS_FOLDER/energy_pipeline_orchestration.py', '--cfg-path', '/tmp/tmppwhvqkoy']
[2025-12-22T10:59:10.508+0000] {standard_task_runner.py:85} INFO - Job 135: Subtask check_infrastructure
[2025-12-22T10:59:15.206+0000] {task_command.py:415} INFO - Running <TaskInstance: energy_complete_pipeline_orchestration.check_infrastructure scheduled__2025-12-22T10:00:00+00:00 [running]> on host 1fdfe70c11b0
[2025-12-22T10:59:20.214+0000] {taskinstance.py:1660} INFO - Exporting env vars: AIRFLOW_CTX_DAG_OWNER='energy_team' AIRFLOW_CTX_DAG_ID='energy_complete_pipeline_orchestration' AIRFLOW_CTX_TASK_ID='check_infrastructure' AIRFLOW_CTX_EXECUTION_DATE='2025-12-22T10:00:00+00:00' AIRFLOW_CTX_TRY_NUMBER='2' AIRFLOW_CTX_DAG_RUN_ID='scheduled__2025-12-22T10:00:00+00:00'
[2025-12-22T10:59:20.269+0000] {logging_mixin.py:151} INFO - 
======================================================================
[2025-12-22T10:59:20.283+0000] {logging_mixin.py:151} INFO - 🔍 VÉRIFICATION DE L'INFRASTRUCTURE
[2025-12-22T10:59:20.299+0000] {logging_mixin.py:151} INFO - ======================================================================
[2025-12-22T10:59:20.839+0000] {logging_mixin.py:151} INFO - ❌ Kafka           - kafka:29092 - ÉCHEC
[2025-12-22T10:59:20.845+0000] {logging_mixin.py:151} INFO - ✅ MinIO           - minio:9000 - OK
[2025-12-22T10:59:20.862+0000] {logging_mixin.py:151} INFO - ✅ PostgreSQL      - postgres:5432 - OK
[2025-12-22T10:59:20.883+0000] {logging_mixin.py:151} INFO - ✅ Cassandra       - cassandra:9042 - OK
[2025-12-22T10:59:20.925+0000] {logging_mixin.py:151} INFO - ✅ Spark Master    - spark-master:7077 - OK
[2025-12-22T10:59:20.927+0000] {logging_mixin.py:151} INFO - 
======================================================================
[2025-12-22T10:59:20.975+0000] {taskinstance.py:1943} ERROR - Task failed with exception
Traceback (most recent call last):
  File "/home/airflow/.local/lib/python3.8/site-packages/airflow/operators/python.py", line 192, in execute
    return_value = self.execute_callable()
  File "/home/airflow/.local/lib/python3.8/site-packages/airflow/operators/python.py", line 209, in execute_callable
    return self.python_callable(*self.op_args, **self.op_kwargs)
  File "/opt/airflow/dags/energy_pipeline_orchestration.py", line 74, in check_infrastructure
    raise Exception("❌ Infrastructure non prête. Vérifiez les containers Docker.")
Exception: ❌ Infrastructure non prête. Vérifiez les containers Docker.
[2025-12-22T10:59:21.396+0000] {taskinstance.py:1400} INFO - Marking task as UP_FOR_RETRY. dag_id=energy_complete_pipeline_orchestration, task_id=check_infrastructure, execution_date=20251222T100000, start_date=20251222T105908, end_date=20251222T105921
[2025-12-22T10:59:22.213+0000] {standard_task_runner.py:104} ERROR - Failed to execute job 135 for task check_infrastructure (❌ Infrastructure non prête. Vérifiez les containers Docker.; 739)
[2025-12-22T10:59:24.919+0000] {local_task_job_runner.py:228} INFO - Task exited with return code 1
[2025-12-22T10:59:29.438+0000] {taskinstance.py:2784} INFO - 0 downstream tasks scheduled from follow-on schedule check
