[2025-12-22T10:54:40.468+0000] {taskinstance.py:1159} INFO - Dependencies all met for dep_context=non-requeueable deps ti=<TaskInstance: energy_complete_pipeline_orchestration.check_infrastructure scheduled__2025-12-22T10:00:00+00:00 [queued]>
[2025-12-22T10:54:40.621+0000] {taskinstance.py:1159} INFO - Dependencies all met for dep_context=requeueable deps ti=<TaskInstance: energy_complete_pipeline_orchestration.check_infrastructure scheduled__2025-12-22T10:00:00+00:00 [queued]>
[2025-12-22T10:54:40.931+0000] {taskinstance.py:1361} INFO - Starting attempt 1 of 3
[2025-12-22T10:54:41.467+0000] {taskinstance.py:1382} INFO - Executing <Task(PythonOperator): check_infrastructure> on 2025-12-22 10:00:00+00:00
[2025-12-22T10:54:41.531+0000] {standard_task_runner.py:57} INFO - Started process 691 to run task
[2025-12-22T10:54:41.714+0000] {standard_task_runner.py:84} INFO - Running: ['airflow', 'tasks', 'run', 'energy_complete_pipeline_orchestration', 'check_infrastructure', 'scheduled__2025-12-22T10:00:00+00:00', '--job-id', '134', '--raw', '--subdir', 'DAGS_FOLDER/energy_pipeline_orchestration.py', '--cfg-path', '/tmp/tmpd19s0z7z']
[2025-12-22T10:54:41.799+0000] {standard_task_runner.py:85} INFO - Job 134: Subtask check_infrastructure
[2025-12-22T10:54:59.369+0000] {task_command.py:415} INFO - Running <TaskInstance: energy_complete_pipeline_orchestration.check_infrastructure scheduled__2025-12-22T10:00:00+00:00 [running]> on host 1fdfe70c11b0
[2025-12-22T10:55:12.723+0000] {taskinstance.py:1660} INFO - Exporting env vars: AIRFLOW_CTX_DAG_OWNER='energy_team' AIRFLOW_CTX_DAG_ID='energy_complete_pipeline_orchestration' AIRFLOW_CTX_TASK_ID='check_infrastructure' AIRFLOW_CTX_EXECUTION_DATE='2025-12-22T10:00:00+00:00' AIRFLOW_CTX_TRY_NUMBER='1' AIRFLOW_CTX_DAG_RUN_ID='scheduled__2025-12-22T10:00:00+00:00'
[2025-12-22T10:55:12.756+0000] {logging_mixin.py:151} INFO - 
======================================================================
[2025-12-22T10:55:12.825+0000] {logging_mixin.py:151} INFO - 🔍 VÉRIFICATION DE L'INFRASTRUCTURE
[2025-12-22T10:55:12.841+0000] {logging_mixin.py:151} INFO - ======================================================================
[2025-12-22T10:55:20.880+0000] {logging_mixin.py:151} INFO - ❌ Kafka           - ERREUR: [Errno -3] Temporary failure in name resolution
[2025-12-22T10:55:20.893+0000] {logging_mixin.py:151} INFO - ✅ MinIO           - minio:9000 - OK
[2025-12-22T10:55:20.907+0000] {logging_mixin.py:151} INFO - ✅ PostgreSQL      - postgres:5432 - OK
[2025-12-22T10:55:20.916+0000] {logging_mixin.py:151} INFO - ✅ Cassandra       - cassandra:9042 - OK
[2025-12-22T10:55:20.949+0000] {logging_mixin.py:151} INFO - ✅ Spark Master    - spark-master:7077 - OK
[2025-12-22T10:55:20.951+0000] {logging_mixin.py:151} INFO - 
======================================================================
[2025-12-22T10:55:20.956+0000] {taskinstance.py:1943} ERROR - Task failed with exception
Traceback (most recent call last):
  File "/home/airflow/.local/lib/python3.8/site-packages/airflow/operators/python.py", line 192, in execute
    return_value = self.execute_callable()
  File "/home/airflow/.local/lib/python3.8/site-packages/airflow/operators/python.py", line 209, in execute_callable
    return self.python_callable(*self.op_args, **self.op_kwargs)
  File "/opt/airflow/dags/energy_pipeline_orchestration.py", line 74, in check_infrastructure
    raise Exception("❌ Infrastructure non prête. Vérifiez les containers Docker.")
Exception: ❌ Infrastructure non prête. Vérifiez les containers Docker.
[2025-12-22T10:55:23.967+0000] {taskinstance.py:1400} INFO - Marking task as UP_FOR_RETRY. dag_id=energy_complete_pipeline_orchestration, task_id=check_infrastructure, execution_date=20251222T100000, start_date=20251222T105440, end_date=20251222T105523
[2025-12-22T10:55:27.336+0000] {standard_task_runner.py:104} ERROR - Failed to execute job 134 for task check_infrastructure (❌ Infrastructure non prête. Vérifiez les containers Docker.; 691)
[2025-12-22T10:55:33.292+0000] {local_task_job_runner.py:228} INFO - Task exited with return code 1
[2025-12-22T10:55:41.736+0000] {taskinstance.py:2784} INFO - 0 downstream tasks scheduled from follow-on schedule check
