[2025-12-21T14:07:22.534+0000] {taskinstance.py:1159} INFO - Dependencies all met for dep_context=non-requeueable deps ti=<TaskInstance: energy_complete_pipeline_orchestration.check_infrastructure scheduled__2025-12-21T13:30:00+00:00 [queued]>
[2025-12-21T14:07:22.559+0000] {taskinstance.py:1159} INFO - Dependencies all met for dep_context=requeueable deps ti=<TaskInstance: energy_complete_pipeline_orchestration.check_infrastructure scheduled__2025-12-21T13:30:00+00:00 [queued]>
[2025-12-21T14:07:22.563+0000] {taskinstance.py:1361} INFO - Starting attempt 1 of 3
[2025-12-21T14:07:22.613+0000] {taskinstance.py:1382} INFO - Executing <Task(PythonOperator): check_infrastructure> on 2025-12-21 13:30:00+00:00
[2025-12-21T14:07:22.633+0000] {standard_task_runner.py:57} INFO - Started process 742 to run task
[2025-12-21T14:07:22.642+0000] {standard_task_runner.py:84} INFO - Running: ['airflow', 'tasks', 'run', 'energy_complete_pipeline_orchestration', 'check_infrastructure', 'scheduled__2025-12-21T13:30:00+00:00', '--job-id', '77', '--raw', '--subdir', 'DAGS_FOLDER/energy_pipeline_orchestration.py', '--cfg-path', '/tmp/tmpguzplq17']
[2025-12-21T14:07:22.647+0000] {standard_task_runner.py:85} INFO - Job 77: Subtask check_infrastructure
[2025-12-21T14:07:23.310+0000] {task_command.py:415} INFO - Running <TaskInstance: energy_complete_pipeline_orchestration.check_infrastructure scheduled__2025-12-21T13:30:00+00:00 [running]> on host 1fdfe70c11b0
[2025-12-21T14:07:24.400+0000] {taskinstance.py:1660} INFO - Exporting env vars: AIRFLOW_CTX_DAG_OWNER='energy_team' AIRFLOW_CTX_DAG_ID='energy_complete_pipeline_orchestration' AIRFLOW_CTX_TASK_ID='check_infrastructure' AIRFLOW_CTX_EXECUTION_DATE='2025-12-21T13:30:00+00:00' AIRFLOW_CTX_TRY_NUMBER='1' AIRFLOW_CTX_DAG_RUN_ID='scheduled__2025-12-21T13:30:00+00:00'
[2025-12-21T14:07:24.404+0000] {logging_mixin.py:151} INFO - 
======================================================================
[2025-12-21T14:07:24.405+0000] {logging_mixin.py:151} INFO - 🔍 VÉRIFICATION DE L'INFRASTRUCTURE
[2025-12-21T14:07:24.407+0000] {logging_mixin.py:151} INFO - ======================================================================
[2025-12-21T14:07:24.411+0000] {logging_mixin.py:151} INFO - ✅ Kafka           - kafka:29092 - OK
[2025-12-21T14:07:24.414+0000] {logging_mixin.py:151} INFO - ✅ MinIO           - minio:9000 - OK
[2025-12-21T14:07:24.417+0000] {logging_mixin.py:151} INFO - ✅ PostgreSQL      - postgres:5432 - OK
[2025-12-21T14:07:24.420+0000] {logging_mixin.py:151} INFO - ✅ Cassandra       - cassandra:9042 - OK
[2025-12-21T14:07:24.429+0000] {logging_mixin.py:151} INFO - ✅ Spark Master    - spark-master:7077 - OK
[2025-12-21T14:07:24.431+0000] {logging_mixin.py:151} INFO - 
======================================================================
[2025-12-21T14:07:24.433+0000] {logging_mixin.py:151} INFO - ✅ Infrastructure OK - Pipeline peut démarrer
[2025-12-21T14:07:24.435+0000] {python.py:194} INFO - Done. Returned value was: True
[2025-12-21T14:07:24.968+0000] {taskinstance.py:1400} INFO - Marking task as SUCCESS. dag_id=energy_complete_pipeline_orchestration, task_id=check_infrastructure, execution_date=20251221T133000, start_date=20251221T140722, end_date=20251221T140724
[2025-12-21T14:07:25.075+0000] {local_task_job_runner.py:228} INFO - Task exited with return code 0
[2025-12-21T14:07:25.284+0000] {taskinstance.py:2784} INFO - 1 downstream tasks scheduled from follow-on schedule check
