[2025-12-22T11:07:08.554+0000] {taskinstance.py:1159} INFO - Dependencies all met for dep_context=non-requeueable deps ti=<TaskInstance: energy_complete_pipeline_orchestration.check_producer_api_kafka scheduled__2025-12-22T10:30:00+00:00 [queued]>
[2025-12-22T11:07:08.762+0000] {taskinstance.py:1159} INFO - Dependencies all met for dep_context=requeueable deps ti=<TaskInstance: energy_complete_pipeline_orchestration.check_producer_api_kafka scheduled__2025-12-22T10:30:00+00:00 [queued]>
[2025-12-22T11:07:08.769+0000] {taskinstance.py:1361} INFO - Starting attempt 1 of 3
[2025-12-22T11:07:09.637+0000] {taskinstance.py:1382} INFO - Executing <Task(PythonOperator): check_producer_api_kafka> on 2025-12-22 10:30:00+00:00
[2025-12-22T11:07:09.759+0000] {standard_task_runner.py:57} INFO - Started process 780 to run task
[2025-12-22T11:07:09.904+0000] {standard_task_runner.py:84} INFO - Running: ['airflow', 'tasks', 'run', 'energy_complete_pipeline_orchestration', 'check_producer_api_kafka', 'scheduled__2025-12-22T10:30:00+00:00', '--job-id', '138', '--raw', '--subdir', 'DAGS_FOLDER/energy_pipeline_orchestration.py', '--cfg-path', '/tmp/tmpc5e8_rx_']
[2025-12-22T11:07:09.951+0000] {standard_task_runner.py:85} INFO - Job 138: Subtask check_producer_api_kafka
[2025-12-22T11:07:16.901+0000] {task_command.py:415} INFO - Running <TaskInstance: energy_complete_pipeline_orchestration.check_producer_api_kafka scheduled__2025-12-22T10:30:00+00:00 [running]> on host 1fdfe70c11b0
[2025-12-22T11:07:35.568+0000] {taskinstance.py:1660} INFO - Exporting env vars: AIRFLOW_CTX_DAG_OWNER='energy_team' AIRFLOW_CTX_DAG_ID='energy_complete_pipeline_orchestration' AIRFLOW_CTX_TASK_ID='check_producer_api_kafka' AIRFLOW_CTX_EXECUTION_DATE='2025-12-22T10:30:00+00:00' AIRFLOW_CTX_TRY_NUMBER='1' AIRFLOW_CTX_DAG_RUN_ID='scheduled__2025-12-22T10:30:00+00:00'
[2025-12-22T11:07:35.594+0000] {logging_mixin.py:151} INFO - 
======================================================================
[2025-12-22T11:07:35.629+0000] {logging_mixin.py:151} INFO - 📡 VÉRIFICATION DU PRODUCER (API → KAFKA)
[2025-12-22T11:07:35.644+0000] {logging_mixin.py:151} INFO - ======================================================================
[2025-12-22T11:07:41.533+0000] {logging_mixin.py:151} INFO - ✅ Producer container est actif
[2025-12-22T11:07:43.956+0000] {logging_mixin.py:151} INFO - ⚠️ Erreurs détectées dans les logs du producer
[2025-12-22T11:07:43.977+0000] {logging_mixin.py:151} INFO - HTTPSConnection(host='api.electricitymap.org', port=443): Failed to resolve 'api.electricitymap.org' ([Errno -2] Name or service not known)"))
⚠️ Aucune donnée mix pour GB
 Erreur API carbone GB: HTTPSConnectionPool(host='api.electricitymap.org', port=443): Max retries exceeded with url: /v3/carbon-intensity/latest?zone=GB (Caused by NameResolutionError("HTTPSConnection(host='api.electricitymap.org', port=443): Failed to resolve 'api.electricitymap.org' ([Errno -2] Name or service not known)"))
[2025-12-22T11:07:43.990+0000] {python.py:194} INFO - Done. Returned value was: False
[2025-12-22T11:07:54.751+0000] {taskinstance.py:1400} INFO - Marking task as SUCCESS. dag_id=energy_complete_pipeline_orchestration, task_id=check_producer_api_kafka, execution_date=20251222T103000, start_date=20251222T110708, end_date=20251222T110754
[2025-12-22T11:07:55.912+0000] {local_task_job_runner.py:228} INFO - Task exited with return code 0
[2025-12-22T11:07:59.722+0000] {taskinstance.py:2784} INFO - 0 downstream tasks scheduled from follow-on schedule check
