[2025-12-22T12:02:03.333+0000] {taskinstance.py:1159} INFO - Dependencies all met for dep_context=non-requeueable deps ti=<TaskInstance: energy_complete_pipeline_orchestration.verify_postgresql_cassandra manual__2025-12-22T11:54:05.683729+00:00 [queued]>
[2025-12-22T12:02:03.434+0000] {taskinstance.py:1159} INFO - Dependencies all met for dep_context=requeueable deps ti=<TaskInstance: energy_complete_pipeline_orchestration.verify_postgresql_cassandra manual__2025-12-22T11:54:05.683729+00:00 [queued]>
[2025-12-22T12:02:03.456+0000] {taskinstance.py:1361} INFO - Starting attempt 1 of 3
[2025-12-22T12:02:03.803+0000] {taskinstance.py:1382} INFO - Executing <Task(PythonOperator): verify_postgresql_cassandra> on 2025-12-22 11:54:05.683729+00:00
[2025-12-22T12:02:03.839+0000] {standard_task_runner.py:57} INFO - Started process 717 to run task
[2025-12-22T12:02:03.861+0000] {standard_task_runner.py:84} INFO - Running: ['airflow', 'tasks', 'run', 'energy_complete_pipeline_orchestration', 'verify_postgresql_cassandra', 'manual__2025-12-22T11:54:05.683729+00:00', '--job-id', '171', '--raw', '--subdir', 'DAGS_FOLDER/energy_pipeline_orchestration.py', '--cfg-path', '/tmp/tmpp1kd7rfn']
[2025-12-22T12:02:03.868+0000] {standard_task_runner.py:85} INFO - Job 171: Subtask verify_postgresql_cassandra
[2025-12-22T12:02:06.208+0000] {task_command.py:415} INFO - Running <TaskInstance: energy_complete_pipeline_orchestration.verify_postgresql_cassandra manual__2025-12-22T11:54:05.683729+00:00 [running]> on host 1fdfe70c11b0
[2025-12-22T12:02:11.138+0000] {taskinstance.py:1660} INFO - Exporting env vars: AIRFLOW_CTX_DAG_OWNER='energy_team' AIRFLOW_CTX_DAG_ID='energy_complete_pipeline_orchestration' AIRFLOW_CTX_TASK_ID='verify_postgresql_cassandra' AIRFLOW_CTX_EXECUTION_DATE='2025-12-22T11:54:05.683729+00:00' AIRFLOW_CTX_TRY_NUMBER='1' AIRFLOW_CTX_DAG_RUN_ID='manual__2025-12-22T11:54:05.683729+00:00'
[2025-12-22T12:02:11.148+0000] {logging_mixin.py:151} INFO - 
======================================================================
[2025-12-22T12:02:11.149+0000] {logging_mixin.py:151} INFO - 🔄 VÉRIFICATION POSTGRESQL → CASSANDRA
[2025-12-22T12:02:11.171+0000] {logging_mixin.py:151} INFO - ======================================================================
[2025-12-22T12:02:16.990+0000] {logging_mixin.py:151} INFO - ✅ Keyspace 'energie' existe
[2025-12-22T12:02:25.763+0000] {logging_mixin.py:151} INFO - ✅ Données présentes dans Cassandra (energie.mix_energie)
[2025-12-22T12:02:25.766+0000] {logging_mixin.py:151} INFO -    Total: 100 enregistrements
[2025-12-22T12:02:25.781+0000] {python.py:194} INFO - Done. Returned value was: True
[2025-12-22T12:02:30.434+0000] {taskinstance.py:1400} INFO - Marking task as SUCCESS. dag_id=energy_complete_pipeline_orchestration, task_id=verify_postgresql_cassandra, execution_date=20251222T115405, start_date=20251222T120203, end_date=20251222T120230
[2025-12-22T12:02:31.047+0000] {local_task_job_runner.py:228} INFO - Task exited with return code 0
[2025-12-22T12:02:33.204+0000] {taskinstance.py:2784} INFO - 0 downstream tasks scheduled from follow-on schedule check
