[2025-12-22T12:42:12.941+0000] {taskinstance.py:1159} INFO - Dependencies all met for dep_context=non-requeueable deps ti=<TaskInstance: energy_complete_pipeline_orchestration.check_infrastructure manual__2025-12-22T12:41:10.644819+00:00 [queued]>
[2025-12-22T12:42:13.009+0000] {taskinstance.py:1159} INFO - Dependencies all met for dep_context=requeueable deps ti=<TaskInstance: energy_complete_pipeline_orchestration.check_infrastructure manual__2025-12-22T12:41:10.644819+00:00 [queued]>
[2025-12-22T12:42:13.012+0000] {taskinstance.py:1361} INFO - Starting attempt 1 of 3
[2025-12-22T12:42:13.114+0000] {taskinstance.py:1382} INFO - Executing <Task(PythonOperator): check_infrastructure> on 2025-12-22 12:41:10.644819+00:00
[2025-12-22T12:42:13.154+0000] {standard_task_runner.py:57} INFO - Started process 1202 to run task
[2025-12-22T12:42:13.225+0000] {standard_task_runner.py:84} INFO - Running: ['airflow', 'tasks', 'run', 'energy_complete_pipeline_orchestration', 'check_infrastructure', 'manual__2025-12-22T12:41:10.644819+00:00', '--job-id', '192', '--raw', '--subdir', 'DAGS_FOLDER/energy_pipeline_orchestration.py', '--cfg-path', '/tmp/tmpta6317yf']
[2025-12-22T12:42:13.240+0000] {standard_task_runner.py:85} INFO - Job 192: Subtask check_infrastructure
[2025-12-22T12:42:17.207+0000] {task_command.py:415} INFO - Running <TaskInstance: energy_complete_pipeline_orchestration.check_infrastructure manual__2025-12-22T12:41:10.644819+00:00 [running]> on host 1fdfe70c11b0
[2025-12-22T12:42:21.412+0000] {taskinstance.py:1660} INFO - Exporting env vars: AIRFLOW_CTX_DAG_OWNER='energy_team' AIRFLOW_CTX_DAG_ID='energy_complete_pipeline_orchestration' AIRFLOW_CTX_TASK_ID='check_infrastructure' AIRFLOW_CTX_EXECUTION_DATE='2025-12-22T12:41:10.644819+00:00' AIRFLOW_CTX_TRY_NUMBER='1' AIRFLOW_CTX_DAG_RUN_ID='manual__2025-12-22T12:41:10.644819+00:00'
[2025-12-22T12:42:21.416+0000] {logging_mixin.py:151} INFO - 
======================================================================
[2025-12-22T12:42:21.418+0000] {logging_mixin.py:151} INFO - 🔍 VÉRIFICATION DE L'INFRASTRUCTURE
[2025-12-22T12:42:21.428+0000] {logging_mixin.py:151} INFO - ======================================================================
[2025-12-22T12:42:24.155+0000] {logging_mixin.py:151} INFO - ✅ Kafka           - kafka:29092 - OK
[2025-12-22T12:42:25.460+0000] {logging_mixin.py:151} INFO - ✅ MinIO           - minio:9000 - OK
[2025-12-22T12:42:25.892+0000] {logging_mixin.py:151} INFO - ✅ PostgreSQL      - postgres:5432 - OK
[2025-12-22T12:42:25.907+0000] {logging_mixin.py:151} INFO - ✅ Cassandra       - cassandra:9042 - OK
[2025-12-22T12:42:25.910+0000] {logging_mixin.py:151} INFO - ✅ Spark Master    - spark-master:7077 - OK
[2025-12-22T12:42:25.911+0000] {logging_mixin.py:151} INFO - 
======================================================================
[2025-12-22T12:42:25.912+0000] {logging_mixin.py:151} INFO - ✅ Infrastructure OK - Pipeline peut démarrer
[2025-12-22T12:42:25.913+0000] {python.py:194} INFO - Done. Returned value was: True
[2025-12-22T12:42:27.984+0000] {taskinstance.py:1400} INFO - Marking task as SUCCESS. dag_id=energy_complete_pipeline_orchestration, task_id=check_infrastructure, execution_date=20251222T124110, start_date=20251222T124212, end_date=20251222T124227
[2025-12-22T12:42:28.419+0000] {local_task_job_runner.py:228} INFO - Task exited with return code 0
[2025-12-22T12:42:29.827+0000] {taskinstance.py:2784} INFO - 0 downstream tasks scheduled from follow-on schedule check
