[2025-12-21T12:00:33.317+0000] {taskinstance.py:1159} INFO - Dependencies all met for dep_context=non-requeueable deps ti=<TaskInstance: simple_energy_data_verification.analyze_by_zone scheduled__2025-12-21T11:00:00+00:00 [queued]>
[2025-12-21T12:00:33.344+0000] {taskinstance.py:1159} INFO - Dependencies all met for dep_context=requeueable deps ti=<TaskInstance: simple_energy_data_verification.analyze_by_zone scheduled__2025-12-21T11:00:00+00:00 [queued]>
[2025-12-21T12:00:33.346+0000] {taskinstance.py:1361} INFO - Starting attempt 1 of 2
[2025-12-21T12:00:34.467+0000] {taskinstance.py:1382} INFO - Executing <Task(PythonOperator): analyze_by_zone> on 2025-12-21 11:00:00+00:00
[2025-12-21T12:00:34.489+0000] {standard_task_runner.py:57} INFO - Started process 2096 to run task
[2025-12-21T12:00:34.508+0000] {standard_task_runner.py:84} INFO - Running: ['airflow', 'tasks', 'run', 'simple_energy_data_verification', 'analyze_by_zone', 'scheduled__2025-12-21T11:00:00+00:00', '--job-id', '55', '--raw', '--subdir', 'DAGS_FOLDER/energy_data_flow_orchestration.py', '--cfg-path', '/tmp/tmpu0v6k6m6']
[2025-12-21T12:00:34.529+0000] {standard_task_runner.py:85} INFO - Job 55: Subtask analyze_by_zone
[2025-12-21T12:00:35.572+0000] {task_command.py:415} INFO - Running <TaskInstance: simple_energy_data_verification.analyze_by_zone scheduled__2025-12-21T11:00:00+00:00 [running]> on host 1fdfe70c11b0
[2025-12-21T12:00:37.420+0000] {taskinstance.py:1660} INFO - Exporting env vars: AIRFLOW_CTX_DAG_OWNER='energy_team' AIRFLOW_CTX_DAG_ID='simple_energy_data_verification' AIRFLOW_CTX_TASK_ID='analyze_by_zone' AIRFLOW_CTX_EXECUTION_DATE='2025-12-21T11:00:00+00:00' AIRFLOW_CTX_TRY_NUMBER='1' AIRFLOW_CTX_DAG_RUN_ID='scheduled__2025-12-21T11:00:00+00:00'
[2025-12-21T12:00:37.425+0000] {logging_mixin.py:151} INFO - 
============================================================
[2025-12-21T12:00:37.426+0000] {logging_mixin.py:151} INFO - 📈 ANALYSE PAR ZONE
[2025-12-21T12:00:37.427+0000] {logging_mixin.py:151} INFO - ============================================================
[2025-12-21T12:00:38.338+0000] {base.py:73} INFO - Using connection ID 'postgres_energie' for task execution.
[2025-12-21T12:00:38.904+0000] {sql.py:418} INFO - Running statement: 
            SELECT COUNT(*) 
            FROM information_schema.tables 
            WHERE table_name = 'mix_energie_table'
        , parameters: None
[2025-12-21T12:00:38.985+0000] {sql.py:427} INFO - Rows affected: 1
[2025-12-21T12:00:39.507+0000] {base.py:73} INFO - Using connection ID 'postgres_energie' for task execution.
[2025-12-21T12:00:39.714+0000] {sql.py:418} INFO - Running statement: 
            SELECT 
                zone,
                COUNT(*) as nb_records,
                ROUND(AVG(production_total)::numeric, 2) as avg_production,
                ROUND(AVG(renewable_percentage)::numeric, 2) as avg_renewable,
                ROUND(AVG(fossil_free_percentage)::numeric, 2) as avg_fossil_free
            FROM mix_energie_table
            WHERE datetime >= CURRENT_DATE - INTERVAL '7 days'
            GROUP BY zone
            ORDER BY nb_records DESC
        , parameters: None
[2025-12-21T12:00:39.730+0000] {sql.py:427} INFO - Rows affected: 10
[2025-12-21T12:00:40.374+0000] {logging_mixin.py:151} INFO - Zone | Records | Prod Avg | Renewable% | Fossil-Free%
[2025-12-21T12:00:40.375+0000] {logging_mixin.py:151} INFO - ------------------------------------------------------------
[2025-12-21T12:00:40.378+0000] {logging_mixin.py:151} INFO - PT   |      72 |     7814 |       98.2 |         85.2
[2025-12-21T12:00:40.379+0000] {logging_mixin.py:151} INFO - CA-ON |      72 |    16410 |       36.8 |         89.1
[2025-12-21T12:00:40.381+0000] {logging_mixin.py:151} INFO - IT   |      72 |    30340 |       34.6 |         49.1
[2025-12-21T12:00:40.382+0000] {logging_mixin.py:151} INFO - DE   |      71 |    57668 |       45.1 |         55.6
[2025-12-21T12:00:40.383+0000] {logging_mixin.py:151} INFO - ES   |      71 |    31613 |       43.0 |         78.0
[2025-12-21T12:00:40.390+0000] {logging_mixin.py:151} INFO - GB   |      71 |    38388 |       56.8 |         73.7
[2025-12-21T12:00:40.391+0000] {logging_mixin.py:151} INFO - FR   |      70 |    86915 |       22.9 |         97.5
[2025-12-21T12:00:40.392+0000] {logging_mixin.py:151} INFO - SE   |      70 |    18694 |       52.0 |        100.0
[2025-12-21T12:00:40.396+0000] {logging_mixin.py:151} INFO - NO   |      70 |    23270 |       88.5 |         99.0
[2025-12-21T12:00:40.399+0000] {logging_mixin.py:151} INFO - MA   |      67 |     2796 |       30.8 |         18.2
[2025-12-21T12:00:40.401+0000] {logging_mixin.py:151} INFO - 
✅ Analyse terminée
[2025-12-21T12:00:40.403+0000] {logging_mixin.py:151} INFO - ============================================================
[2025-12-21T12:00:40.406+0000] {python.py:194} INFO - Done. Returned value was: {'status': 'success', 'zones': 10}
[2025-12-21T12:00:40.991+0000] {taskinstance.py:1400} INFO - Marking task as SUCCESS. dag_id=simple_energy_data_verification, task_id=analyze_by_zone, execution_date=20251221T110000, start_date=20251221T120033, end_date=20251221T120040
[2025-12-21T12:00:42.089+0000] {local_task_job_runner.py:228} INFO - Task exited with return code 0
[2025-12-21T12:00:42.489+0000] {taskinstance.py:2784} INFO - 0 downstream tasks scheduled from follow-on schedule check
