[2025-12-22T12:26:57.577+0000] {taskinstance.py:1159} INFO - Dependencies all met for dep_context=non-requeueable deps ti=<TaskInstance: energy_complete_pipeline_orchestration.verify_postgresql_cassandra manual__2025-12-22T12:11:07.973642+00:00 [queued]>
[2025-12-22T12:26:57.616+0000] {taskinstance.py:1159} INFO - Dependencies all met for dep_context=requeueable deps ti=<TaskInstance: energy_complete_pipeline_orchestration.verify_postgresql_cassandra manual__2025-12-22T12:11:07.973642+00:00 [queued]>
[2025-12-22T12:26:57.822+0000] {taskinstance.py:1361} INFO - Starting attempt 1 of 3
[2025-12-22T12:26:58.592+0000] {taskinstance.py:1382} INFO - Executing <Task(PythonOperator): verify_postgresql_cassandra> on 2025-12-22 12:11:07.973642+00:00
[2025-12-22T12:26:58.706+0000] {standard_task_runner.py:57} INFO - Started process 1003 to run task
[2025-12-22T12:26:58.715+0000] {standard_task_runner.py:84} INFO - Running: ['airflow', 'tasks', 'run', 'energy_complete_pipeline_orchestration', 'verify_postgresql_cassandra', 'manual__2025-12-22T12:11:07.973642+00:00', '--job-id', '183', '--raw', '--subdir', 'DAGS_FOLDER/energy_pipeline_orchestration.py', '--cfg-path', '/tmp/tmp5yi4_pcv']
[2025-12-22T12:26:58.771+0000] {standard_task_runner.py:85} INFO - Job 183: Subtask verify_postgresql_cassandra
[2025-12-22T12:27:08.423+0000] {task_command.py:415} INFO - Running <TaskInstance: energy_complete_pipeline_orchestration.verify_postgresql_cassandra manual__2025-12-22T12:11:07.973642+00:00 [running]> on host 1fdfe70c11b0
[2025-12-22T12:27:24.941+0000] {taskinstance.py:1660} INFO - Exporting env vars: AIRFLOW_CTX_DAG_OWNER='energy_team' AIRFLOW_CTX_DAG_ID='energy_complete_pipeline_orchestration' AIRFLOW_CTX_TASK_ID='verify_postgresql_cassandra' AIRFLOW_CTX_EXECUTION_DATE='2025-12-22T12:11:07.973642+00:00' AIRFLOW_CTX_TRY_NUMBER='1' AIRFLOW_CTX_DAG_RUN_ID='manual__2025-12-22T12:11:07.973642+00:00'
[2025-12-22T12:27:24.965+0000] {logging_mixin.py:151} INFO - 
======================================================================
[2025-12-22T12:27:24.981+0000] {logging_mixin.py:151} INFO - 🔄 VÉRIFICATION POSTGRESQL → CASSANDRA
[2025-12-22T12:27:24.985+0000] {logging_mixin.py:151} INFO - ======================================================================
[2025-12-22T12:27:45.996+0000] {logging_mixin.py:151} INFO - ✅ Keyspace 'energie' existe
[2025-12-22T12:27:57.099+0000] {logging_mixin.py:151} INFO - ✅ Données présentes dans Cassandra (energie.mix_energie)
[2025-12-22T12:27:57.133+0000] {logging_mixin.py:151} INFO -    Total: 100 enregistrements
[2025-12-22T12:27:57.242+0000] {python.py:194} INFO - Done. Returned value was: True
[2025-12-22T12:28:01.374+0000] {taskinstance.py:1400} INFO - Marking task as SUCCESS. dag_id=energy_complete_pipeline_orchestration, task_id=verify_postgresql_cassandra, execution_date=20251222T121107, start_date=20251222T122657, end_date=20251222T122801
[2025-12-22T12:28:17.337+0000] {local_task_job_runner.py:228} INFO - Task exited with return code 0
[2025-12-22T12:28:21.177+0000] {taskinstance.py:2784} INFO - 0 downstream tasks scheduled from follow-on schedule check
