[2025-12-21T12:00:11.558+0000] {taskinstance.py:1159} INFO - Dependencies all met for dep_context=non-requeueable deps ti=<TaskInstance: simple_energy_data_verification.count_postgresql_data scheduled__2025-12-21T11:00:00+00:00 [queued]>
[2025-12-21T12:00:11.597+0000] {taskinstance.py:1159} INFO - Dependencies all met for dep_context=requeueable deps ti=<TaskInstance: simple_energy_data_verification.count_postgresql_data scheduled__2025-12-21T11:00:00+00:00 [queued]>
[2025-12-21T12:00:11.604+0000] {taskinstance.py:1361} INFO - Starting attempt 1 of 2
[2025-12-21T12:00:12.324+0000] {taskinstance.py:1382} INFO - Executing <Task(PythonOperator): count_postgresql_data> on 2025-12-21 11:00:00+00:00
[2025-12-21T12:00:12.352+0000] {standard_task_runner.py:57} INFO - Started process 2094 to run task
[2025-12-21T12:00:12.365+0000] {standard_task_runner.py:84} INFO - Running: ['airflow', 'tasks', 'run', 'simple_energy_data_verification', 'count_postgresql_data', 'scheduled__2025-12-21T11:00:00+00:00', '--job-id', '54', '--raw', '--subdir', 'DAGS_FOLDER/energy_data_flow_orchestration.py', '--cfg-path', '/tmp/tmpgvxpyy7n']
[2025-12-21T12:00:12.370+0000] {standard_task_runner.py:85} INFO - Job 54: Subtask count_postgresql_data
[2025-12-21T12:00:13.451+0000] {task_command.py:415} INFO - Running <TaskInstance: simple_energy_data_verification.count_postgresql_data scheduled__2025-12-21T11:00:00+00:00 [running]> on host 1fdfe70c11b0
[2025-12-21T12:00:16.496+0000] {taskinstance.py:1660} INFO - Exporting env vars: AIRFLOW_CTX_DAG_OWNER='energy_team' AIRFLOW_CTX_DAG_ID='simple_energy_data_verification' AIRFLOW_CTX_TASK_ID='count_postgresql_data' AIRFLOW_CTX_EXECUTION_DATE='2025-12-21T11:00:00+00:00' AIRFLOW_CTX_TRY_NUMBER='1' AIRFLOW_CTX_DAG_RUN_ID='scheduled__2025-12-21T11:00:00+00:00'
[2025-12-21T12:00:16.510+0000] {logging_mixin.py:151} INFO - 
============================================================
[2025-12-21T12:00:16.525+0000] {logging_mixin.py:151} INFO - 📊 VÉRIFICATION DES DONNÉES POSTGRESQL
[2025-12-21T12:00:16.527+0000] {logging_mixin.py:151} INFO - ============================================================
[2025-12-21T12:00:17.739+0000] {base.py:73} INFO - Using connection ID 'postgres_energie' for task execution.
[2025-12-21T12:00:18.529+0000] {sql.py:418} INFO - Running statement: SELECT COUNT(*) FROM mix_energie_table, parameters: None
[2025-12-21T12:00:19.132+0000] {sql.py:427} INFO - Rows affected: 1
[2025-12-21T12:00:19.136+0000] {logging_mixin.py:151} INFO - ✅ mix_energie_table: 706 enregistrements
[2025-12-21T12:00:19.565+0000] {base.py:73} INFO - Using connection ID 'postgres_energie' for task execution.
[2025-12-21T12:00:19.948+0000] {sql.py:418} INFO - Running statement: SELECT COUNT(*) FROM carbone_energie_table, parameters: None
[2025-12-21T12:00:19.965+0000] {sql.py:427} INFO - Rows affected: 1
[2025-12-21T12:00:19.967+0000] {logging_mixin.py:151} INFO - ✅ carbone_energie_table: 706 enregistrements
[2025-12-21T12:00:20.171+0000] {base.py:73} INFO - Using connection ID 'postgres_energie' for task execution.
[2025-12-21T12:00:20.341+0000] {sql.py:418} INFO - Running statement: SELECT MAX(processing_time) FROM mix_energie_table, parameters: None
[2025-12-21T12:00:20.426+0000] {sql.py:427} INFO - Rows affected: 1
[2025-12-21T12:00:20.431+0000] {logging_mixin.py:151} INFO - 🕐 Dernière mise à jour: 2025-12-21 11:06:39.849427
[2025-12-21T12:00:21.032+0000] {base.py:73} INFO - Using connection ID 'postgres_energie' for task execution.
[2025-12-21T12:00:21.224+0000] {sql.py:418} INFO - Running statement: 
                    SELECT COUNT(*) FROM mix_energie_table 
                    WHERE processing_time > NOW() - INTERVAL '24 hours'
                , parameters: None
[2025-12-21T12:00:21.918+0000] {sql.py:427} INFO - Rows affected: 1
[2025-12-21T12:00:21.920+0000] {logging_mixin.py:151} INFO - 📅 Données récentes (24h): 706 enregistrements
[2025-12-21T12:00:22.207+0000] {base.py:73} INFO - Using connection ID 'postgres_energie' for task execution.
[2025-12-21T12:00:22.449+0000] {sql.py:418} INFO - Running statement: 
                    SELECT zone, COUNT(*) as count 
                    FROM mix_energie_table 
                    GROUP BY zone 
                    ORDER BY count DESC 
                    LIMIT 10
                , parameters: None
[2025-12-21T12:00:22.473+0000] {sql.py:427} INFO - Rows affected: 10
[2025-12-21T12:00:22.474+0000] {logging_mixin.py:151} INFO - 
🌍 TOP 10 ZONES:
[2025-12-21T12:00:22.480+0000] {logging_mixin.py:151} INFO -    PT: 72 enregistrements
[2025-12-21T12:00:22.484+0000] {logging_mixin.py:151} INFO -    CA-ON: 72 enregistrements
[2025-12-21T12:00:22.486+0000] {logging_mixin.py:151} INFO -    IT: 72 enregistrements
[2025-12-21T12:00:22.488+0000] {logging_mixin.py:151} INFO -    DE: 71 enregistrements
[2025-12-21T12:00:22.489+0000] {logging_mixin.py:151} INFO -    ES: 71 enregistrements
[2025-12-21T12:00:22.494+0000] {logging_mixin.py:151} INFO -    GB: 71 enregistrements
[2025-12-21T12:00:22.495+0000] {logging_mixin.py:151} INFO -    FR: 70 enregistrements
[2025-12-21T12:00:22.496+0000] {logging_mixin.py:151} INFO -    SE: 70 enregistrements
[2025-12-21T12:00:22.497+0000] {logging_mixin.py:151} INFO -    NO: 70 enregistrements
[2025-12-21T12:00:22.499+0000] {logging_mixin.py:151} INFO -    MA: 67 enregistrements
[2025-12-21T12:00:22.501+0000] {logging_mixin.py:151} INFO - 
✅ TOTAL: 1,412 enregistrements
[2025-12-21T12:00:22.502+0000] {logging_mixin.py:151} INFO - ============================================================
[2025-12-21T12:00:22.504+0000] {python.py:194} INFO - Done. Returned value was: {'mix': 706, 'carbone': 706, 'total': 1412}
[2025-12-21T12:00:24.955+0000] {taskinstance.py:1400} INFO - Marking task as SUCCESS. dag_id=simple_energy_data_verification, task_id=count_postgresql_data, execution_date=20251221T110000, start_date=20251221T120011, end_date=20251221T120024
[2025-12-21T12:00:25.704+0000] {local_task_job_runner.py:228} INFO - Task exited with return code 0
[2025-12-21T12:00:26.584+0000] {taskinstance.py:2784} INFO - 0 downstream tasks scheduled from follow-on schedule check
