[2025-12-21T13:12:25.289+0000] {taskinstance.py:1159} INFO - Dependencies all met for dep_context=non-requeueable deps ti=<TaskInstance: energy_complete_pipeline_orchestration.check_infrastructure manual__2025-12-21T12:52:35.560354+00:00 [queued]>
[2025-12-21T13:12:25.314+0000] {taskinstance.py:1159} INFO - Dependencies all met for dep_context=requeueable deps ti=<TaskInstance: energy_complete_pipeline_orchestration.check_infrastructure manual__2025-12-21T12:52:35.560354+00:00 [queued]>
[2025-12-21T13:12:25.316+0000] {taskinstance.py:1361} INFO - Starting attempt 1 of 3
[2025-12-21T13:12:25.389+0000] {taskinstance.py:1382} INFO - Executing <Task(PythonOperator): check_infrastructure> on 2025-12-21 12:52:35.560354+00:00
[2025-12-21T13:12:25.414+0000] {standard_task_runner.py:57} INFO - Started process 976 to run task
[2025-12-21T13:12:25.426+0000] {standard_task_runner.py:84} INFO - Running: ['airflow', 'tasks', 'run', 'energy_complete_pipeline_orchestration', 'check_infrastructure', 'manual__2025-12-21T12:52:35.560354+00:00', '--job-id', '68', '--raw', '--subdir', 'DAGS_FOLDER/energy_pipeline_orchestration.py', '--cfg-path', '/tmp/tmpf_f0yja2']
[2025-12-21T13:12:25.433+0000] {standard_task_runner.py:85} INFO - Job 68: Subtask check_infrastructure
[2025-12-21T13:12:26.101+0000] {task_command.py:415} INFO - Running <TaskInstance: energy_complete_pipeline_orchestration.check_infrastructure manual__2025-12-21T12:52:35.560354+00:00 [running]> on host 1fdfe70c11b0
[2025-12-21T13:12:29.301+0000] {taskinstance.py:1660} INFO - Exporting env vars: AIRFLOW_CTX_DAG_OWNER='energy_team' AIRFLOW_CTX_DAG_ID='energy_complete_pipeline_orchestration' AIRFLOW_CTX_TASK_ID='check_infrastructure' AIRFLOW_CTX_EXECUTION_DATE='2025-12-21T12:52:35.560354+00:00' AIRFLOW_CTX_TRY_NUMBER='1' AIRFLOW_CTX_DAG_RUN_ID='manual__2025-12-21T12:52:35.560354+00:00'
[2025-12-21T13:12:29.325+0000] {logging_mixin.py:151} INFO - 
======================================================================
[2025-12-21T13:12:29.327+0000] {logging_mixin.py:151} INFO - 🔍 VÉRIFICATION DE L'INFRASTRUCTURE
[2025-12-21T13:12:29.328+0000] {logging_mixin.py:151} INFO - ======================================================================
[2025-12-21T13:12:29.426+0000] {logging_mixin.py:151} INFO - ✅ Kafka           - kafka:29092 - OK
[2025-12-21T13:12:29.428+0000] {logging_mixin.py:151} INFO - ✅ MinIO           - minio:9000 - OK
[2025-12-21T13:12:29.431+0000] {logging_mixin.py:151} INFO - ✅ PostgreSQL      - postgres:5432 - OK
[2025-12-21T13:12:29.433+0000] {logging_mixin.py:151} INFO - ✅ Cassandra       - cassandra:9042 - OK
[2025-12-21T13:12:29.437+0000] {logging_mixin.py:151} INFO - ✅ Spark Master    - spark-master:7077 - OK
[2025-12-21T13:12:29.440+0000] {logging_mixin.py:151} INFO - 
======================================================================
[2025-12-21T13:12:29.445+0000] {logging_mixin.py:151} INFO - ✅ Infrastructure OK - Pipeline peut démarrer
[2025-12-21T13:12:29.446+0000] {python.py:194} INFO - Done. Returned value was: True
[2025-12-21T13:12:31.080+0000] {taskinstance.py:1400} INFO - Marking task as SUCCESS. dag_id=energy_complete_pipeline_orchestration, task_id=check_infrastructure, execution_date=20251221T125235, start_date=20251221T131225, end_date=20251221T131231
[2025-12-21T13:12:31.459+0000] {local_task_job_runner.py:228} INFO - Task exited with return code 0
[2025-12-21T13:12:32.162+0000] {taskinstance.py:2784} INFO - 0 downstream tasks scheduled from follow-on schedule check
