[2025-12-22T11:55:50.589+0000] {taskinstance.py:1159} INFO - Dependencies all met for dep_context=non-requeueable deps ti=<TaskInstance: energy_complete_pipeline_orchestration.check_spark_postgresql manual__2025-12-22T11:51:09.018032+00:00 [queued]>
[2025-12-22T11:55:50.660+0000] {taskinstance.py:1159} INFO - Dependencies all met for dep_context=requeueable deps ti=<TaskInstance: energy_complete_pipeline_orchestration.check_spark_postgresql manual__2025-12-22T11:51:09.018032+00:00 [queued]>
[2025-12-22T11:55:50.684+0000] {taskinstance.py:1361} INFO - Starting attempt 1 of 3
[2025-12-22T11:55:51.024+0000] {taskinstance.py:1382} INFO - Executing <Task(PythonOperator): check_spark_postgresql> on 2025-12-22 11:51:09.018032+00:00
[2025-12-22T11:55:51.050+0000] {standard_task_runner.py:57} INFO - Started process 930 to run task
[2025-12-22T11:55:51.059+0000] {standard_task_runner.py:84} INFO - Running: ['airflow', 'tasks', 'run', 'energy_complete_pipeline_orchestration', 'check_spark_postgresql', 'manual__2025-12-22T11:51:09.018032+00:00', '--job-id', '162', '--raw', '--subdir', 'DAGS_FOLDER/energy_pipeline_orchestration.py', '--cfg-path', '/tmp/tmpp0qwb219']
[2025-12-22T11:55:51.079+0000] {standard_task_runner.py:85} INFO - Job 162: Subtask check_spark_postgresql
[2025-12-22T11:55:54.913+0000] {task_command.py:415} INFO - Running <TaskInstance: energy_complete_pipeline_orchestration.check_spark_postgresql manual__2025-12-22T11:51:09.018032+00:00 [running]> on host 1fdfe70c11b0
[2025-12-22T11:56:04.575+0000] {taskinstance.py:1660} INFO - Exporting env vars: AIRFLOW_CTX_DAG_OWNER='energy_team' AIRFLOW_CTX_DAG_ID='energy_complete_pipeline_orchestration' AIRFLOW_CTX_TASK_ID='check_spark_postgresql' AIRFLOW_CTX_EXECUTION_DATE='2025-12-22T11:51:09.018032+00:00' AIRFLOW_CTX_TRY_NUMBER='1' AIRFLOW_CTX_DAG_RUN_ID='manual__2025-12-22T11:51:09.018032+00:00'
[2025-12-22T11:56:04.830+0000] {logging_mixin.py:151} INFO - 
======================================================================
[2025-12-22T11:56:04.840+0000] {logging_mixin.py:151} INFO - ⚡ VÉRIFICATION SPARK STREAMING → POSTGRESQL
[2025-12-22T11:56:04.843+0000] {logging_mixin.py:151} INFO - ======================================================================
[2025-12-22T11:56:07.298+0000] {base.py:73} INFO - Using connection ID 'postgres_energie' for task execution.
[2025-12-22T11:56:08.531+0000] {sql.py:418} INFO - Running statement: SELECT COUNT(*) FROM mix_energie_table, parameters: None
[2025-12-22T11:56:08.556+0000] {sql.py:427} INFO - Rows affected: 1
[2025-12-22T11:56:09.131+0000] {base.py:73} INFO - Using connection ID 'postgres_energie' for task execution.
[2025-12-22T11:56:09.841+0000] {sql.py:418} INFO - Running statement: SELECT MAX(processing_time) FROM mix_energie_table, parameters: None
[2025-12-22T11:56:09.849+0000] {sql.py:427} INFO - Rows affected: 1
[2025-12-22T11:56:11.153+0000] {base.py:73} INFO - Using connection ID 'postgres_energie' for task execution.
[2025-12-22T11:56:13.172+0000] {sql.py:418} INFO - Running statement: 
                    SELECT COUNT(*) FROM mix_energie_table
                    WHERE processing_time > NOW() - INTERVAL '10 minutes'
                , parameters: None
[2025-12-22T11:56:13.251+0000] {sql.py:427} INFO - Rows affected: 1
[2025-12-22T11:56:13.265+0000] {logging_mixin.py:151} INFO - ✅ mix_energie_table:
[2025-12-22T11:56:13.281+0000] {logging_mixin.py:151} INFO -    Total: 1,432 enregistrements
[2025-12-22T11:56:13.314+0000] {logging_mixin.py:151} INFO -    Dernière mise à jour: 2025-12-21 14:10:41.641847
[2025-12-22T11:56:13.315+0000] {logging_mixin.py:151} INFO -    Nouveaux (10 min): 0
[2025-12-22T11:56:14.242+0000] {base.py:73} INFO - Using connection ID 'postgres_energie' for task execution.
[2025-12-22T11:56:16.063+0000] {sql.py:418} INFO - Running statement: SELECT COUNT(*) FROM carbone_energie_table, parameters: None
[2025-12-22T11:56:16.072+0000] {sql.py:427} INFO - Rows affected: 1
[2025-12-22T11:56:16.904+0000] {base.py:73} INFO - Using connection ID 'postgres_energie' for task execution.
[2025-12-22T11:56:19.205+0000] {sql.py:418} INFO - Running statement: SELECT MAX(processing_time) FROM carbone_energie_table, parameters: None
[2025-12-22T11:56:19.460+0000] {sql.py:427} INFO - Rows affected: 1
[2025-12-22T11:56:22.058+0000] {base.py:73} INFO - Using connection ID 'postgres_energie' for task execution.
[2025-12-22T11:56:25.321+0000] {sql.py:418} INFO - Running statement: 
                    SELECT COUNT(*) FROM carbone_energie_table
                    WHERE processing_time > NOW() - INTERVAL '10 minutes'
                , parameters: None
[2025-12-22T11:56:25.537+0000] {sql.py:427} INFO - Rows affected: 1
[2025-12-22T11:56:25.543+0000] {logging_mixin.py:151} INFO - ✅ carbone_energie_table:
[2025-12-22T11:56:25.552+0000] {logging_mixin.py:151} INFO -    Total: 1,428 enregistrements
[2025-12-22T11:56:25.561+0000] {logging_mixin.py:151} INFO -    Dernière mise à jour: 2025-12-21 14:10:40.937061
[2025-12-22T11:56:25.577+0000] {logging_mixin.py:151} INFO -    Nouveaux (10 min): 0
[2025-12-22T11:56:25.579+0000] {logging_mixin.py:151} INFO - 
✅ Spark Streaming vers PostgreSQL opérationnel
[2025-12-22T11:56:25.604+0000] {python.py:194} INFO - Done. Returned value was: True
[2025-12-22T11:56:32.474+0000] {taskinstance.py:1400} INFO - Marking task as SUCCESS. dag_id=energy_complete_pipeline_orchestration, task_id=check_spark_postgresql, execution_date=20251222T115109, start_date=20251222T115550, end_date=20251222T115632
[2025-12-22T11:56:37.506+0000] {local_task_job_runner.py:228} INFO - Task exited with return code 0
[2025-12-22T11:56:40.763+0000] {taskinstance.py:2784} INFO - 0 downstream tasks scheduled from follow-on schedule check
