[2025-12-20T21:56:41.446+0000] {taskinstance.py:1159} INFO - Dependencies all met for dep_context=non-requeueable deps ti=<TaskInstance: daily_pipeline_startup.start_all_services manual__2025-12-20T21:56:27.857062+00:00 [queued]>
[2025-12-20T21:56:41.498+0000] {taskinstance.py:1159} INFO - Dependencies all met for dep_context=requeueable deps ti=<TaskInstance: daily_pipeline_startup.start_all_services manual__2025-12-20T21:56:27.857062+00:00 [queued]>
[2025-12-20T21:56:41.501+0000] {taskinstance.py:1361} INFO - Starting attempt 1 of 2
[2025-12-20T21:56:41.623+0000] {taskinstance.py:1382} INFO - Executing <Task(PythonOperator): start_all_services> on 2025-12-20 21:56:27.857062+00:00
[2025-12-20T21:56:41.640+0000] {standard_task_runner.py:57} INFO - Started process 2444 to run task
[2025-12-20T21:56:41.651+0000] {standard_task_runner.py:84} INFO - Running: ['airflow', 'tasks', 'run', 'daily_pipeline_startup', 'start_all_services', 'manual__2025-12-20T21:56:27.857062+00:00', '--job-id', '20', '--raw', '--subdir', 'DAGS_FOLDER/energy_data_pipeline.py', '--cfg-path', '/tmp/tmpbo6vq_cs']
[2025-12-20T21:56:41.660+0000] {standard_task_runner.py:85} INFO - Job 20: Subtask start_all_services
[2025-12-20T21:56:44.172+0000] {task_command.py:415} INFO - Running <TaskInstance: daily_pipeline_startup.start_all_services manual__2025-12-20T21:56:27.857062+00:00 [running]> on host 678571ccefef
[2025-12-20T21:56:47.246+0000] {taskinstance.py:1660} INFO - Exporting env vars: AIRFLOW_CTX_DAG_EMAIL='admin@energy.com' AIRFLOW_CTX_DAG_OWNER='energy_team' AIRFLOW_CTX_DAG_ID='daily_pipeline_startup' AIRFLOW_CTX_TASK_ID='start_all_services' AIRFLOW_CTX_EXECUTION_DATE='2025-12-20T21:56:27.857062+00:00' AIRFLOW_CTX_TRY_NUMBER='1' AIRFLOW_CTX_DAG_RUN_ID='manual__2025-12-20T21:56:27.857062+00:00'
[2025-12-20T21:56:47.264+0000] {logging_mixin.py:151} INFO - 
======================================================================
[2025-12-20T21:56:47.271+0000] {logging_mixin.py:151} INFO - 🚀 DÉMARRAGE QUOTIDIEN DU PIPELINE - 2025-12-20 21:56:47
[2025-12-20T21:56:47.283+0000] {logging_mixin.py:151} INFO - ======================================================================
[2025-12-20T21:56:47.289+0000] {logging_mixin.py:151} INFO - 
📁 Dossier projet: /opt/airflow
[2025-12-20T21:56:47.298+0000] {logging_mixin.py:151} INFO - 
🐳 Lancement de docker-compose up -d...
[2025-12-20T21:56:47.334+0000] {logging_mixin.py:151} INFO - 
❌ Erreur lors du démarrage: [Errno 13] Permission denied: 'docker-compose'
[2025-12-20T21:56:47.338+0000] {taskinstance.py:1943} ERROR - Task failed with exception
Traceback (most recent call last):
  File "/home/airflow/.local/lib/python3.8/site-packages/airflow/operators/python.py", line 192, in execute
    return_value = self.execute_callable()
  File "/home/airflow/.local/lib/python3.8/site-packages/airflow/operators/python.py", line 209, in execute_callable
    return self.python_callable(*self.op_args, **self.op_kwargs)
  File "/opt/airflow/dags/energy_data_pipeline.py", line 52, in start_all_services
    result = subprocess.run(
  File "/usr/local/lib/python3.8/subprocess.py", line 493, in run
    with Popen(*popenargs, **kwargs) as process:
  File "/usr/local/lib/python3.8/subprocess.py", line 858, in __init__
    self._execute_child(args, executable, preexec_fn, close_fds,
  File "/usr/local/lib/python3.8/subprocess.py", line 1720, in _execute_child
    raise child_exception_type(errno_num, err_msg, err_filename)
PermissionError: [Errno 13] Permission denied: 'docker-compose'
[2025-12-20T21:56:47.997+0000] {taskinstance.py:1400} INFO - Marking task as UP_FOR_RETRY. dag_id=daily_pipeline_startup, task_id=start_all_services, execution_date=20251220T215627, start_date=20251220T215641, end_date=20251220T215647
[2025-12-20T21:56:48.167+0000] {standard_task_runner.py:104} ERROR - Failed to execute job 20 for task start_all_services ([Errno 13] Permission denied: 'docker-compose'; 2444)
[2025-12-20T21:56:48.242+0000] {local_task_job_runner.py:228} INFO - Task exited with return code 1
[2025-12-20T21:56:49.064+0000] {taskinstance.py:2784} INFO - 0 downstream tasks scheduled from follow-on schedule check
