[2025-12-22T12:11:28.229+0000] {taskinstance.py:1159} INFO - Dependencies all met for dep_context=non-requeueable deps ti=<TaskInstance: energy_complete_pipeline_orchestration.check_infrastructure manual__2025-12-22T12:11:07.973642+00:00 [queued]>
[2025-12-22T12:11:28.337+0000] {taskinstance.py:1159} INFO - Dependencies all met for dep_context=requeueable deps ti=<TaskInstance: energy_complete_pipeline_orchestration.check_infrastructure manual__2025-12-22T12:11:07.973642+00:00 [queued]>
[2025-12-22T12:11:28.357+0000] {taskinstance.py:1361} INFO - Starting attempt 1 of 3
[2025-12-22T12:11:28.739+0000] {taskinstance.py:1382} INFO - Executing <Task(PythonOperator): check_infrastructure> on 2025-12-22 12:11:07.973642+00:00
[2025-12-22T12:11:28.805+0000] {standard_task_runner.py:57} INFO - Started process 879 to run task
[2025-12-22T12:11:28.843+0000] {standard_task_runner.py:84} INFO - Running: ['airflow', 'tasks', 'run', 'energy_complete_pipeline_orchestration', 'check_infrastructure', 'manual__2025-12-22T12:11:07.973642+00:00', '--job-id', '179', '--raw', '--subdir', 'DAGS_FOLDER/energy_pipeline_orchestration.py', '--cfg-path', '/tmp/tmpj53gtf2l']
[2025-12-22T12:11:28.879+0000] {standard_task_runner.py:85} INFO - Job 179: Subtask check_infrastructure
[2025-12-22T12:11:35.499+0000] {task_command.py:415} INFO - Running <TaskInstance: energy_complete_pipeline_orchestration.check_infrastructure manual__2025-12-22T12:11:07.973642+00:00 [running]> on host 1fdfe70c11b0
[2025-12-22T12:11:38.735+0000] {taskinstance.py:1660} INFO - Exporting env vars: AIRFLOW_CTX_DAG_OWNER='energy_team' AIRFLOW_CTX_DAG_ID='energy_complete_pipeline_orchestration' AIRFLOW_CTX_TASK_ID='check_infrastructure' AIRFLOW_CTX_EXECUTION_DATE='2025-12-22T12:11:07.973642+00:00' AIRFLOW_CTX_TRY_NUMBER='1' AIRFLOW_CTX_DAG_RUN_ID='manual__2025-12-22T12:11:07.973642+00:00'
[2025-12-22T12:11:38.740+0000] {logging_mixin.py:151} INFO - 
======================================================================
[2025-12-22T12:11:38.743+0000] {logging_mixin.py:151} INFO - 🔍 VÉRIFICATION DE L'INFRASTRUCTURE
[2025-12-22T12:11:38.746+0000] {logging_mixin.py:151} INFO - ======================================================================
[2025-12-22T12:11:38.767+0000] {logging_mixin.py:151} INFO - ✅ Kafka           - kafka:29092 - OK
[2025-12-22T12:11:38.795+0000] {logging_mixin.py:151} INFO - ✅ MinIO           - minio:9000 - OK
[2025-12-22T12:11:38.802+0000] {logging_mixin.py:151} INFO - ✅ PostgreSQL      - postgres:5432 - OK
[2025-12-22T12:11:38.823+0000] {logging_mixin.py:151} INFO - ✅ Cassandra       - cassandra:9042 - OK
[2025-12-22T12:11:38.826+0000] {logging_mixin.py:151} INFO - ✅ Spark Master    - spark-master:7077 - OK
[2025-12-22T12:11:38.829+0000] {logging_mixin.py:151} INFO - 
======================================================================
[2025-12-22T12:11:38.833+0000] {logging_mixin.py:151} INFO - ✅ Infrastructure OK - Pipeline peut démarrer
[2025-12-22T12:11:38.838+0000] {python.py:194} INFO - Done. Returned value was: True
[2025-12-22T12:11:40.368+0000] {taskinstance.py:1400} INFO - Marking task as SUCCESS. dag_id=energy_complete_pipeline_orchestration, task_id=check_infrastructure, execution_date=20251222T121107, start_date=20251222T121128, end_date=20251222T121140
[2025-12-22T12:11:40.533+0000] {local_task_job_runner.py:228} INFO - Task exited with return code 0
[2025-12-22T12:11:41.082+0000] {taskinstance.py:2784} INFO - 1 downstream tasks scheduled from follow-on schedule check
