[2025-12-21T15:18:15.027+0000] {taskinstance.py:1159} INFO - Dependencies all met for dep_context=non-requeueable deps ti=<TaskInstance: energy_complete_pipeline_orchestration.verify_postgresql_cassandra manual__2025-12-21T15:17:08.059112+00:00 [queued]>
[2025-12-21T15:18:15.115+0000] {taskinstance.py:1159} INFO - Dependencies all met for dep_context=requeueable deps ti=<TaskInstance: energy_complete_pipeline_orchestration.verify_postgresql_cassandra manual__2025-12-21T15:17:08.059112+00:00 [queued]>
[2025-12-21T15:18:15.117+0000] {taskinstance.py:1361} INFO - Starting attempt 1 of 3
[2025-12-21T15:18:15.188+0000] {taskinstance.py:1382} INFO - Executing <Task(PythonOperator): verify_postgresql_cassandra> on 2025-12-21 15:17:08.059112+00:00
[2025-12-21T15:18:15.212+0000] {standard_task_runner.py:57} INFO - Started process 733 to run task
[2025-12-21T15:18:15.233+0000] {standard_task_runner.py:84} INFO - Running: ['airflow', 'tasks', 'run', 'energy_complete_pipeline_orchestration', 'verify_postgresql_cassandra', 'manual__2025-12-21T15:17:08.059112+00:00', '--job-id', '114', '--raw', '--subdir', 'DAGS_FOLDER/energy_pipeline_orchestration.py', '--cfg-path', '/tmp/tmps1eya5ew']
[2025-12-21T15:18:15.247+0000] {standard_task_runner.py:85} INFO - Job 114: Subtask verify_postgresql_cassandra
[2025-12-21T15:18:16.203+0000] {task_command.py:415} INFO - Running <TaskInstance: energy_complete_pipeline_orchestration.verify_postgresql_cassandra manual__2025-12-21T15:17:08.059112+00:00 [running]> on host 1fdfe70c11b0
[2025-12-21T15:18:17.539+0000] {taskinstance.py:1660} INFO - Exporting env vars: AIRFLOW_CTX_DAG_OWNER='energy_team' AIRFLOW_CTX_DAG_ID='energy_complete_pipeline_orchestration' AIRFLOW_CTX_TASK_ID='verify_postgresql_cassandra' AIRFLOW_CTX_EXECUTION_DATE='2025-12-21T15:17:08.059112+00:00' AIRFLOW_CTX_TRY_NUMBER='1' AIRFLOW_CTX_DAG_RUN_ID='manual__2025-12-21T15:17:08.059112+00:00'
[2025-12-21T15:18:17.542+0000] {logging_mixin.py:151} INFO - 
======================================================================
[2025-12-21T15:18:17.543+0000] {logging_mixin.py:151} INFO - 🔄 VÉRIFICATION POSTGRESQL → CASSANDRA
[2025-12-21T15:18:17.544+0000] {logging_mixin.py:151} INFO - ======================================================================
[2025-12-21T15:18:17.988+0000] {logging_mixin.py:151} INFO - ✅ Job de synchronisation actif
[2025-12-21T15:18:22.468+0000] {logging_mixin.py:151} INFO - ✅ Keyspace 'energie' existe
[2025-12-21T15:18:25.190+0000] {logging_mixin.py:151} INFO - ✅ Données présentes dans Cassandra (energie.mix_energie)
[2025-12-21T15:18:25.191+0000] {logging_mixin.py:151} INFO -    Total: 100 enregistrements
[2025-12-21T15:18:25.193+0000] {python.py:194} INFO - Done. Returned value was: True
[2025-12-21T15:18:25.543+0000] {taskinstance.py:1400} INFO - Marking task as SUCCESS. dag_id=energy_complete_pipeline_orchestration, task_id=verify_postgresql_cassandra, execution_date=20251221T151708, start_date=20251221T151815, end_date=20251221T151825
[2025-12-21T15:18:26.189+0000] {local_task_job_runner.py:228} INFO - Task exited with return code 0
[2025-12-21T15:18:26.889+0000] {taskinstance.py:2784} INFO - 0 downstream tasks scheduled from follow-on schedule check
