[2025-12-22T12:04:42.486+0000] {taskinstance.py:1159} INFO - Dependencies all met for dep_context=non-requeueable deps ti=<TaskInstance: energy_complete_pipeline_orchestration.check_infrastructure scheduled__2025-12-22T11:30:00+00:00 [queued]>
[2025-12-22T12:04:42.535+0000] {taskinstance.py:1159} INFO - Dependencies all met for dep_context=requeueable deps ti=<TaskInstance: energy_complete_pipeline_orchestration.check_infrastructure scheduled__2025-12-22T11:30:00+00:00 [queued]>
[2025-12-22T12:04:42.539+0000] {taskinstance.py:1361} INFO - Starting attempt 1 of 3
[2025-12-22T12:04:42.665+0000] {taskinstance.py:1382} INFO - Executing <Task(PythonOperator): check_infrastructure> on 2025-12-22 11:30:00+00:00
[2025-12-22T12:04:42.697+0000] {standard_task_runner.py:57} INFO - Started process 768 to run task
[2025-12-22T12:04:42.721+0000] {standard_task_runner.py:84} INFO - Running: ['airflow', 'tasks', 'run', 'energy_complete_pipeline_orchestration', 'check_infrastructure', 'scheduled__2025-12-22T11:30:00+00:00', '--job-id', '173', '--raw', '--subdir', 'DAGS_FOLDER/energy_pipeline_orchestration.py', '--cfg-path', '/tmp/tmp29rg9baw']
[2025-12-22T12:04:42.736+0000] {standard_task_runner.py:85} INFO - Job 173: Subtask check_infrastructure
[2025-12-22T12:04:45.842+0000] {task_command.py:415} INFO - Running <TaskInstance: energy_complete_pipeline_orchestration.check_infrastructure scheduled__2025-12-22T11:30:00+00:00 [running]> on host 1fdfe70c11b0
[2025-12-22T12:04:48.793+0000] {taskinstance.py:1660} INFO - Exporting env vars: AIRFLOW_CTX_DAG_OWNER='energy_team' AIRFLOW_CTX_DAG_ID='energy_complete_pipeline_orchestration' AIRFLOW_CTX_TASK_ID='check_infrastructure' AIRFLOW_CTX_EXECUTION_DATE='2025-12-22T11:30:00+00:00' AIRFLOW_CTX_TRY_NUMBER='1' AIRFLOW_CTX_DAG_RUN_ID='scheduled__2025-12-22T11:30:00+00:00'
[2025-12-22T12:04:48.817+0000] {logging_mixin.py:151} INFO - 
======================================================================
[2025-12-22T12:04:48.820+0000] {logging_mixin.py:151} INFO - 🔍 VÉRIFICATION DE L'INFRASTRUCTURE
[2025-12-22T12:04:48.822+0000] {logging_mixin.py:151} INFO - ======================================================================
[2025-12-22T12:04:48.850+0000] {logging_mixin.py:151} INFO - ✅ Kafka           - kafka:29092 - OK
[2025-12-22T12:04:48.853+0000] {logging_mixin.py:151} INFO - ✅ MinIO           - minio:9000 - OK
[2025-12-22T12:04:48.856+0000] {logging_mixin.py:151} INFO - ✅ PostgreSQL      - postgres:5432 - OK
[2025-12-22T12:04:48.859+0000] {logging_mixin.py:151} INFO - ✅ Cassandra       - cassandra:9042 - OK
[2025-12-22T12:04:48.905+0000] {logging_mixin.py:151} INFO - ✅ Spark Master    - spark-master:7077 - OK
[2025-12-22T12:04:48.920+0000] {logging_mixin.py:151} INFO - 
======================================================================
[2025-12-22T12:04:48.922+0000] {logging_mixin.py:151} INFO - ✅ Infrastructure OK - Pipeline peut démarrer
[2025-12-22T12:04:48.937+0000] {python.py:194} INFO - Done. Returned value was: True
[2025-12-22T12:04:49.886+0000] {taskinstance.py:1400} INFO - Marking task as SUCCESS. dag_id=energy_complete_pipeline_orchestration, task_id=check_infrastructure, execution_date=20251222T113000, start_date=20251222T120442, end_date=20251222T120449
[2025-12-22T12:04:50.039+0000] {local_task_job_runner.py:228} INFO - Task exited with return code 0
[2025-12-22T12:04:50.656+0000] {taskinstance.py:2784} INFO - 0 downstream tasks scheduled from follow-on schedule check
