[2025-12-21T12:54:37.247+0000] {taskinstance.py:1159} INFO - Dependencies all met for dep_context=non-requeueable deps ti=<TaskInstance: energy_complete_pipeline_orchestration.verify_postgresql_cassandra scheduled__2025-12-21T12:00:00+00:00 [queued]>
[2025-12-21T12:54:37.385+0000] {taskinstance.py:1159} INFO - Dependencies all met for dep_context=requeueable deps ti=<TaskInstance: energy_complete_pipeline_orchestration.verify_postgresql_cassandra scheduled__2025-12-21T12:00:00+00:00 [queued]>
[2025-12-21T12:54:37.387+0000] {taskinstance.py:1361} INFO - Starting attempt 1 of 3
[2025-12-21T12:54:37.584+0000] {taskinstance.py:1382} INFO - Executing <Task(PythonOperator): verify_postgresql_cassandra> on 2025-12-21 12:00:00+00:00
[2025-12-21T12:54:37.633+0000] {standard_task_runner.py:57} INFO - Started process 786 to run task
[2025-12-21T12:54:37.681+0000] {standard_task_runner.py:84} INFO - Running: ['airflow', 'tasks', 'run', 'energy_complete_pipeline_orchestration', 'verify_postgresql_cassandra', 'scheduled__2025-12-21T12:00:00+00:00', '--job-id', '64', '--raw', '--subdir', 'DAGS_FOLDER/energy_pipeline_orchestration.py', '--cfg-path', '/tmp/tmpjdpm_xwo']
[2025-12-21T12:54:37.699+0000] {standard_task_runner.py:85} INFO - Job 64: Subtask verify_postgresql_cassandra
[2025-12-21T12:54:40.683+0000] {task_command.py:415} INFO - Running <TaskInstance: energy_complete_pipeline_orchestration.verify_postgresql_cassandra scheduled__2025-12-21T12:00:00+00:00 [running]> on host 1fdfe70c11b0
[2025-12-21T12:54:45.208+0000] {taskinstance.py:1660} INFO - Exporting env vars: AIRFLOW_CTX_DAG_OWNER='energy_team' AIRFLOW_CTX_DAG_ID='energy_complete_pipeline_orchestration' AIRFLOW_CTX_TASK_ID='verify_postgresql_cassandra' AIRFLOW_CTX_EXECUTION_DATE='2025-12-21T12:00:00+00:00' AIRFLOW_CTX_TRY_NUMBER='1' AIRFLOW_CTX_DAG_RUN_ID='scheduled__2025-12-21T12:00:00+00:00'
[2025-12-21T12:54:45.233+0000] {logging_mixin.py:151} INFO - 
======================================================================
[2025-12-21T12:54:45.237+0000] {logging_mixin.py:151} INFO - 🔄 VÉRIFICATION POSTGRESQL → CASSANDRA
[2025-12-21T12:54:45.238+0000] {logging_mixin.py:151} INFO - ======================================================================
[2025-12-21T12:55:08.025+0000] {logging_mixin.py:151} INFO - ✅ Job de synchronisation actif
[2025-12-21T12:56:17.673+0000] {logging_mixin.py:151} INFO - ⚠️ Impossible de vérifier les données Cassandra
[2025-12-21T12:56:17.679+0000] {logging_mixin.py:151} INFO - <stdin>:1:InvalidRequest: Error from server: code=2200 [Invalid query] message="keyspace energy_keyspace does not exist"
[2025-12-21T12:56:17.681+0000] {python.py:194} INFO - Done. Returned value was: False
[2025-12-21T12:56:18.846+0000] {taskinstance.py:1400} INFO - Marking task as SUCCESS. dag_id=energy_complete_pipeline_orchestration, task_id=verify_postgresql_cassandra, execution_date=20251221T120000, start_date=20251221T125437, end_date=20251221T125618
[2025-12-21T12:56:18.953+0000] {local_task_job_runner.py:228} INFO - Task exited with return code 0
[2025-12-21T12:56:19.329+0000] {taskinstance.py:2784} INFO - 0 downstream tasks scheduled from follow-on schedule check
