[2025-12-21T15:51:32.318+0000] {taskinstance.py:1159} INFO - Dependencies all met for dep_context=non-requeueable deps ti=<TaskInstance: energy_complete_pipeline_orchestration.check_infrastructure manual__2025-12-21T15:51:23.145203+00:00 [queued]>
[2025-12-21T15:51:32.345+0000] {taskinstance.py:1159} INFO - Dependencies all met for dep_context=requeueable deps ti=<TaskInstance: energy_complete_pipeline_orchestration.check_infrastructure manual__2025-12-21T15:51:23.145203+00:00 [queued]>
[2025-12-21T15:51:32.346+0000] {taskinstance.py:1361} INFO - Starting attempt 1 of 3
[2025-12-21T15:51:32.406+0000] {taskinstance.py:1382} INFO - Executing <Task(PythonOperator): check_infrastructure> on 2025-12-21 15:51:23.145203+00:00
[2025-12-21T15:51:32.428+0000] {standard_task_runner.py:57} INFO - Started process 666 to run task
[2025-12-21T15:51:32.438+0000] {standard_task_runner.py:84} INFO - Running: ['airflow', 'tasks', 'run', 'energy_complete_pipeline_orchestration', 'check_infrastructure', 'manual__2025-12-21T15:51:23.145203+00:00', '--job-id', '127', '--raw', '--subdir', 'DAGS_FOLDER/energy_pipeline_orchestration.py', '--cfg-path', '/tmp/tmp9w46iyvb']
[2025-12-21T15:51:32.450+0000] {standard_task_runner.py:85} INFO - Job 127: Subtask check_infrastructure
[2025-12-21T15:51:33.765+0000] {task_command.py:415} INFO - Running <TaskInstance: energy_complete_pipeline_orchestration.check_infrastructure manual__2025-12-21T15:51:23.145203+00:00 [running]> on host 1fdfe70c11b0
[2025-12-21T15:51:35.411+0000] {taskinstance.py:1660} INFO - Exporting env vars: AIRFLOW_CTX_DAG_OWNER='energy_team' AIRFLOW_CTX_DAG_ID='energy_complete_pipeline_orchestration' AIRFLOW_CTX_TASK_ID='check_infrastructure' AIRFLOW_CTX_EXECUTION_DATE='2025-12-21T15:51:23.145203+00:00' AIRFLOW_CTX_TRY_NUMBER='1' AIRFLOW_CTX_DAG_RUN_ID='manual__2025-12-21T15:51:23.145203+00:00'
[2025-12-21T15:51:35.423+0000] {logging_mixin.py:151} INFO - 
======================================================================
[2025-12-21T15:51:35.437+0000] {logging_mixin.py:151} INFO - 🔍 VÉRIFICATION DE L'INFRASTRUCTURE
[2025-12-21T15:51:35.438+0000] {logging_mixin.py:151} INFO - ======================================================================
[2025-12-21T15:51:35.442+0000] {logging_mixin.py:151} INFO - ✅ Kafka           - kafka:29092 - OK
[2025-12-21T15:51:35.452+0000] {logging_mixin.py:151} INFO - ✅ MinIO           - minio:9000 - OK
[2025-12-21T15:51:35.455+0000] {logging_mixin.py:151} INFO - ✅ PostgreSQL      - postgres:5432 - OK
[2025-12-21T15:51:35.472+0000] {logging_mixin.py:151} INFO - ✅ Cassandra       - cassandra:9042 - OK
[2025-12-21T15:51:35.488+0000] {logging_mixin.py:151} INFO - ✅ Spark Master    - spark-master:7077 - OK
[2025-12-21T15:51:35.490+0000] {logging_mixin.py:151} INFO - 
======================================================================
[2025-12-21T15:51:35.492+0000] {logging_mixin.py:151} INFO - ✅ Infrastructure OK - Pipeline peut démarrer
[2025-12-21T15:51:35.494+0000] {python.py:194} INFO - Done. Returned value was: True
[2025-12-21T15:51:36.565+0000] {taskinstance.py:1400} INFO - Marking task as SUCCESS. dag_id=energy_complete_pipeline_orchestration, task_id=check_infrastructure, execution_date=20251221T155123, start_date=20251221T155132, end_date=20251221T155136
[2025-12-21T15:51:36.803+0000] {local_task_job_runner.py:228} INFO - Task exited with return code 0
[2025-12-21T15:51:37.574+0000] {taskinstance.py:2784} INFO - 0 downstream tasks scheduled from follow-on schedule check
