[2025-12-20T22:24:59.325+0000] {taskinstance.py:1159} INFO - Dependencies all met for dep_context=non-requeueable deps ti=<TaskInstance: energy_data_flow_orchestration.verify_postgres_to_cassandra manual__2025-12-20T22:24:08.712865+00:00 [queued]>
[2025-12-20T22:24:59.356+0000] {taskinstance.py:1159} INFO - Dependencies all met for dep_context=requeueable deps ti=<TaskInstance: energy_data_flow_orchestration.verify_postgres_to_cassandra manual__2025-12-20T22:24:08.712865+00:00 [queued]>
[2025-12-20T22:24:59.357+0000] {taskinstance.py:1361} INFO - Starting attempt 1 of 3
[2025-12-20T22:24:59.405+0000] {taskinstance.py:1382} INFO - Executing <Task(PythonOperator): verify_postgres_to_cassandra> on 2025-12-20 22:24:08.712865+00:00
[2025-12-20T22:24:59.424+0000] {standard_task_runner.py:57} INFO - Started process 348 to run task
[2025-12-20T22:24:59.432+0000] {standard_task_runner.py:84} INFO - Running: ['airflow', 'tasks', 'run', 'energy_data_flow_orchestration', 'verify_postgres_to_cassandra', 'manual__2025-12-20T22:24:08.712865+00:00', '--job-id', '28', '--raw', '--subdir', 'DAGS_FOLDER/energy_data_flow_orchestration.py', '--cfg-path', '/tmp/tmpjh2p_3y0']
[2025-12-20T22:24:59.444+0000] {standard_task_runner.py:85} INFO - Job 28: Subtask verify_postgres_to_cassandra
[2025-12-20T22:25:00.275+0000] {task_command.py:415} INFO - Running <TaskInstance: energy_data_flow_orchestration.verify_postgres_to_cassandra manual__2025-12-20T22:24:08.712865+00:00 [running]> on host 678571ccefef
[2025-12-20T22:25:02.391+0000] {taskinstance.py:1660} INFO - Exporting env vars: AIRFLOW_CTX_DAG_EMAIL='admin@energy.com' AIRFLOW_CTX_DAG_OWNER='energy_team' AIRFLOW_CTX_DAG_ID='energy_data_flow_orchestration' AIRFLOW_CTX_TASK_ID='verify_postgres_to_cassandra' AIRFLOW_CTX_EXECUTION_DATE='2025-12-20T22:24:08.712865+00:00' AIRFLOW_CTX_TRY_NUMBER='1' AIRFLOW_CTX_DAG_RUN_ID='manual__2025-12-20T22:24:08.712865+00:00'
[2025-12-20T22:25:02.405+0000] {logging_mixin.py:151} INFO - 
======================================================================
[2025-12-20T22:25:02.407+0000] {logging_mixin.py:151} INFO - 🗄️ ÉTAPE 4: POSTGRESQL → CASSANDRA
[2025-12-20T22:25:02.409+0000] {logging_mixin.py:151} INFO - ======================================================================
[2025-12-20T22:25:02.896+0000] {logging_mixin.py:151} INFO - ✅ Cassandra mix_energie: 0 enregistrements
[2025-12-20T22:25:02.898+0000] {logging_mixin.py:151} INFO - ✅ Cassandra carbone_energie: 0 enregistrements
[2025-12-20T22:25:02.899+0000] {logging_mixin.py:151} INFO - 
⚠️ Cassandra vide
[2025-12-20T22:25:02.901+0000] {logging_mixin.py:151} INFO -    Note: Les données peuvent être uniquement dans PostgreSQL
[2025-12-20T22:25:02.902+0000] {logging_mixin.py:151} INFO -    C'est normal si vous n'utilisez pas Spark → Cassandra
[2025-12-20T22:25:02.903+0000] {python.py:194} INFO - Done. Returned value was: {'mix': 0, 'carbone': 0}
[2025-12-20T22:25:05.216+0000] {taskinstance.py:1400} INFO - Marking task as SUCCESS. dag_id=energy_data_flow_orchestration, task_id=verify_postgres_to_cassandra, execution_date=20251220T222408, start_date=20251220T222459, end_date=20251220T222505
[2025-12-20T22:25:05.410+0000] {local_task_job_runner.py:228} INFO - Task exited with return code 0
[2025-12-20T22:25:05.908+0000] {taskinstance.py:2784} INFO - 1 downstream tasks scheduled from follow-on schedule check
