[2025-12-22T11:14:27.609+0000] {taskinstance.py:1159} INFO - Dependencies all met for dep_context=non-requeueable deps ti=<TaskInstance: energy_complete_pipeline_orchestration.verify_postgresql_cassandra scheduled__2025-12-22T10:30:00+00:00 [queued]>
[2025-12-22T11:14:27.835+0000] {taskinstance.py:1159} INFO - Dependencies all met for dep_context=requeueable deps ti=<TaskInstance: energy_complete_pipeline_orchestration.verify_postgresql_cassandra scheduled__2025-12-22T10:30:00+00:00 [queued]>
[2025-12-22T11:14:27.854+0000] {taskinstance.py:1361} INFO - Starting attempt 1 of 3
[2025-12-22T11:14:28.484+0000] {taskinstance.py:1382} INFO - Executing <Task(PythonOperator): verify_postgresql_cassandra> on 2025-12-22 10:30:00+00:00
[2025-12-22T11:14:28.515+0000] {standard_task_runner.py:57} INFO - Started process 627 to run task
[2025-12-22T11:14:28.563+0000] {standard_task_runner.py:84} INFO - Running: ['airflow', 'tasks', 'run', 'energy_complete_pipeline_orchestration', 'verify_postgresql_cassandra', 'scheduled__2025-12-22T10:30:00+00:00', '--job-id', '142', '--raw', '--subdir', 'DAGS_FOLDER/energy_pipeline_orchestration.py', '--cfg-path', '/tmp/tmpffr9cnu9']
[2025-12-22T11:14:28.573+0000] {standard_task_runner.py:85} INFO - Job 142: Subtask verify_postgresql_cassandra
[2025-12-22T11:14:30.860+0000] {task_command.py:415} INFO - Running <TaskInstance: energy_complete_pipeline_orchestration.verify_postgresql_cassandra scheduled__2025-12-22T10:30:00+00:00 [running]> on host 1fdfe70c11b0
[2025-12-22T11:14:34.272+0000] {taskinstance.py:1660} INFO - Exporting env vars: AIRFLOW_CTX_DAG_OWNER='energy_team' AIRFLOW_CTX_DAG_ID='energy_complete_pipeline_orchestration' AIRFLOW_CTX_TASK_ID='verify_postgresql_cassandra' AIRFLOW_CTX_EXECUTION_DATE='2025-12-22T10:30:00+00:00' AIRFLOW_CTX_TRY_NUMBER='1' AIRFLOW_CTX_DAG_RUN_ID='scheduled__2025-12-22T10:30:00+00:00'
[2025-12-22T11:14:34.288+0000] {logging_mixin.py:151} INFO - 
======================================================================
[2025-12-22T11:14:34.302+0000] {logging_mixin.py:151} INFO - 🔄 VÉRIFICATION POSTGRESQL → CASSANDRA
[2025-12-22T11:14:34.318+0000] {logging_mixin.py:151} INFO - ======================================================================
[2025-12-22T11:14:42.514+0000] {logging_mixin.py:151} INFO - ✅ Keyspace 'energie' existe
[2025-12-22T11:14:48.840+0000] {logging_mixin.py:151} INFO - ✅ Données présentes dans Cassandra (energie.mix_energie)
[2025-12-22T11:14:48.848+0000] {logging_mixin.py:151} INFO -    Total: 100 enregistrements
[2025-12-22T11:14:48.850+0000] {python.py:194} INFO - Done. Returned value was: True
[2025-12-22T11:14:53.200+0000] {taskinstance.py:1400} INFO - Marking task as SUCCESS. dag_id=energy_complete_pipeline_orchestration, task_id=verify_postgresql_cassandra, execution_date=20251222T103000, start_date=20251222T111427, end_date=20251222T111453
[2025-12-22T11:14:53.602+0000] {local_task_job_runner.py:228} INFO - Task exited with return code 0
[2025-12-22T11:14:58.354+0000] {taskinstance.py:2784} INFO - 0 downstream tasks scheduled from follow-on schedule check
