[2025-12-22T12:07:52.243+0000] {taskinstance.py:1159} INFO - Dependencies all met for dep_context=non-requeueable deps ti=<TaskInstance: energy_complete_pipeline_orchestration.generate_final_report scheduled__2025-12-22T11:30:00+00:00 [queued]>
[2025-12-22T12:07:52.279+0000] {taskinstance.py:1159} INFO - Dependencies all met for dep_context=requeueable deps ti=<TaskInstance: energy_complete_pipeline_orchestration.generate_final_report scheduled__2025-12-22T11:30:00+00:00 [queued]>
[2025-12-22T12:07:52.284+0000] {taskinstance.py:1361} INFO - Starting attempt 1 of 3
[2025-12-22T12:07:52.354+0000] {taskinstance.py:1382} INFO - Executing <Task(PythonOperator): generate_final_report> on 2025-12-22 11:30:00+00:00
[2025-12-22T12:07:52.379+0000] {standard_task_runner.py:57} INFO - Started process 839 to run task
[2025-12-22T12:07:52.402+0000] {standard_task_runner.py:84} INFO - Running: ['airflow', 'tasks', 'run', 'energy_complete_pipeline_orchestration', 'generate_final_report', 'scheduled__2025-12-22T11:30:00+00:00', '--job-id', '178', '--raw', '--subdir', 'DAGS_FOLDER/energy_pipeline_orchestration.py', '--cfg-path', '/tmp/tmpl58ky5lx']
[2025-12-22T12:07:52.421+0000] {standard_task_runner.py:85} INFO - Job 178: Subtask generate_final_report
[2025-12-22T12:07:53.539+0000] {task_command.py:415} INFO - Running <TaskInstance: energy_complete_pipeline_orchestration.generate_final_report scheduled__2025-12-22T11:30:00+00:00 [running]> on host 1fdfe70c11b0
[2025-12-22T12:07:54.779+0000] {taskinstance.py:1660} INFO - Exporting env vars: AIRFLOW_CTX_DAG_OWNER='energy_team' AIRFLOW_CTX_DAG_ID='energy_complete_pipeline_orchestration' AIRFLOW_CTX_TASK_ID='generate_final_report' AIRFLOW_CTX_EXECUTION_DATE='2025-12-22T11:30:00+00:00' AIRFLOW_CTX_TRY_NUMBER='1' AIRFLOW_CTX_DAG_RUN_ID='scheduled__2025-12-22T11:30:00+00:00'
[2025-12-22T12:07:54.783+0000] {logging_mixin.py:151} INFO - 
======================================================================
[2025-12-22T12:07:54.787+0000] {logging_mixin.py:151} INFO - 📊 RAPPORT COMPLET DU PIPELINE ENERGY
[2025-12-22T12:07:54.788+0000] {logging_mixin.py:151} INFO - ======================================================================
[2025-12-22T12:07:54.796+0000] {logging_mixin.py:151} INFO - 🕐 2025-12-22 12:07:54
[2025-12-22T12:07:54.797+0000] {logging_mixin.py:151} INFO - ======================================================================
[2025-12-22T12:07:54.800+0000] {logging_mixin.py:151} INFO - 📈 STATISTIQUES POSTGRESQL:
[2025-12-22T12:07:55.266+0000] {base.py:73} INFO - Using connection ID 'postgres_energie' for task execution.
[2025-12-22T12:07:55.582+0000] {sql.py:418} INFO - Running statement: 
                    SELECT 
                        COUNT(*) as total,
                        COUNT(DISTINCT zone) as zones,
                        MAX(processing_time) as last_update
                    FROM mix_energie_table
                , parameters: None
[2025-12-22T12:07:55.593+0000] {sql.py:427} INFO - Rows affected: 1
[2025-12-22T12:07:55.596+0000] {logging_mixin.py:151} INFO - 
  mix_energie_table:
[2025-12-22T12:07:55.599+0000] {logging_mixin.py:151} INFO -     Total: 1,432 enregistrements
[2025-12-22T12:07:55.600+0000] {logging_mixin.py:151} INFO -     Zones: 10
[2025-12-22T12:07:55.601+0000] {logging_mixin.py:151} INFO -     Dernière MAJ: 2025-12-21 14:10:41.641847
[2025-12-22T12:07:56.032+0000] {base.py:73} INFO - Using connection ID 'postgres_energie' for task execution.
[2025-12-22T12:07:56.384+0000] {sql.py:418} INFO - Running statement: 
                    SELECT 
                        COUNT(*) as total,
                        COUNT(DISTINCT zone) as zones,
                        MAX(processing_time) as last_update
                    FROM carbone_energie_table
                , parameters: None
[2025-12-22T12:07:56.403+0000] {sql.py:427} INFO - Rows affected: 1
[2025-12-22T12:07:56.405+0000] {logging_mixin.py:151} INFO - 
  carbone_energie_table:
[2025-12-22T12:07:56.406+0000] {logging_mixin.py:151} INFO -     Total: 1,428 enregistrements
[2025-12-22T12:07:56.408+0000] {logging_mixin.py:151} INFO -     Zones: 10
[2025-12-22T12:07:56.409+0000] {logging_mixin.py:151} INFO -     Dernière MAJ: 2025-12-21 14:10:40.937061
[2025-12-22T12:07:56.416+0000] {logging_mixin.py:151} INFO - 
📊 STATISTIQUES CASSANDRA:
[2025-12-22T12:08:37.563+0000] {logging_mixin.py:151} INFO -   mix_energie: 100 enregistrements
[2025-12-22T12:08:37.592+0000] {logging_mixin.py:151} INFO - 
🌍 TOP 5 ZONES (Production moyenne):
[2025-12-22T12:08:38.787+0000] {base.py:73} INFO - Using connection ID 'postgres_energie' for task execution.
[2025-12-22T12:08:39.172+0000] {sql.py:418} INFO - Running statement: 
                SELECT 
                    zone,
                    COUNT(*) as records,
                    ROUND(AVG(production_total)::numeric, 0) as avg_prod
                FROM mix_energie_table
                WHERE datetime >= CURRENT_DATE - INTERVAL '1 day'
                GROUP BY zone
                ORDER BY avg_prod DESC
                LIMIT 5
            , parameters: None
[2025-12-22T12:08:39.194+0000] {sql.py:427} INFO - Rows affected: 5
[2025-12-22T12:08:39.199+0000] {logging_mixin.py:151} INFO -   FR: 88,762 MW (basé sur 98 enregistrements)
[2025-12-22T12:08:39.201+0000] {logging_mixin.py:151} INFO -   DE: 62,642 MW (basé sur 100 enregistrements)
[2025-12-22T12:08:39.204+0000] {logging_mixin.py:151} INFO -   ES: 39,854 MW (basé sur 99 enregistrements)
[2025-12-22T12:08:39.205+0000] {logging_mixin.py:151} INFO -   GB: 37,626 MW (basé sur 96 enregistrements)
[2025-12-22T12:08:39.206+0000] {logging_mixin.py:151} INFO -   IT: 29,261 MW (basé sur 98 enregistrements)
[2025-12-22T12:08:39.207+0000] {logging_mixin.py:151} INFO - 
✅ FLUX DE DONNÉES:
[2025-12-22T12:08:39.208+0000] {logging_mixin.py:151} INFO -   1. API ElectricityMaps → Kafka: ✅
[2025-12-22T12:08:39.209+0000] {logging_mixin.py:151} INFO -   2. Kafka → MinIO (Bronze): ✅
[2025-12-22T12:08:39.210+0000] {logging_mixin.py:151} INFO -   3. Kafka → Spark Streaming → PostgreSQL: ✅
[2025-12-22T12:08:39.211+0000] {logging_mixin.py:151} INFO -      └─ Mix: 1,432 | Carbone: 1,428
[2025-12-22T12:08:39.212+0000] {logging_mixin.py:151} INFO -   4. PostgreSQL → Cassandra: ✅
[2025-12-22T12:08:39.213+0000] {logging_mixin.py:151} INFO -      └─ Cassandra: 100 enregistrements
[2025-12-22T12:08:39.214+0000] {logging_mixin.py:151} INFO -   5. Prêt pour visualisation Grafana: ✅
[2025-12-22T12:08:39.215+0000] {logging_mixin.py:151} INFO - 
📊 VISUALISATION GRAFANA:
[2025-12-22T12:08:39.216+0000] {logging_mixin.py:151} INFO -   🌐 URL: http://localhost:3000
[2025-12-22T12:08:39.217+0000] {logging_mixin.py:151} INFO -   👤 Login: admin / ***
[2025-12-22T12:08:39.238+0000] {logging_mixin.py:151} INFO - 
  Sources de données configurables:
[2025-12-22T12:08:39.239+0000] {logging_mixin.py:151} INFO -     • PostgreSQL: energie_db (temps réel)
[2025-12-22T12:08:39.240+0000] {logging_mixin.py:151} INFO -     • Cassandra: energie keyspace (archivage)
[2025-12-22T12:08:39.241+0000] {logging_mixin.py:151} INFO - 
🎯 PIPELINE OPÉRATIONNEL
[2025-12-22T12:08:39.242+0000] {logging_mixin.py:151} INFO - 📦 Total enregistrements: 2,860
[2025-12-22T12:08:39.243+0000] {logging_mixin.py:151} INFO - ======================================================================
[2025-12-22T12:08:39.244+0000] {python.py:194} INFO - Done. Returned value was: {'status': 'success', 'postgres_total': 2860, 'cassandra_total': 100, 'zones_count': 10}
[2025-12-22T12:08:39.960+0000] {taskinstance.py:1400} INFO - Marking task as SUCCESS. dag_id=energy_complete_pipeline_orchestration, task_id=generate_final_report, execution_date=20251222T113000, start_date=20251222T120752, end_date=20251222T120839
[2025-12-22T12:08:40.090+0000] {local_task_job_runner.py:228} INFO - Task exited with return code 0
[2025-12-22T12:08:40.555+0000] {taskinstance.py:2784} INFO - 0 downstream tasks scheduled from follow-on schedule check
