[2025-12-22T12:05:50.593+0000] {taskinstance.py:1159} INFO - Dependencies all met for dep_context=non-requeueable deps ti=<TaskInstance: energy_complete_pipeline_orchestration.check_spark_postgresql scheduled__2025-12-22T11:30:00+00:00 [queued]>
[2025-12-22T12:05:50.658+0000] {taskinstance.py:1159} INFO - Dependencies all met for dep_context=requeueable deps ti=<TaskInstance: energy_complete_pipeline_orchestration.check_spark_postgresql scheduled__2025-12-22T11:30:00+00:00 [queued]>
[2025-12-22T12:05:50.716+0000] {taskinstance.py:1361} INFO - Starting attempt 1 of 3
[2025-12-22T12:05:50.833+0000] {taskinstance.py:1382} INFO - Executing <Task(PythonOperator): check_spark_postgresql> on 2025-12-22 11:30:00+00:00
[2025-12-22T12:05:50.877+0000] {standard_task_runner.py:57} INFO - Started process 799 to run task
[2025-12-22T12:05:50.893+0000] {standard_task_runner.py:84} INFO - Running: ['airflow', 'tasks', 'run', 'energy_complete_pipeline_orchestration', 'check_spark_postgresql', 'scheduled__2025-12-22T11:30:00+00:00', '--job-id', '176', '--raw', '--subdir', 'DAGS_FOLDER/energy_pipeline_orchestration.py', '--cfg-path', '/tmp/tmpnxy1pv8f']
[2025-12-22T12:05:50.914+0000] {standard_task_runner.py:85} INFO - Job 176: Subtask check_spark_postgresql
[2025-12-22T12:05:51.943+0000] {task_command.py:415} INFO - Running <TaskInstance: energy_complete_pipeline_orchestration.check_spark_postgresql scheduled__2025-12-22T11:30:00+00:00 [running]> on host 1fdfe70c11b0
[2025-12-22T12:05:54.440+0000] {taskinstance.py:1660} INFO - Exporting env vars: AIRFLOW_CTX_DAG_OWNER='energy_team' AIRFLOW_CTX_DAG_ID='energy_complete_pipeline_orchestration' AIRFLOW_CTX_TASK_ID='check_spark_postgresql' AIRFLOW_CTX_EXECUTION_DATE='2025-12-22T11:30:00+00:00' AIRFLOW_CTX_TRY_NUMBER='1' AIRFLOW_CTX_DAG_RUN_ID='scheduled__2025-12-22T11:30:00+00:00'
[2025-12-22T12:05:54.447+0000] {logging_mixin.py:151} INFO - 
======================================================================
[2025-12-22T12:05:54.450+0000] {logging_mixin.py:151} INFO - ⚡ VÉRIFICATION SPARK STREAMING → POSTGRESQL
[2025-12-22T12:05:54.451+0000] {logging_mixin.py:151} INFO - ======================================================================
[2025-12-22T12:05:55.133+0000] {base.py:73} INFO - Using connection ID 'postgres_energie' for task execution.
[2025-12-22T12:05:55.365+0000] {sql.py:418} INFO - Running statement: SELECT COUNT(*) FROM mix_energie_table, parameters: None
[2025-12-22T12:05:55.372+0000] {sql.py:427} INFO - Rows affected: 1
[2025-12-22T12:05:55.617+0000] {base.py:73} INFO - Using connection ID 'postgres_energie' for task execution.
[2025-12-22T12:05:56.079+0000] {sql.py:418} INFO - Running statement: SELECT MAX(processing_time) FROM mix_energie_table, parameters: None
[2025-12-22T12:05:56.086+0000] {sql.py:427} INFO - Rows affected: 1
[2025-12-22T12:05:56.989+0000] {base.py:73} INFO - Using connection ID 'postgres_energie' for task execution.
[2025-12-22T12:05:59.686+0000] {sql.py:418} INFO - Running statement: 
                    SELECT COUNT(*) FROM mix_energie_table
                    WHERE processing_time > NOW() - INTERVAL '10 minutes'
                , parameters: None
[2025-12-22T12:05:59.696+0000] {sql.py:427} INFO - Rows affected: 1
[2025-12-22T12:05:59.700+0000] {logging_mixin.py:151} INFO - ✅ mix_energie_table:
[2025-12-22T12:05:59.710+0000] {logging_mixin.py:151} INFO -    Total: 1,432 enregistrements
[2025-12-22T12:05:59.721+0000] {logging_mixin.py:151} INFO -    Dernière mise à jour: 2025-12-21 14:10:41.641847
[2025-12-22T12:05:59.723+0000] {logging_mixin.py:151} INFO -    Nouveaux (10 min): 0
[2025-12-22T12:06:01.796+0000] {base.py:73} INFO - Using connection ID 'postgres_energie' for task execution.
[2025-12-22T12:06:03.435+0000] {sql.py:418} INFO - Running statement: SELECT COUNT(*) FROM carbone_energie_table, parameters: None
[2025-12-22T12:06:03.455+0000] {sql.py:427} INFO - Rows affected: 1
[2025-12-22T12:06:04.372+0000] {base.py:73} INFO - Using connection ID 'postgres_energie' for task execution.
[2025-12-22T12:06:05.400+0000] {sql.py:418} INFO - Running statement: SELECT MAX(processing_time) FROM carbone_energie_table, parameters: None
[2025-12-22T12:06:05.465+0000] {sql.py:427} INFO - Rows affected: 1
[2025-12-22T12:06:08.706+0000] {base.py:73} INFO - Using connection ID 'postgres_energie' for task execution.
[2025-12-22T12:06:11.728+0000] {sql.py:418} INFO - Running statement: 
                    SELECT COUNT(*) FROM carbone_energie_table
                    WHERE processing_time > NOW() - INTERVAL '10 minutes'
                , parameters: None
[2025-12-22T12:06:11.764+0000] {sql.py:427} INFO - Rows affected: 1
[2025-12-22T12:06:11.767+0000] {logging_mixin.py:151} INFO - ✅ carbone_energie_table:
[2025-12-22T12:06:11.782+0000] {logging_mixin.py:151} INFO -    Total: 1,428 enregistrements
[2025-12-22T12:06:11.785+0000] {logging_mixin.py:151} INFO -    Dernière mise à jour: 2025-12-21 14:10:40.937061
[2025-12-22T12:06:11.798+0000] {logging_mixin.py:151} INFO -    Nouveaux (10 min): 0
[2025-12-22T12:06:11.799+0000] {logging_mixin.py:151} INFO - 
✅ Spark Streaming vers PostgreSQL opérationnel
[2025-12-22T12:06:11.800+0000] {python.py:194} INFO - Done. Returned value was: True
[2025-12-22T12:06:15.888+0000] {taskinstance.py:1400} INFO - Marking task as SUCCESS. dag_id=energy_complete_pipeline_orchestration, task_id=check_spark_postgresql, execution_date=20251222T113000, start_date=20251222T120550, end_date=20251222T120615
[2025-12-22T12:06:17.679+0000] {local_task_job_runner.py:228} INFO - Task exited with return code 0
[2025-12-22T12:06:19.057+0000] {taskinstance.py:2784} INFO - 0 downstream tasks scheduled from follow-on schedule check
