[2025-12-20T22:24:16.142+0000] {taskinstance.py:1159} INFO - Dependencies all met for dep_context=non-requeueable deps ti=<TaskInstance: energy_data_flow_orchestration.check_services_health manual__2025-12-20T22:24:08.712865+00:00 [queued]>
[2025-12-20T22:24:16.157+0000] {taskinstance.py:1159} INFO - Dependencies all met for dep_context=requeueable deps ti=<TaskInstance: energy_data_flow_orchestration.check_services_health manual__2025-12-20T22:24:08.712865+00:00 [queued]>
[2025-12-20T22:24:16.158+0000] {taskinstance.py:1361} INFO - Starting attempt 1 of 3
[2025-12-20T22:24:16.197+0000] {taskinstance.py:1382} INFO - Executing <Task(PythonOperator): check_services_health> on 2025-12-20 22:24:08.712865+00:00
[2025-12-20T22:24:16.209+0000] {standard_task_runner.py:57} INFO - Started process 250 to run task
[2025-12-20T22:24:16.214+0000] {standard_task_runner.py:84} INFO - Running: ['airflow', 'tasks', 'run', 'energy_data_flow_orchestration', 'check_services_health', 'manual__2025-12-20T22:24:08.712865+00:00', '--job-id', '23', '--raw', '--subdir', 'DAGS_FOLDER/energy_data_flow_orchestration.py', '--cfg-path', '/tmp/tmpa2h_yhar']
[2025-12-20T22:24:16.222+0000] {standard_task_runner.py:85} INFO - Job 23: Subtask check_services_health
[2025-12-20T22:24:16.953+0000] {task_command.py:415} INFO - Running <TaskInstance: energy_data_flow_orchestration.check_services_health manual__2025-12-20T22:24:08.712865+00:00 [running]> on host 678571ccefef
[2025-12-20T22:24:17.708+0000] {taskinstance.py:1660} INFO - Exporting env vars: AIRFLOW_CTX_DAG_EMAIL='admin@energy.com' AIRFLOW_CTX_DAG_OWNER='energy_team' AIRFLOW_CTX_DAG_ID='energy_data_flow_orchestration' AIRFLOW_CTX_TASK_ID='check_services_health' AIRFLOW_CTX_EXECUTION_DATE='2025-12-20T22:24:08.712865+00:00' AIRFLOW_CTX_TRY_NUMBER='1' AIRFLOW_CTX_DAG_RUN_ID='manual__2025-12-20T22:24:08.712865+00:00'
[2025-12-20T22:24:17.715+0000] {logging_mixin.py:151} INFO - 
======================================================================
[2025-12-20T22:24:17.716+0000] {logging_mixin.py:151} INFO - 🔍 VÉRIFICATION DE LA SANTÉ DES SERVICES
[2025-12-20T22:24:17.717+0000] {logging_mixin.py:151} INFO - ======================================================================
[2025-12-20T22:24:18.585+0000] {logging_mixin.py:151} INFO - ❌ kafka                    : INACTIF
[2025-12-20T22:24:18.778+0000] {logging_mixin.py:151} INFO - ❌ postgres                 : INACTIF
[2025-12-20T22:24:18.864+0000] {logging_mixin.py:151} INFO - ❌ cassandra                : INACTIF
[2025-12-20T22:24:18.960+0000] {logging_mixin.py:151} INFO - ❌ spark-master             : INACTIF
[2025-12-20T22:24:19.182+0000] {logging_mixin.py:151} INFO - ❌ grafana                  : INACTIF
[2025-12-20T22:24:19.487+0000] {logging_mixin.py:151} INFO - ❌ energy-producer          : INACTIF
[2025-12-20T22:24:19.517+0000] {logging_mixin.py:151} INFO - 
⚠️ ATTENTION: Certains services sont inactifs
[2025-12-20T22:24:19.518+0000] {logging_mixin.py:151} INFO -    Démarrez-les manuellement: docker-compose up -d
[2025-12-20T22:24:19.527+0000] {python.py:194} INFO - Done. Returned value was: False
[2025-12-20T22:24:20.223+0000] {taskinstance.py:1400} INFO - Marking task as SUCCESS. dag_id=energy_data_flow_orchestration, task_id=check_services_health, execution_date=20251220T222408, start_date=20251220T222416, end_date=20251220T222420
[2025-12-20T22:24:20.320+0000] {local_task_job_runner.py:228} INFO - Task exited with return code 0
[2025-12-20T22:24:20.774+0000] {taskinstance.py:2784} INFO - 0 downstream tasks scheduled from follow-on schedule check
