[2025-12-20T22:50:38.001+0000] {taskinstance.py:1159} INFO - Dependencies all met for dep_context=non-requeueable deps ti=<TaskInstance: simple_energy_data_verification.count_postgresql_data manual__2025-12-20T22:50:30.637226+00:00 [queued]>
[2025-12-20T22:50:38.024+0000] {taskinstance.py:1159} INFO - Dependencies all met for dep_context=requeueable deps ti=<TaskInstance: simple_energy_data_verification.count_postgresql_data manual__2025-12-20T22:50:30.637226+00:00 [queued]>
[2025-12-20T22:50:38.025+0000] {taskinstance.py:1361} INFO - Starting attempt 1 of 2
[2025-12-20T22:50:38.075+0000] {taskinstance.py:1382} INFO - Executing <Task(PythonOperator): count_postgresql_data> on 2025-12-20 22:50:30.637226+00:00
[2025-12-20T22:50:38.100+0000] {standard_task_runner.py:57} INFO - Started process 630 to run task
[2025-12-20T22:50:38.110+0000] {standard_task_runner.py:84} INFO - Running: ['airflow', 'tasks', 'run', 'simple_energy_data_verification', 'count_postgresql_data', 'manual__2025-12-20T22:50:30.637226+00:00', '--job-id', '32', '--raw', '--subdir', 'DAGS_FOLDER/energy_data_flow_orchestration.py', '--cfg-path', '/tmp/tmpk461fk8z']
[2025-12-20T22:50:38.125+0000] {standard_task_runner.py:85} INFO - Job 32: Subtask count_postgresql_data
[2025-12-20T22:50:39.635+0000] {task_command.py:415} INFO - Running <TaskInstance: simple_energy_data_verification.count_postgresql_data manual__2025-12-20T22:50:30.637226+00:00 [running]> on host 678571ccefef
[2025-12-20T22:50:40.755+0000] {taskinstance.py:1660} INFO - Exporting env vars: AIRFLOW_CTX_DAG_OWNER='energy_team' AIRFLOW_CTX_DAG_ID='simple_energy_data_verification' AIRFLOW_CTX_TASK_ID='count_postgresql_data' AIRFLOW_CTX_EXECUTION_DATE='2025-12-20T22:50:30.637226+00:00' AIRFLOW_CTX_TRY_NUMBER='1' AIRFLOW_CTX_DAG_RUN_ID='manual__2025-12-20T22:50:30.637226+00:00'
[2025-12-20T22:50:40.759+0000] {logging_mixin.py:151} INFO - 
============================================================
[2025-12-20T22:50:40.761+0000] {logging_mixin.py:151} INFO - 📊 VÉRIFICATION DES DONNÉES POSTGRESQL
[2025-12-20T22:50:40.762+0000] {logging_mixin.py:151} INFO - ============================================================
[2025-12-20T22:50:40.972+0000] {base.py:73} INFO - Using connection ID 'postgres_energie' for task execution.
[2025-12-20T22:50:41.119+0000] {sql.py:418} INFO - Running statement: SELECT COUNT(*) FROM mix_energie_table, parameters: None
[2025-12-20T22:50:41.124+0000] {sql.py:427} INFO - Rows affected: 1
[2025-12-20T22:50:41.126+0000] {logging_mixin.py:151} INFO - ✅ mix_energie_table: 424 enregistrements
[2025-12-20T22:50:41.390+0000] {base.py:73} INFO - Using connection ID 'postgres_energie' for task execution.
[2025-12-20T22:50:41.531+0000] {sql.py:418} INFO - Running statement: SELECT COUNT(*) FROM carbone_energie_table, parameters: None
[2025-12-20T22:50:41.536+0000] {sql.py:427} INFO - Rows affected: 1
[2025-12-20T22:50:41.537+0000] {logging_mixin.py:151} INFO - ✅ carbone_energie_table: 424 enregistrements
[2025-12-20T22:50:41.689+0000] {base.py:73} INFO - Using connection ID 'postgres_energie' for task execution.
[2025-12-20T22:50:41.871+0000] {sql.py:418} INFO - Running statement: SELECT MAX(processing_time) FROM mix_energie_table, parameters: None
[2025-12-20T22:50:41.875+0000] {sql.py:427} INFO - Rows affected: 1
[2025-12-20T22:50:41.877+0000] {logging_mixin.py:151} INFO - 🕐 Dernière mise à jour: 2025-12-20 22:46:07.985849
[2025-12-20T22:50:42.128+0000] {base.py:73} INFO - Using connection ID 'postgres_energie' for task execution.
[2025-12-20T22:50:42.598+0000] {sql.py:418} INFO - Running statement: 
                    SELECT COUNT(*) FROM mix_energie_table 
                    WHERE processing_time > NOW() - INTERVAL '24 hours'
                , parameters: None
[2025-12-20T22:50:42.606+0000] {sql.py:427} INFO - Rows affected: 1
[2025-12-20T22:50:42.608+0000] {logging_mixin.py:151} INFO - 📅 Données récentes (24h): 424 enregistrements
[2025-12-20T22:50:42.758+0000] {base.py:73} INFO - Using connection ID 'postgres_energie' for task execution.
[2025-12-20T22:50:42.901+0000] {sql.py:418} INFO - Running statement: 
                    SELECT zone, COUNT(*) as count 
                    FROM mix_energie_table 
                    GROUP BY zone 
                    ORDER BY count DESC 
                    LIMIT 10
                , parameters: None
[2025-12-20T22:50:42.906+0000] {sql.py:427} INFO - Rows affected: 10
[2025-12-20T22:50:42.907+0000] {logging_mixin.py:151} INFO - 
🌍 TOP 10 ZONES:
[2025-12-20T22:50:42.908+0000] {logging_mixin.py:151} INFO -    PT: 44 enregistrements
[2025-12-20T22:50:42.909+0000] {logging_mixin.py:151} INFO -    IT: 44 enregistrements
[2025-12-20T22:50:42.910+0000] {logging_mixin.py:151} INFO -    CA-ON: 43 enregistrements
[2025-12-20T22:50:42.911+0000] {logging_mixin.py:151} INFO -    ES: 43 enregistrements
[2025-12-20T22:50:42.912+0000] {logging_mixin.py:151} INFO -    FR: 43 enregistrements
[2025-12-20T22:50:42.913+0000] {logging_mixin.py:151} INFO -    DE: 43 enregistrements
[2025-12-20T22:50:42.914+0000] {logging_mixin.py:151} INFO -    GB: 42 enregistrements
[2025-12-20T22:50:42.916+0000] {logging_mixin.py:151} INFO -    SE: 41 enregistrements
[2025-12-20T22:50:42.917+0000] {logging_mixin.py:151} INFO -    NO: 41 enregistrements
[2025-12-20T22:50:42.918+0000] {logging_mixin.py:151} INFO -    MA: 40 enregistrements
[2025-12-20T22:50:42.918+0000] {logging_mixin.py:151} INFO - 
✅ TOTAL: 848 enregistrements
[2025-12-20T22:50:42.919+0000] {logging_mixin.py:151} INFO - ============================================================
[2025-12-20T22:50:42.921+0000] {python.py:194} INFO - Done. Returned value was: {'mix': 424, 'carbone': 424, 'total': 848}
[2025-12-20T22:50:43.996+0000] {taskinstance.py:1400} INFO - Marking task as SUCCESS. dag_id=simple_energy_data_verification, task_id=count_postgresql_data, execution_date=20251220T225030, start_date=20251220T225038, end_date=20251220T225043
[2025-12-20T22:50:44.225+0000] {local_task_job_runner.py:228} INFO - Task exited with return code 0
[2025-12-20T22:50:44.710+0000] {taskinstance.py:2784} INFO - 0 downstream tasks scheduled from follow-on schedule check
