[2025-12-22T11:09:29.276+0000] {taskinstance.py:1159} INFO - Dependencies all met for dep_context=non-requeueable deps ti=<TaskInstance: energy_complete_pipeline_orchestration.check_spark_postgresql scheduled__2025-12-22T10:30:00+00:00 [queued]>
[2025-12-22T11:09:29.433+0000] {taskinstance.py:1159} INFO - Dependencies all met for dep_context=requeueable deps ti=<TaskInstance: energy_complete_pipeline_orchestration.check_spark_postgresql scheduled__2025-12-22T10:30:00+00:00 [queued]>
[2025-12-22T11:09:29.435+0000] {taskinstance.py:1361} INFO - Starting attempt 1 of 3
[2025-12-22T11:09:29.615+0000] {taskinstance.py:1382} INFO - Executing <Task(PythonOperator): check_spark_postgresql> on 2025-12-22 10:30:00+00:00
[2025-12-22T11:09:29.698+0000] {standard_task_runner.py:57} INFO - Started process 818 to run task
[2025-12-22T11:09:29.790+0000] {standard_task_runner.py:84} INFO - Running: ['airflow', 'tasks', 'run', 'energy_complete_pipeline_orchestration', 'check_spark_postgresql', 'scheduled__2025-12-22T10:30:00+00:00', '--job-id', '140', '--raw', '--subdir', 'DAGS_FOLDER/energy_pipeline_orchestration.py', '--cfg-path', '/tmp/tmp9hojwd59']
[2025-12-22T11:09:29.859+0000] {standard_task_runner.py:85} INFO - Job 140: Subtask check_spark_postgresql
[2025-12-22T11:09:36.536+0000] {task_command.py:415} INFO - Running <TaskInstance: energy_complete_pipeline_orchestration.check_spark_postgresql scheduled__2025-12-22T10:30:00+00:00 [running]> on host 1fdfe70c11b0
[2025-12-22T11:09:58.644+0000] {taskinstance.py:1660} INFO - Exporting env vars: AIRFLOW_CTX_DAG_OWNER='energy_team' AIRFLOW_CTX_DAG_ID='energy_complete_pipeline_orchestration' AIRFLOW_CTX_TASK_ID='check_spark_postgresql' AIRFLOW_CTX_EXECUTION_DATE='2025-12-22T10:30:00+00:00' AIRFLOW_CTX_TRY_NUMBER='1' AIRFLOW_CTX_DAG_RUN_ID='scheduled__2025-12-22T10:30:00+00:00'
[2025-12-22T11:09:58.665+0000] {logging_mixin.py:151} INFO - 
======================================================================
[2025-12-22T11:09:58.670+0000] {logging_mixin.py:151} INFO - ⚡ VÉRIFICATION SPARK STREAMING → POSTGRESQL
[2025-12-22T11:09:58.672+0000] {logging_mixin.py:151} INFO - ======================================================================
[2025-12-22T11:10:02.373+0000] {base.py:73} INFO - Using connection ID 'postgres_energie' for task execution.
[2025-12-22T11:10:06.535+0000] {sql.py:418} INFO - Running statement: SELECT COUNT(*) FROM mix_energie_table, parameters: None
[2025-12-22T11:10:06.653+0000] {sql.py:427} INFO - Rows affected: 1
[2025-12-22T11:10:11.007+0000] {base.py:73} INFO - Using connection ID 'postgres_energie' for task execution.
[2025-12-22T11:10:13.916+0000] {sql.py:418} INFO - Running statement: SELECT MAX(processing_time) FROM mix_energie_table, parameters: None
[2025-12-22T11:10:14.045+0000] {sql.py:427} INFO - Rows affected: 1
[2025-12-22T11:10:17.689+0000] {base.py:73} INFO - Using connection ID 'postgres_energie' for task execution.
[2025-12-22T11:10:19.757+0000] {sql.py:418} INFO - Running statement: 
                    SELECT COUNT(*) FROM mix_energie_table
                    WHERE processing_time > NOW() - INTERVAL '10 minutes'
                , parameters: None
[2025-12-22T11:10:19.796+0000] {sql.py:427} INFO - Rows affected: 1
[2025-12-22T11:10:19.841+0000] {logging_mixin.py:151} INFO - ✅ mix_energie_table:
[2025-12-22T11:10:19.857+0000] {logging_mixin.py:151} INFO -    Total: 1,432 enregistrements
[2025-12-22T11:10:19.872+0000] {logging_mixin.py:151} INFO -    Dernière mise à jour: 2025-12-21 14:10:41.641847
[2025-12-22T11:10:19.888+0000] {logging_mixin.py:151} INFO -    Nouveaux (10 min): 0
[2025-12-22T11:10:26.983+0000] {base.py:73} INFO - Using connection ID 'postgres_energie' for task execution.
[2025-12-22T11:10:31.523+0000] {sql.py:418} INFO - Running statement: SELECT COUNT(*) FROM carbone_energie_table, parameters: None
[2025-12-22T11:10:31.607+0000] {sql.py:427} INFO - Rows affected: 1
[2025-12-22T11:10:34.018+0000] {base.py:73} INFO - Using connection ID 'postgres_energie' for task execution.
[2025-12-22T11:10:37.416+0000] {sql.py:418} INFO - Running statement: SELECT MAX(processing_time) FROM carbone_energie_table, parameters: None
[2025-12-22T11:10:37.423+0000] {sql.py:427} INFO - Rows affected: 1
[2025-12-22T11:10:38.966+0000] {base.py:73} INFO - Using connection ID 'postgres_energie' for task execution.
[2025-12-22T11:10:44.217+0000] {sql.py:418} INFO - Running statement: 
                    SELECT COUNT(*) FROM carbone_energie_table
                    WHERE processing_time > NOW() - INTERVAL '10 minutes'
                , parameters: None
[2025-12-22T11:10:44.263+0000] {sql.py:427} INFO - Rows affected: 1
[2025-12-22T11:10:44.266+0000] {logging_mixin.py:151} INFO - ✅ carbone_energie_table:
[2025-12-22T11:10:44.313+0000] {logging_mixin.py:151} INFO -    Total: 1,428 enregistrements
[2025-12-22T11:10:44.329+0000] {logging_mixin.py:151} INFO -    Dernière mise à jour: 2025-12-21 14:10:40.937061
[2025-12-22T11:10:44.359+0000] {logging_mixin.py:151} INFO -    Nouveaux (10 min): 0
[2025-12-22T11:10:44.375+0000] {logging_mixin.py:151} INFO - 
✅ Spark Streaming vers PostgreSQL opérationnel
[2025-12-22T11:10:44.377+0000] {python.py:194} INFO - Done. Returned value was: True
[2025-12-22T11:10:51.326+0000] {taskinstance.py:1400} INFO - Marking task as SUCCESS. dag_id=energy_complete_pipeline_orchestration, task_id=check_spark_postgresql, execution_date=20251222T103000, start_date=20251222T110929, end_date=20251222T111051
[2025-12-22T11:10:51.949+0000] {local_task_job_runner.py:228} INFO - Task exited with return code 0
