[2025-12-22T12:25:58.736+0000] {taskinstance.py:1159} INFO - Dependencies all met for dep_context=non-requeueable deps ti=<TaskInstance: energy_complete_pipeline_orchestration.check_spark_postgresql manual__2025-12-22T12:11:07.973642+00:00 [queued]>
[2025-12-22T12:25:58.797+0000] {taskinstance.py:1159} INFO - Dependencies all met for dep_context=requeueable deps ti=<TaskInstance: energy_complete_pipeline_orchestration.check_spark_postgresql manual__2025-12-22T12:11:07.973642+00:00 [queued]>
[2025-12-22T12:25:58.826+0000] {taskinstance.py:1361} INFO - Starting attempt 1 of 3
[2025-12-22T12:25:58.986+0000] {taskinstance.py:1382} INFO - Executing <Task(PythonOperator): check_spark_postgresql> on 2025-12-22 12:11:07.973642+00:00
[2025-12-22T12:25:59.041+0000] {standard_task_runner.py:57} INFO - Started process 996 to run task
[2025-12-22T12:25:59.076+0000] {standard_task_runner.py:84} INFO - Running: ['airflow', 'tasks', 'run', 'energy_complete_pipeline_orchestration', 'check_spark_postgresql', 'manual__2025-12-22T12:11:07.973642+00:00', '--job-id', '182', '--raw', '--subdir', 'DAGS_FOLDER/energy_pipeline_orchestration.py', '--cfg-path', '/tmp/tmprg917m9e']
[2025-12-22T12:25:59.109+0000] {standard_task_runner.py:85} INFO - Job 182: Subtask check_spark_postgresql
[2025-12-22T12:26:03.887+0000] {task_command.py:415} INFO - Running <TaskInstance: energy_complete_pipeline_orchestration.check_spark_postgresql manual__2025-12-22T12:11:07.973642+00:00 [running]> on host 1fdfe70c11b0
[2025-12-22T12:26:10.676+0000] {taskinstance.py:1660} INFO - Exporting env vars: AIRFLOW_CTX_DAG_OWNER='energy_team' AIRFLOW_CTX_DAG_ID='energy_complete_pipeline_orchestration' AIRFLOW_CTX_TASK_ID='check_spark_postgresql' AIRFLOW_CTX_EXECUTION_DATE='2025-12-22T12:11:07.973642+00:00' AIRFLOW_CTX_TRY_NUMBER='1' AIRFLOW_CTX_DAG_RUN_ID='manual__2025-12-22T12:11:07.973642+00:00'
[2025-12-22T12:26:10.685+0000] {logging_mixin.py:151} INFO - 
======================================================================
[2025-12-22T12:26:10.688+0000] {logging_mixin.py:151} INFO - ⚡ VÉRIFICATION SPARK STREAMING → POSTGRESQL
[2025-12-22T12:26:10.691+0000] {logging_mixin.py:151} INFO - ======================================================================
[2025-12-22T12:26:12.962+0000] {base.py:73} INFO - Using connection ID 'postgres_energie' for task execution.
[2025-12-22T12:26:16.957+0000] {sql.py:418} INFO - Running statement: SELECT COUNT(*) FROM mix_energie_table, parameters: None
[2025-12-22T12:26:16.974+0000] {sql.py:427} INFO - Rows affected: 1
[2025-12-22T12:26:18.453+0000] {base.py:73} INFO - Using connection ID 'postgres_energie' for task execution.
[2025-12-22T12:26:20.948+0000] {sql.py:418} INFO - Running statement: SELECT MAX(processing_time) FROM mix_energie_table, parameters: None
[2025-12-22T12:26:20.954+0000] {sql.py:427} INFO - Rows affected: 1
[2025-12-22T12:26:21.301+0000] {base.py:73} INFO - Using connection ID 'postgres_energie' for task execution.
[2025-12-22T12:26:21.903+0000] {sql.py:418} INFO - Running statement: 
                    SELECT COUNT(*) FROM mix_energie_table
                    WHERE processing_time > NOW() - INTERVAL '10 minutes'
                , parameters: None
[2025-12-22T12:26:21.913+0000] {sql.py:427} INFO - Rows affected: 1
[2025-12-22T12:26:21.916+0000] {logging_mixin.py:151} INFO - ✅ mix_energie_table:
[2025-12-22T12:26:21.917+0000] {logging_mixin.py:151} INFO -    Total: 1,432 enregistrements
[2025-12-22T12:26:21.919+0000] {logging_mixin.py:151} INFO -    Dernière mise à jour: 2025-12-21 14:10:41.641847
[2025-12-22T12:26:21.928+0000] {logging_mixin.py:151} INFO -    Nouveaux (10 min): 0
[2025-12-22T12:26:22.571+0000] {base.py:73} INFO - Using connection ID 'postgres_energie' for task execution.
[2025-12-22T12:26:25.180+0000] {sql.py:418} INFO - Running statement: SELECT COUNT(*) FROM carbone_energie_table, parameters: None
[2025-12-22T12:26:25.201+0000] {sql.py:427} INFO - Rows affected: 1
[2025-12-22T12:26:26.557+0000] {base.py:73} INFO - Using connection ID 'postgres_energie' for task execution.
[2025-12-22T12:26:28.540+0000] {sql.py:418} INFO - Running statement: SELECT MAX(processing_time) FROM carbone_energie_table, parameters: None
[2025-12-22T12:26:28.573+0000] {sql.py:427} INFO - Rows affected: 1
[2025-12-22T12:26:31.447+0000] {base.py:73} INFO - Using connection ID 'postgres_energie' for task execution.
[2025-12-22T12:26:33.638+0000] {sql.py:418} INFO - Running statement: 
                    SELECT COUNT(*) FROM carbone_energie_table
                    WHERE processing_time > NOW() - INTERVAL '10 minutes'
                , parameters: None
[2025-12-22T12:26:33.660+0000] {sql.py:427} INFO - Rows affected: 1
[2025-12-22T12:26:33.668+0000] {logging_mixin.py:151} INFO - ✅ carbone_energie_table:
[2025-12-22T12:26:33.670+0000] {logging_mixin.py:151} INFO -    Total: 1,428 enregistrements
[2025-12-22T12:26:33.673+0000] {logging_mixin.py:151} INFO -    Dernière mise à jour: 2025-12-21 14:10:40.937061
[2025-12-22T12:26:33.680+0000] {logging_mixin.py:151} INFO -    Nouveaux (10 min): 0
[2025-12-22T12:26:33.681+0000] {logging_mixin.py:151} INFO - 
✅ Spark Streaming vers PostgreSQL opérationnel
[2025-12-22T12:26:33.682+0000] {python.py:194} INFO - Done. Returned value was: True
[2025-12-22T12:26:37.040+0000] {taskinstance.py:1400} INFO - Marking task as SUCCESS. dag_id=energy_complete_pipeline_orchestration, task_id=check_spark_postgresql, execution_date=20251222T121107, start_date=20251222T122558, end_date=20251222T122637
[2025-12-22T12:26:37.432+0000] {local_task_job_runner.py:228} INFO - Task exited with return code 0
[2025-12-22T12:26:41.128+0000] {taskinstance.py:2784} INFO - 0 downstream tasks scheduled from follow-on schedule check
