[2025-12-22T12:30:48.125+0000] {taskinstance.py:1159} INFO - Dependencies all met for dep_context=non-requeueable deps ti=<TaskInstance: energy_complete_pipeline_orchestration.check_spark_postgresql scheduled__2025-12-22T12:00:00+00:00 [queued]>
[2025-12-22T12:30:48.153+0000] {taskinstance.py:1159} INFO - Dependencies all met for dep_context=requeueable deps ti=<TaskInstance: energy_complete_pipeline_orchestration.check_spark_postgresql scheduled__2025-12-22T12:00:00+00:00 [queued]>
[2025-12-22T12:30:48.155+0000] {taskinstance.py:1361} INFO - Starting attempt 1 of 3
[2025-12-22T12:30:48.217+0000] {taskinstance.py:1382} INFO - Executing <Task(PythonOperator): check_spark_postgresql> on 2025-12-22 12:00:00+00:00
[2025-12-22T12:30:48.237+0000] {standard_task_runner.py:57} INFO - Started process 1083 to run task
[2025-12-22T12:30:48.249+0000] {standard_task_runner.py:84} INFO - Running: ['airflow', 'tasks', 'run', 'energy_complete_pipeline_orchestration', 'check_spark_postgresql', 'scheduled__2025-12-22T12:00:00+00:00', '--job-id', '188', '--raw', '--subdir', 'DAGS_FOLDER/energy_pipeline_orchestration.py', '--cfg-path', '/tmp/tmp1sntxpc2']
[2025-12-22T12:30:48.255+0000] {standard_task_runner.py:85} INFO - Job 188: Subtask check_spark_postgresql
[2025-12-22T12:30:49.112+0000] {task_command.py:415} INFO - Running <TaskInstance: energy_complete_pipeline_orchestration.check_spark_postgresql scheduled__2025-12-22T12:00:00+00:00 [running]> on host 1fdfe70c11b0
[2025-12-22T12:30:51.062+0000] {taskinstance.py:1660} INFO - Exporting env vars: AIRFLOW_CTX_DAG_OWNER='energy_team' AIRFLOW_CTX_DAG_ID='energy_complete_pipeline_orchestration' AIRFLOW_CTX_TASK_ID='check_spark_postgresql' AIRFLOW_CTX_EXECUTION_DATE='2025-12-22T12:00:00+00:00' AIRFLOW_CTX_TRY_NUMBER='1' AIRFLOW_CTX_DAG_RUN_ID='scheduled__2025-12-22T12:00:00+00:00'
[2025-12-22T12:30:51.066+0000] {logging_mixin.py:151} INFO - 
======================================================================
[2025-12-22T12:30:51.067+0000] {logging_mixin.py:151} INFO - ⚡ VÉRIFICATION SPARK STREAMING → POSTGRESQL
[2025-12-22T12:30:51.069+0000] {logging_mixin.py:151} INFO - ======================================================================
[2025-12-22T12:30:51.384+0000] {base.py:73} INFO - Using connection ID 'postgres_energie' for task execution.
[2025-12-22T12:30:51.554+0000] {sql.py:418} INFO - Running statement: SELECT COUNT(*) FROM mix_energie_table, parameters: None
[2025-12-22T12:30:51.561+0000] {sql.py:427} INFO - Rows affected: 1
[2025-12-22T12:30:51.735+0000] {base.py:73} INFO - Using connection ID 'postgres_energie' for task execution.
[2025-12-22T12:30:51.905+0000] {sql.py:418} INFO - Running statement: SELECT MAX(processing_time) FROM mix_energie_table, parameters: None
[2025-12-22T12:30:51.916+0000] {sql.py:427} INFO - Rows affected: 1
[2025-12-22T12:30:52.349+0000] {base.py:73} INFO - Using connection ID 'postgres_energie' for task execution.
[2025-12-22T12:30:52.512+0000] {sql.py:418} INFO - Running statement: 
                    SELECT COUNT(*) FROM mix_energie_table
                    WHERE processing_time > NOW() - INTERVAL '10 minutes'
                , parameters: None
[2025-12-22T12:30:52.518+0000] {sql.py:427} INFO - Rows affected: 1
[2025-12-22T12:30:52.519+0000] {logging_mixin.py:151} INFO - ✅ mix_energie_table:
[2025-12-22T12:30:52.521+0000] {logging_mixin.py:151} INFO -    Total: 2,356 enregistrements
[2025-12-22T12:30:52.522+0000] {logging_mixin.py:151} INFO -    Dernière mise à jour: 2025-12-22 12:30:12.447009
[2025-12-22T12:30:52.523+0000] {logging_mixin.py:151} INFO -    Nouveaux (10 min): 924
[2025-12-22T12:30:52.733+0000] {base.py:73} INFO - Using connection ID 'postgres_energie' for task execution.
[2025-12-22T12:30:52.905+0000] {sql.py:418} INFO - Running statement: SELECT COUNT(*) FROM carbone_energie_table, parameters: None
[2025-12-22T12:30:52.911+0000] {sql.py:427} INFO - Rows affected: 1
[2025-12-22T12:30:53.071+0000] {base.py:73} INFO - Using connection ID 'postgres_energie' for task execution.
[2025-12-22T12:30:53.408+0000] {sql.py:418} INFO - Running statement: SELECT MAX(processing_time) FROM carbone_energie_table, parameters: None
[2025-12-22T12:30:53.420+0000] {sql.py:427} INFO - Rows affected: 1
[2025-12-22T12:30:53.677+0000] {base.py:73} INFO - Using connection ID 'postgres_energie' for task execution.
[2025-12-22T12:30:53.923+0000] {sql.py:418} INFO - Running statement: 
                    SELECT COUNT(*) FROM carbone_energie_table
                    WHERE processing_time > NOW() - INTERVAL '10 minutes'
                , parameters: None
[2025-12-22T12:30:53.931+0000] {sql.py:427} INFO - Rows affected: 1
[2025-12-22T12:30:53.945+0000] {logging_mixin.py:151} INFO - ✅ carbone_energie_table:
[2025-12-22T12:30:53.961+0000] {logging_mixin.py:151} INFO -    Total: 2,355 enregistrements
[2025-12-22T12:30:53.963+0000] {logging_mixin.py:151} INFO -    Dernière mise à jour: 2025-12-22 12:30:10.762182
[2025-12-22T12:30:53.964+0000] {logging_mixin.py:151} INFO -    Nouveaux (10 min): 927
[2025-12-22T12:30:53.972+0000] {logging_mixin.py:151} INFO - 
✅ Spark Streaming vers PostgreSQL opérationnel
[2025-12-22T12:30:53.975+0000] {python.py:194} INFO - Done. Returned value was: True
[2025-12-22T12:30:55.092+0000] {taskinstance.py:1400} INFO - Marking task as SUCCESS. dag_id=energy_complete_pipeline_orchestration, task_id=check_spark_postgresql, execution_date=20251222T120000, start_date=20251222T123048, end_date=20251222T123055
[2025-12-22T12:30:55.247+0000] {local_task_job_runner.py:228} INFO - Task exited with return code 0
[2025-12-22T12:30:56.129+0000] {taskinstance.py:2784} INFO - 0 downstream tasks scheduled from follow-on schedule check
