[2025-12-22T12:04:55.858+0000] {taskinstance.py:1159} INFO - Dependencies all met for dep_context=non-requeueable deps ti=<TaskInstance: energy_complete_pipeline_orchestration.check_producer_api_kafka scheduled__2025-12-22T11:30:00+00:00 [queued]>
[2025-12-22T12:04:55.877+0000] {taskinstance.py:1159} INFO - Dependencies all met for dep_context=requeueable deps ti=<TaskInstance: energy_complete_pipeline_orchestration.check_producer_api_kafka scheduled__2025-12-22T11:30:00+00:00 [queued]>
[2025-12-22T12:04:56.154+0000] {taskinstance.py:1361} INFO - Starting attempt 1 of 3
[2025-12-22T12:04:56.219+0000] {taskinstance.py:1382} INFO - Executing <Task(PythonOperator): check_producer_api_kafka> on 2025-12-22 11:30:00+00:00
[2025-12-22T12:04:56.242+0000] {standard_task_runner.py:57} INFO - Started process 770 to run task
[2025-12-22T12:04:56.269+0000] {standard_task_runner.py:84} INFO - Running: ['airflow', 'tasks', 'run', 'energy_complete_pipeline_orchestration', 'check_producer_api_kafka', 'scheduled__2025-12-22T11:30:00+00:00', '--job-id', '174', '--raw', '--subdir', 'DAGS_FOLDER/energy_pipeline_orchestration.py', '--cfg-path', '/tmp/tmpy767vstz']
[2025-12-22T12:04:56.280+0000] {standard_task_runner.py:85} INFO - Job 174: Subtask check_producer_api_kafka
[2025-12-22T12:04:58.084+0000] {task_command.py:415} INFO - Running <TaskInstance: energy_complete_pipeline_orchestration.check_producer_api_kafka scheduled__2025-12-22T11:30:00+00:00 [running]> on host 1fdfe70c11b0
[2025-12-22T12:05:00.756+0000] {taskinstance.py:1660} INFO - Exporting env vars: AIRFLOW_CTX_DAG_OWNER='energy_team' AIRFLOW_CTX_DAG_ID='energy_complete_pipeline_orchestration' AIRFLOW_CTX_TASK_ID='check_producer_api_kafka' AIRFLOW_CTX_EXECUTION_DATE='2025-12-22T11:30:00+00:00' AIRFLOW_CTX_TRY_NUMBER='1' AIRFLOW_CTX_DAG_RUN_ID='scheduled__2025-12-22T11:30:00+00:00'
[2025-12-22T12:05:00.764+0000] {logging_mixin.py:151} INFO - 
======================================================================
[2025-12-22T12:05:00.768+0000] {logging_mixin.py:151} INFO - 📡 VÉRIFICATION DU PRODUCER (API → KAFKA)
[2025-12-22T12:05:00.770+0000] {logging_mixin.py:151} INFO - ======================================================================
[2025-12-22T12:05:09.390+0000] {logging_mixin.py:151} INFO - ✅ Producer container est actif
[2025-12-22T12:05:20.074+0000] {logging_mixin.py:151} INFO - ⚠️ Erreurs détectées dans les logs du producer
[2025-12-22T12:05:20.110+0000] {logging_mixin.py:151} INFO - olve 'api.electricitymap.org' ([Errno -3] Temporary failure in name resolution)"))
⚠️ Aucune donnée mix pour DE
 Erreur API carbone DE: HTTPSConnectionPool(host='api.electricitymap.org', port=443): Max retries exceeded with url: /v3/carbon-intensity/latest?zone=DE (Caused by NameResolutionError("HTTPSConnection(host='api.electricitymap.org', port=443): Failed to resolve 'api.electricitymap.org' ([Errno -3] Temporary failure in name resolution)"))
⚠️ Aucune donnée carbone pour DE
 Traitement: IT
[2025-12-22T12:05:20.112+0000] {python.py:194} INFO - Done. Returned value was: False
[2025-12-22T12:05:21.655+0000] {taskinstance.py:1400} INFO - Marking task as SUCCESS. dag_id=energy_complete_pipeline_orchestration, task_id=check_producer_api_kafka, execution_date=20251222T113000, start_date=20251222T120455, end_date=20251222T120521
[2025-12-22T12:05:21.850+0000] {local_task_job_runner.py:228} INFO - Task exited with return code 0
[2025-12-22T12:05:22.561+0000] {taskinstance.py:2784} INFO - 1 downstream tasks scheduled from follow-on schedule check
