[2025-12-21T14:08:00.614+0000] {taskinstance.py:1159} INFO - Dependencies all met for dep_context=non-requeueable deps ti=<TaskInstance: energy_complete_pipeline_orchestration.verify_postgresql_cassandra scheduled__2025-12-21T13:30:00+00:00 [queued]>
[2025-12-21T14:08:00.686+0000] {taskinstance.py:1159} INFO - Dependencies all met for dep_context=requeueable deps ti=<TaskInstance: energy_complete_pipeline_orchestration.verify_postgresql_cassandra scheduled__2025-12-21T13:30:00+00:00 [queued]>
[2025-12-21T14:08:00.688+0000] {taskinstance.py:1361} INFO - Starting attempt 1 of 3
[2025-12-21T14:08:00.769+0000] {taskinstance.py:1382} INFO - Executing <Task(PythonOperator): verify_postgresql_cassandra> on 2025-12-21 13:30:00+00:00
[2025-12-21T14:08:00.803+0000] {standard_task_runner.py:57} INFO - Started process 770 to run task
[2025-12-21T14:08:00.816+0000] {standard_task_runner.py:84} INFO - Running: ['airflow', 'tasks', 'run', 'energy_complete_pipeline_orchestration', 'verify_postgresql_cassandra', 'scheduled__2025-12-21T13:30:00+00:00', '--job-id', '81', '--raw', '--subdir', 'DAGS_FOLDER/energy_pipeline_orchestration.py', '--cfg-path', '/tmp/tmp141yv7sw']
[2025-12-21T14:08:00.826+0000] {standard_task_runner.py:85} INFO - Job 81: Subtask verify_postgresql_cassandra
[2025-12-21T14:08:01.526+0000] {task_command.py:415} INFO - Running <TaskInstance: energy_complete_pipeline_orchestration.verify_postgresql_cassandra scheduled__2025-12-21T13:30:00+00:00 [running]> on host 1fdfe70c11b0
[2025-12-21T14:08:03.662+0000] {taskinstance.py:1660} INFO - Exporting env vars: AIRFLOW_CTX_DAG_OWNER='energy_team' AIRFLOW_CTX_DAG_ID='energy_complete_pipeline_orchestration' AIRFLOW_CTX_TASK_ID='verify_postgresql_cassandra' AIRFLOW_CTX_EXECUTION_DATE='2025-12-21T13:30:00+00:00' AIRFLOW_CTX_TRY_NUMBER='1' AIRFLOW_CTX_DAG_RUN_ID='scheduled__2025-12-21T13:30:00+00:00'
[2025-12-21T14:08:03.667+0000] {logging_mixin.py:151} INFO - 
======================================================================
[2025-12-21T14:08:03.668+0000] {logging_mixin.py:151} INFO - 🔄 VÉRIFICATION POSTGRESQL → CASSANDRA
[2025-12-21T14:08:03.670+0000] {logging_mixin.py:151} INFO - ======================================================================
[2025-12-21T14:08:03.901+0000] {logging_mixin.py:151} INFO - ✅ Job de synchronisation actif
[2025-12-21T14:08:06.398+0000] {logging_mixin.py:151} INFO - ✅ Keyspace 'energie' existe
[2025-12-21T14:08:08.058+0000] {logging_mixin.py:151} INFO - ✅ Données présentes dans Cassandra (energie.mix_energie)
[2025-12-21T14:08:08.060+0000] {logging_mixin.py:151} INFO -    Total: 0 enregistrements
[2025-12-21T14:08:08.061+0000] {python.py:194} INFO - Done. Returned value was: True
[2025-12-21T14:08:08.681+0000] {taskinstance.py:1400} INFO - Marking task as SUCCESS. dag_id=energy_complete_pipeline_orchestration, task_id=verify_postgresql_cassandra, execution_date=20251221T133000, start_date=20251221T140800, end_date=20251221T140808
[2025-12-21T14:08:08.783+0000] {local_task_job_runner.py:228} INFO - Task exited with return code 0
[2025-12-21T14:08:09.121+0000] {taskinstance.py:2784} INFO - 1 downstream tasks scheduled from follow-on schedule check
