[2025-12-21T14:30:55.797+0000] {taskinstance.py:1159} INFO - Dependencies all met for dep_context=non-requeueable deps ti=<TaskInstance: energy_complete_pipeline_orchestration.check_spark_postgresql scheduled__2025-12-21T14:00:00+00:00 [queued]>
[2025-12-21T14:30:55.861+0000] {taskinstance.py:1159} INFO - Dependencies all met for dep_context=requeueable deps ti=<TaskInstance: energy_complete_pipeline_orchestration.check_spark_postgresql scheduled__2025-12-21T14:00:00+00:00 [queued]>
[2025-12-21T14:30:55.863+0000] {taskinstance.py:1361} INFO - Starting attempt 1 of 3
[2025-12-21T14:30:55.996+0000] {taskinstance.py:1382} INFO - Executing <Task(PythonOperator): check_spark_postgresql> on 2025-12-21 14:00:00+00:00
[2025-12-21T14:30:56.105+0000] {standard_task_runner.py:57} INFO - Started process 1063 to run task
[2025-12-21T14:30:56.155+0000] {standard_task_runner.py:84} INFO - Running: ['airflow', 'tasks', 'run', 'energy_complete_pipeline_orchestration', 'check_spark_postgresql', 'scheduled__2025-12-21T14:00:00+00:00', '--job-id', '88', '--raw', '--subdir', 'DAGS_FOLDER/energy_pipeline_orchestration.py', '--cfg-path', '/tmp/tmphkh3vv8x']
[2025-12-21T14:30:56.187+0000] {standard_task_runner.py:85} INFO - Job 88: Subtask check_spark_postgresql
[2025-12-21T14:30:58.492+0000] {task_command.py:415} INFO - Running <TaskInstance: energy_complete_pipeline_orchestration.check_spark_postgresql scheduled__2025-12-21T14:00:00+00:00 [running]> on host 1fdfe70c11b0
[2025-12-21T14:31:01.085+0000] {taskinstance.py:1660} INFO - Exporting env vars: AIRFLOW_CTX_DAG_OWNER='energy_team' AIRFLOW_CTX_DAG_ID='energy_complete_pipeline_orchestration' AIRFLOW_CTX_TASK_ID='check_spark_postgresql' AIRFLOW_CTX_EXECUTION_DATE='2025-12-21T14:00:00+00:00' AIRFLOW_CTX_TRY_NUMBER='1' AIRFLOW_CTX_DAG_RUN_ID='scheduled__2025-12-21T14:00:00+00:00'
[2025-12-21T14:31:01.098+0000] {logging_mixin.py:151} INFO - 
======================================================================
[2025-12-21T14:31:01.100+0000] {logging_mixin.py:151} INFO - ⚡ VÉRIFICATION SPARK STREAMING → POSTGRESQL
[2025-12-21T14:31:01.101+0000] {logging_mixin.py:151} INFO - ======================================================================
[2025-12-21T14:31:02.107+0000] {base.py:73} INFO - Using connection ID 'postgres_energie' for task execution.
[2025-12-21T14:31:02.533+0000] {sql.py:418} INFO - Running statement: SELECT COUNT(*) FROM mix_energie_table, parameters: None
[2025-12-21T14:31:02.542+0000] {sql.py:427} INFO - Rows affected: 1
[2025-12-21T14:31:04.132+0000] {base.py:73} INFO - Using connection ID 'postgres_energie' for task execution.
[2025-12-21T14:31:04.584+0000] {sql.py:418} INFO - Running statement: SELECT MAX(processing_time) FROM mix_energie_table, parameters: None
[2025-12-21T14:31:04.597+0000] {sql.py:427} INFO - Rows affected: 1
[2025-12-21T14:31:05.082+0000] {base.py:73} INFO - Using connection ID 'postgres_energie' for task execution.
[2025-12-21T14:31:05.754+0000] {sql.py:418} INFO - Running statement: 
                    SELECT COUNT(*) FROM mix_energie_table
                    WHERE processing_time > NOW() - INTERVAL '10 minutes'
                , parameters: None
[2025-12-21T14:31:05.769+0000] {sql.py:427} INFO - Rows affected: 1
[2025-12-21T14:31:05.776+0000] {logging_mixin.py:151} INFO - ✅ mix_energie_table:
[2025-12-21T14:31:05.780+0000] {logging_mixin.py:151} INFO -    Total: 1,432 enregistrements
[2025-12-21T14:31:05.781+0000] {logging_mixin.py:151} INFO -    Dernière mise à jour: 2025-12-21 14:10:41.641847
[2025-12-21T14:31:05.784+0000] {logging_mixin.py:151} INFO -    Nouveaux (10 min): 0
[2025-12-21T14:31:06.280+0000] {base.py:73} INFO - Using connection ID 'postgres_energie' for task execution.
[2025-12-21T14:31:07.061+0000] {sql.py:418} INFO - Running statement: SELECT COUNT(*) FROM carbone_energie_table, parameters: None
[2025-12-21T14:31:07.072+0000] {sql.py:427} INFO - Rows affected: 1
[2025-12-21T14:31:07.317+0000] {base.py:73} INFO - Using connection ID 'postgres_energie' for task execution.
[2025-12-21T14:31:07.516+0000] {sql.py:418} INFO - Running statement: SELECT MAX(processing_time) FROM carbone_energie_table, parameters: None
[2025-12-21T14:31:07.521+0000] {sql.py:427} INFO - Rows affected: 1
[2025-12-21T14:31:07.756+0000] {base.py:73} INFO - Using connection ID 'postgres_energie' for task execution.
[2025-12-21T14:31:08.375+0000] {sql.py:418} INFO - Running statement: 
                    SELECT COUNT(*) FROM carbone_energie_table
                    WHERE processing_time > NOW() - INTERVAL '10 minutes'
                , parameters: None
[2025-12-21T14:31:08.384+0000] {sql.py:427} INFO - Rows affected: 1
[2025-12-21T14:31:08.387+0000] {logging_mixin.py:151} INFO - ✅ carbone_energie_table:
[2025-12-21T14:31:08.388+0000] {logging_mixin.py:151} INFO -    Total: 1,428 enregistrements
[2025-12-21T14:31:08.390+0000] {logging_mixin.py:151} INFO -    Dernière mise à jour: 2025-12-21 14:10:40.937061
[2025-12-21T14:31:08.391+0000] {logging_mixin.py:151} INFO -    Nouveaux (10 min): 0
[2025-12-21T14:31:08.393+0000] {logging_mixin.py:151} INFO - 
✅ Spark Streaming vers PostgreSQL opérationnel
[2025-12-21T14:31:08.394+0000] {python.py:194} INFO - Done. Returned value was: True
[2025-12-21T14:31:09.114+0000] {taskinstance.py:1400} INFO - Marking task as SUCCESS. dag_id=energy_complete_pipeline_orchestration, task_id=check_spark_postgresql, execution_date=20251221T140000, start_date=20251221T143055, end_date=20251221T143109
[2025-12-21T14:31:09.224+0000] {local_task_job_runner.py:228} INFO - Task exited with return code 0
[2025-12-21T14:31:09.734+0000] {taskinstance.py:2784} INFO - 0 downstream tasks scheduled from follow-on schedule check
