[2025-12-22T12:31:05.639+0000] {taskinstance.py:1159} INFO - Dependencies all met for dep_context=non-requeueable deps ti=<TaskInstance: energy_complete_pipeline_orchestration.verify_postgresql_cassandra scheduled__2025-12-22T12:00:00+00:00 [queued]>
[2025-12-22T12:31:05.748+0000] {taskinstance.py:1159} INFO - Dependencies all met for dep_context=requeueable deps ti=<TaskInstance: energy_complete_pipeline_orchestration.verify_postgresql_cassandra scheduled__2025-12-22T12:00:00+00:00 [queued]>
[2025-12-22T12:31:05.838+0000] {taskinstance.py:1361} INFO - Starting attempt 1 of 3
[2025-12-22T12:31:06.157+0000] {taskinstance.py:1382} INFO - Executing <Task(PythonOperator): verify_postgresql_cassandra> on 2025-12-22 12:00:00+00:00
[2025-12-22T12:31:06.215+0000] {standard_task_runner.py:57} INFO - Started process 1090 to run task
[2025-12-22T12:31:06.249+0000] {standard_task_runner.py:84} INFO - Running: ['airflow', 'tasks', 'run', 'energy_complete_pipeline_orchestration', 'verify_postgresql_cassandra', 'scheduled__2025-12-22T12:00:00+00:00', '--job-id', '189', '--raw', '--subdir', 'DAGS_FOLDER/energy_pipeline_orchestration.py', '--cfg-path', '/tmp/tmp9euk2za2']
[2025-12-22T12:31:06.259+0000] {standard_task_runner.py:85} INFO - Job 189: Subtask verify_postgresql_cassandra
[2025-12-22T12:31:09.098+0000] {task_command.py:415} INFO - Running <TaskInstance: energy_complete_pipeline_orchestration.verify_postgresql_cassandra scheduled__2025-12-22T12:00:00+00:00 [running]> on host 1fdfe70c11b0
[2025-12-22T12:31:17.397+0000] {taskinstance.py:1660} INFO - Exporting env vars: AIRFLOW_CTX_DAG_OWNER='energy_team' AIRFLOW_CTX_DAG_ID='energy_complete_pipeline_orchestration' AIRFLOW_CTX_TASK_ID='verify_postgresql_cassandra' AIRFLOW_CTX_EXECUTION_DATE='2025-12-22T12:00:00+00:00' AIRFLOW_CTX_TRY_NUMBER='1' AIRFLOW_CTX_DAG_RUN_ID='scheduled__2025-12-22T12:00:00+00:00'
[2025-12-22T12:31:17.418+0000] {logging_mixin.py:151} INFO - 
======================================================================
[2025-12-22T12:31:17.437+0000] {logging_mixin.py:151} INFO - 🔄 VÉRIFICATION POSTGRESQL → CASSANDRA
[2025-12-22T12:31:17.465+0000] {logging_mixin.py:151} INFO - ======================================================================
[2025-12-22T12:31:29.082+0000] {logging_mixin.py:151} INFO - ✅ Keyspace 'energie' existe
[2025-12-22T12:31:56.029+0000] {logging_mixin.py:151} INFO - ✅ Données présentes dans Cassandra (energie.mix_energie)
[2025-12-22T12:31:56.033+0000] {logging_mixin.py:151} INFO -    Total: 100 enregistrements
[2025-12-22T12:31:56.037+0000] {python.py:194} INFO - Done. Returned value was: True
[2025-12-22T12:31:57.087+0000] {taskinstance.py:1400} INFO - Marking task as SUCCESS. dag_id=energy_complete_pipeline_orchestration, task_id=verify_postgresql_cassandra, execution_date=20251222T120000, start_date=20251222T123105, end_date=20251222T123157
[2025-12-22T12:31:58.011+0000] {local_task_job_runner.py:228} INFO - Task exited with return code 0
[2025-12-22T12:31:58.484+0000] {taskinstance.py:2784} INFO - 1 downstream tasks scheduled from follow-on schedule check
