[2025-12-21T15:30:34.601+0000] {taskinstance.py:1159} INFO - Dependencies all met for dep_context=non-requeueable deps ti=<TaskInstance: energy_complete_pipeline_orchestration.verify_postgresql_cassandra scheduled__2025-12-21T15:00:00+00:00 [queued]>
[2025-12-21T15:30:34.651+0000] {taskinstance.py:1159} INFO - Dependencies all met for dep_context=requeueable deps ti=<TaskInstance: energy_complete_pipeline_orchestration.verify_postgresql_cassandra scheduled__2025-12-21T15:00:00+00:00 [queued]>
[2025-12-21T15:30:34.653+0000] {taskinstance.py:1361} INFO - Starting attempt 1 of 3
[2025-12-21T15:30:34.755+0000] {taskinstance.py:1382} INFO - Executing <Task(PythonOperator): verify_postgresql_cassandra> on 2025-12-21 15:00:00+00:00
[2025-12-21T15:30:34.795+0000] {standard_task_runner.py:57} INFO - Started process 925 to run task
[2025-12-21T15:30:34.804+0000] {standard_task_runner.py:84} INFO - Running: ['airflow', 'tasks', 'run', 'energy_complete_pipeline_orchestration', 'verify_postgresql_cassandra', 'scheduled__2025-12-21T15:00:00+00:00', '--job-id', '122', '--raw', '--subdir', 'DAGS_FOLDER/energy_pipeline_orchestration.py', '--cfg-path', '/tmp/tmpnam59xqt']
[2025-12-21T15:30:34.812+0000] {standard_task_runner.py:85} INFO - Job 122: Subtask verify_postgresql_cassandra
[2025-12-21T15:30:35.824+0000] {task_command.py:415} INFO - Running <TaskInstance: energy_complete_pipeline_orchestration.verify_postgresql_cassandra scheduled__2025-12-21T15:00:00+00:00 [running]> on host 1fdfe70c11b0
[2025-12-21T15:30:36.890+0000] {taskinstance.py:1660} INFO - Exporting env vars: AIRFLOW_CTX_DAG_OWNER='energy_team' AIRFLOW_CTX_DAG_ID='energy_complete_pipeline_orchestration' AIRFLOW_CTX_TASK_ID='verify_postgresql_cassandra' AIRFLOW_CTX_EXECUTION_DATE='2025-12-21T15:00:00+00:00' AIRFLOW_CTX_TRY_NUMBER='1' AIRFLOW_CTX_DAG_RUN_ID='scheduled__2025-12-21T15:00:00+00:00'
[2025-12-21T15:30:36.893+0000] {logging_mixin.py:151} INFO - 
======================================================================
[2025-12-21T15:30:36.895+0000] {logging_mixin.py:151} INFO - 🔄 VÉRIFICATION POSTGRESQL → CASSANDRA
[2025-12-21T15:30:36.896+0000] {logging_mixin.py:151} INFO - ======================================================================
[2025-12-21T15:30:37.586+0000] {logging_mixin.py:151} INFO - ✅ Job de synchronisation actif
[2025-12-21T15:30:39.943+0000] {logging_mixin.py:151} INFO - ✅ Keyspace 'energie' existe
[2025-12-21T15:30:41.786+0000] {logging_mixin.py:151} INFO - ✅ Données présentes dans Cassandra (energie.mix_energie)
[2025-12-21T15:30:41.788+0000] {logging_mixin.py:151} INFO -    Total: 100 enregistrements
[2025-12-21T15:30:41.789+0000] {python.py:194} INFO - Done. Returned value was: True
[2025-12-21T15:30:42.269+0000] {taskinstance.py:1400} INFO - Marking task as SUCCESS. dag_id=energy_complete_pipeline_orchestration, task_id=verify_postgresql_cassandra, execution_date=20251221T150000, start_date=20251221T153034, end_date=20251221T153042
[2025-12-21T15:30:42.350+0000] {local_task_job_runner.py:228} INFO - Task exited with return code 0
[2025-12-21T15:30:42.624+0000] {taskinstance.py:2784} INFO - 1 downstream tasks scheduled from follow-on schedule check
