[2025-12-21T15:52:15.302+0000] {taskinstance.py:1159} INFO - Dependencies all met for dep_context=non-requeueable deps ti=<TaskInstance: energy_complete_pipeline_orchestration.verify_postgresql_cassandra manual__2025-12-21T15:51:23.145203+00:00 [queued]>
[2025-12-21T15:52:15.329+0000] {taskinstance.py:1159} INFO - Dependencies all met for dep_context=requeueable deps ti=<TaskInstance: energy_complete_pipeline_orchestration.verify_postgresql_cassandra manual__2025-12-21T15:51:23.145203+00:00 [queued]>
[2025-12-21T15:52:15.331+0000] {taskinstance.py:1361} INFO - Starting attempt 1 of 3
[2025-12-21T15:52:15.396+0000] {taskinstance.py:1382} INFO - Executing <Task(PythonOperator): verify_postgresql_cassandra> on 2025-12-21 15:51:23.145203+00:00
[2025-12-21T15:52:15.431+0000] {standard_task_runner.py:57} INFO - Started process 694 to run task
[2025-12-21T15:52:15.452+0000] {standard_task_runner.py:84} INFO - Running: ['airflow', 'tasks', 'run', 'energy_complete_pipeline_orchestration', 'verify_postgresql_cassandra', 'manual__2025-12-21T15:51:23.145203+00:00', '--job-id', '131', '--raw', '--subdir', 'DAGS_FOLDER/energy_pipeline_orchestration.py', '--cfg-path', '/tmp/tmp0akr7456']
[2025-12-21T15:52:15.480+0000] {standard_task_runner.py:85} INFO - Job 131: Subtask verify_postgresql_cassandra
[2025-12-21T15:52:16.593+0000] {task_command.py:415} INFO - Running <TaskInstance: energy_complete_pipeline_orchestration.verify_postgresql_cassandra manual__2025-12-21T15:51:23.145203+00:00 [running]> on host 1fdfe70c11b0
[2025-12-21T15:52:17.819+0000] {taskinstance.py:1660} INFO - Exporting env vars: AIRFLOW_CTX_DAG_OWNER='energy_team' AIRFLOW_CTX_DAG_ID='energy_complete_pipeline_orchestration' AIRFLOW_CTX_TASK_ID='verify_postgresql_cassandra' AIRFLOW_CTX_EXECUTION_DATE='2025-12-21T15:51:23.145203+00:00' AIRFLOW_CTX_TRY_NUMBER='1' AIRFLOW_CTX_DAG_RUN_ID='manual__2025-12-21T15:51:23.145203+00:00'
[2025-12-21T15:52:17.835+0000] {logging_mixin.py:151} INFO - 
======================================================================
[2025-12-21T15:52:17.836+0000] {logging_mixin.py:151} INFO - 🔄 VÉRIFICATION POSTGRESQL → CASSANDRA
[2025-12-21T15:52:17.837+0000] {logging_mixin.py:151} INFO - ======================================================================
[2025-12-21T15:52:21.149+0000] {logging_mixin.py:151} INFO - ✅ Keyspace 'energie' existe
[2025-12-21T15:52:24.460+0000] {logging_mixin.py:151} INFO - ✅ Données présentes dans Cassandra (energie.mix_energie)
[2025-12-21T15:52:24.476+0000] {logging_mixin.py:151} INFO -    Total: 100 enregistrements
[2025-12-21T15:52:24.489+0000] {python.py:194} INFO - Done. Returned value was: True
[2025-12-21T15:52:25.142+0000] {taskinstance.py:1400} INFO - Marking task as SUCCESS. dag_id=energy_complete_pipeline_orchestration, task_id=verify_postgresql_cassandra, execution_date=20251221T155123, start_date=20251221T155215, end_date=20251221T155225
[2025-12-21T15:52:25.380+0000] {local_task_job_runner.py:228} INFO - Task exited with return code 0
[2025-12-21T15:52:25.968+0000] {taskinstance.py:2784} INFO - 1 downstream tasks scheduled from follow-on schedule check
