[2025-12-20T22:25:25.752+0000] {taskinstance.py:1159} INFO - Dependencies all met for dep_context=non-requeueable deps ti=<TaskInstance: energy_data_flow_orchestration.cleanup_old_data manual__2025-12-20T22:24:08.712865+00:00 [queued]>
[2025-12-20T22:25:25.781+0000] {taskinstance.py:1159} INFO - Dependencies all met for dep_context=requeueable deps ti=<TaskInstance: energy_data_flow_orchestration.cleanup_old_data manual__2025-12-20T22:24:08.712865+00:00 [queued]>
[2025-12-20T22:25:25.781+0000] {taskinstance.py:1361} INFO - Starting attempt 1 of 3
[2025-12-20T22:25:25.837+0000] {taskinstance.py:1382} INFO - Executing <Task(PostgresOperator): cleanup_old_data> on 2025-12-20 22:24:08.712865+00:00
[2025-12-20T22:25:25.861+0000] {standard_task_runner.py:57} INFO - Started process 382 to run task
[2025-12-20T22:25:25.869+0000] {standard_task_runner.py:84} INFO - Running: ['airflow', 'tasks', 'run', 'energy_data_flow_orchestration', 'cleanup_old_data', 'manual__2025-12-20T22:24:08.712865+00:00', '--job-id', '31', '--raw', '--subdir', 'DAGS_FOLDER/energy_data_flow_orchestration.py', '--cfg-path', '/tmp/tmp8o5so3k8']
[2025-12-20T22:25:25.877+0000] {standard_task_runner.py:85} INFO - Job 31: Subtask cleanup_old_data
[2025-12-20T22:25:26.636+0000] {task_command.py:415} INFO - Running <TaskInstance: energy_data_flow_orchestration.cleanup_old_data manual__2025-12-20T22:24:08.712865+00:00 [running]> on host 678571ccefef
[2025-12-20T22:25:27.537+0000] {taskinstance.py:1660} INFO - Exporting env vars: AIRFLOW_CTX_DAG_EMAIL='admin@energy.com' AIRFLOW_CTX_DAG_OWNER='energy_team' AIRFLOW_CTX_DAG_ID='energy_data_flow_orchestration' AIRFLOW_CTX_TASK_ID='cleanup_old_data' AIRFLOW_CTX_EXECUTION_DATE='2025-12-20T22:24:08.712865+00:00' AIRFLOW_CTX_TRY_NUMBER='1' AIRFLOW_CTX_DAG_RUN_ID='manual__2025-12-20T22:24:08.712865+00:00'
[2025-12-20T22:25:27.542+0000] {sql.py:274} INFO - Executing: 
        -- Supprimer données de plus de 90 jours
        DELETE FROM mix_energie_table 
        WHERE datetime < CURRENT_DATE - INTERVAL '90 days';
        
        DELETE FROM carbone_energie_table 
        WHERE datetime < CURRENT_DATE - INTERVAL '90 days';
        
        -- Supprimer stats de plus de 1 an
        DELETE FROM hourly_energy_stats 
        WHERE hour < CURRENT_DATE - INTERVAL '1 year';
    
[2025-12-20T22:25:27.844+0000] {base.py:73} INFO - Using connection ID 'postgres_energie' for task execution.
[2025-12-20T22:25:28.164+0000] {base.py:73} INFO - Using connection ID 'postgres_energie' for task execution.
[2025-12-20T22:25:28.320+0000] {sql.py:418} INFO - Running statement: 
        -- Supprimer données de plus de 90 jours
        DELETE FROM mix_energie_table 
        WHERE datetime < CURRENT_DATE - INTERVAL '90 days';
        
        DELETE FROM carbone_energie_table 
        WHERE datetime < CURRENT_DATE - INTERVAL '90 days';
        
        -- Supprimer stats de plus de 1 an
        DELETE FROM hourly_energy_stats 
        WHERE hour < CURRENT_DATE - INTERVAL '1 year';
    , parameters: None
[2025-12-20T22:25:28.365+0000] {sql.py:427} INFO - Rows affected: 0
[2025-12-20T22:25:28.525+0000] {taskinstance.py:1400} INFO - Marking task as SUCCESS. dag_id=energy_data_flow_orchestration, task_id=cleanup_old_data, execution_date=20251220T222408, start_date=20251220T222525, end_date=20251220T222528
[2025-12-20T22:25:28.633+0000] {local_task_job_runner.py:228} INFO - Task exited with return code 0
[2025-12-20T22:25:28.803+0000] {taskinstance.py:2784} INFO - 0 downstream tasks scheduled from follow-on schedule check
