[2025-12-21T14:31:44.510+0000] {taskinstance.py:1159} INFO - Dependencies all met for dep_context=non-requeueable deps ti=<TaskInstance: energy_complete_pipeline_orchestration.optimize_postgresql_tables scheduled__2025-12-21T14:00:00+00:00 [queued]>
[2025-12-21T14:31:44.534+0000] {taskinstance.py:1159} INFO - Dependencies all met for dep_context=requeueable deps ti=<TaskInstance: energy_complete_pipeline_orchestration.optimize_postgresql_tables scheduled__2025-12-21T14:00:00+00:00 [queued]>
[2025-12-21T14:31:44.535+0000] {taskinstance.py:1361} INFO - Starting attempt 1 of 3
[2025-12-21T14:31:44.588+0000] {taskinstance.py:1382} INFO - Executing <Task(BashOperator): optimize_postgresql_tables> on 2025-12-21 14:00:00+00:00
[2025-12-21T14:31:44.609+0000] {standard_task_runner.py:57} INFO - Started process 1095 to run task
[2025-12-21T14:31:44.623+0000] {standard_task_runner.py:84} INFO - Running: ['airflow', 'tasks', 'run', 'energy_complete_pipeline_orchestration', 'optimize_postgresql_tables', 'scheduled__2025-12-21T14:00:00+00:00', '--job-id', '90', '--raw', '--subdir', 'DAGS_FOLDER/energy_pipeline_orchestration.py', '--cfg-path', '/tmp/tmpsbdxmd8s']
[2025-12-21T14:31:44.629+0000] {standard_task_runner.py:85} INFO - Job 90: Subtask optimize_postgresql_tables
[2025-12-21T14:31:45.265+0000] {task_command.py:415} INFO - Running <TaskInstance: energy_complete_pipeline_orchestration.optimize_postgresql_tables scheduled__2025-12-21T14:00:00+00:00 [running]> on host 1fdfe70c11b0
[2025-12-21T14:31:46.379+0000] {taskinstance.py:1660} INFO - Exporting env vars: AIRFLOW_CTX_DAG_OWNER='energy_team' AIRFLOW_CTX_DAG_ID='energy_complete_pipeline_orchestration' AIRFLOW_CTX_TASK_ID='optimize_postgresql_tables' AIRFLOW_CTX_EXECUTION_DATE='2025-12-21T14:00:00+00:00' AIRFLOW_CTX_TRY_NUMBER='1' AIRFLOW_CTX_DAG_RUN_ID='scheduled__2025-12-21T14:00:00+00:00'
[2025-12-21T14:31:46.383+0000] {subprocess.py:63} INFO - Tmp dir root location: /tmp
[2025-12-21T14:31:46.393+0000] {subprocess.py:75} INFO - Running command: ['/bin/bash', '-c', '\n        docker exec postgres psql -U admin -d energie_db -c "\n            VACUUM ANALYZE mix_energie_table;\n            VACUUM ANALYZE carbone_energie_table;\n        "\n    ']
[2025-12-21T14:31:46.452+0000] {subprocess.py:86} INFO - Output:
[2025-12-21T14:31:47.506+0000] {subprocess.py:93} INFO - ERROR:  VACUUM cannot run inside a transaction block
[2025-12-21T14:31:47.530+0000] {subprocess.py:97} INFO - Command exited with return code 1
[2025-12-21T14:31:47.740+0000] {taskinstance.py:1943} ERROR - Task failed with exception
Traceback (most recent call last):
  File "/home/airflow/.local/lib/python3.8/site-packages/airflow/operators/bash.py", line 210, in execute
    raise AirflowException(
airflow.exceptions.AirflowException: Bash command failed. The command returned a non-zero exit code 1.
[2025-12-21T14:31:47.764+0000] {taskinstance.py:1400} INFO - Marking task as UP_FOR_RETRY. dag_id=energy_complete_pipeline_orchestration, task_id=optimize_postgresql_tables, execution_date=20251221T140000, start_date=20251221T143144, end_date=20251221T143147
[2025-12-21T14:31:47.826+0000] {standard_task_runner.py:104} ERROR - Failed to execute job 90 for task optimize_postgresql_tables (Bash command failed. The command returned a non-zero exit code 1.; 1095)
[2025-12-21T14:31:47.913+0000] {local_task_job_runner.py:228} INFO - Task exited with return code 1
[2025-12-21T14:31:48.717+0000] {taskinstance.py:2784} INFO - 0 downstream tasks scheduled from follow-on schedule check
