[2025-12-20T22:24:25.135+0000] {taskinstance.py:1159} INFO - Dependencies all met for dep_context=non-requeueable deps ti=<TaskInstance: energy_data_flow_orchestration.verify_api_to_kafka manual__2025-12-20T22:24:08.712865+00:00 [queued]>
[2025-12-20T22:24:25.153+0000] {taskinstance.py:1159} INFO - Dependencies all met for dep_context=requeueable deps ti=<TaskInstance: energy_data_flow_orchestration.verify_api_to_kafka manual__2025-12-20T22:24:08.712865+00:00 [queued]>
[2025-12-20T22:24:25.154+0000] {taskinstance.py:1361} INFO - Starting attempt 1 of 3
[2025-12-20T22:24:25.212+0000] {taskinstance.py:1382} INFO - Executing <Task(PythonOperator): verify_api_to_kafka> on 2025-12-20 22:24:08.712865+00:00
[2025-12-20T22:24:25.226+0000] {standard_task_runner.py:57} INFO - Started process 296 to run task
[2025-12-20T22:24:25.233+0000] {standard_task_runner.py:84} INFO - Running: ['airflow', 'tasks', 'run', 'energy_data_flow_orchestration', 'verify_api_to_kafka', 'manual__2025-12-20T22:24:08.712865+00:00', '--job-id', '24', '--raw', '--subdir', 'DAGS_FOLDER/energy_data_flow_orchestration.py', '--cfg-path', '/tmp/tmpfpupn00c']
[2025-12-20T22:24:25.245+0000] {standard_task_runner.py:85} INFO - Job 24: Subtask verify_api_to_kafka
[2025-12-20T22:24:25.820+0000] {task_command.py:415} INFO - Running <TaskInstance: energy_data_flow_orchestration.verify_api_to_kafka manual__2025-12-20T22:24:08.712865+00:00 [running]> on host 678571ccefef
[2025-12-20T22:24:26.628+0000] {taskinstance.py:1660} INFO - Exporting env vars: AIRFLOW_CTX_DAG_EMAIL='admin@energy.com' AIRFLOW_CTX_DAG_OWNER='energy_team' AIRFLOW_CTX_DAG_ID='energy_data_flow_orchestration' AIRFLOW_CTX_TASK_ID='verify_api_to_kafka' AIRFLOW_CTX_EXECUTION_DATE='2025-12-20T22:24:08.712865+00:00' AIRFLOW_CTX_TRY_NUMBER='1' AIRFLOW_CTX_DAG_RUN_ID='manual__2025-12-20T22:24:08.712865+00:00'
[2025-12-20T22:24:26.644+0000] {logging_mixin.py:151} INFO - 
======================================================================
[2025-12-20T22:24:26.645+0000] {logging_mixin.py:151} INFO - 📡 ÉTAPE 1: API → KAFKA
[2025-12-20T22:24:26.646+0000] {logging_mixin.py:151} INFO - ======================================================================
[2025-12-20T22:24:26.647+0000] {logging_mixin.py:151} INFO - 📋 Vérification du Producer API...
[2025-12-20T22:24:26.712+0000] {logging_mixin.py:151} INFO - ✅ Producer fonctionne correctement
[2025-12-20T22:24:26.713+0000] {logging_mixin.py:151} INFO - 
📊 Comptage des messages Kafka...
[2025-12-20T22:24:26.769+0000] {logging_mixin.py:151} INFO - ⚠️ Topic mix_energie: aucun message
[2025-12-20T22:24:26.823+0000] {logging_mixin.py:151} INFO - ⚠️ Topic carbone_energie: aucun message
[2025-12-20T22:24:26.824+0000] {logging_mixin.py:151} INFO - 
📊 Total Kafka: 0 messages
[2025-12-20T22:24:26.825+0000] {logging_mixin.py:151} INFO - ⚠️ Aucune donnée dans Kafka. Vérifiez le producer.
[2025-12-20T22:24:26.826+0000] {python.py:194} INFO - Done. Returned value was: {'mix_energie': 0, 'carbone_energie': 0}
[2025-12-20T22:24:27.174+0000] {taskinstance.py:1400} INFO - Marking task as SUCCESS. dag_id=energy_data_flow_orchestration, task_id=verify_api_to_kafka, execution_date=20251220T222408, start_date=20251220T222425, end_date=20251220T222427
[2025-12-20T22:24:27.259+0000] {local_task_job_runner.py:228} INFO - Task exited with return code 0
[2025-12-20T22:24:27.677+0000] {taskinstance.py:2784} INFO - 1 downstream tasks scheduled from follow-on schedule check
