[2025-12-21T13:18:06.225+0000] {taskinstance.py:1159} INFO - Dependencies all met for dep_context=non-requeueable deps ti=<TaskInstance: energy_complete_pipeline_orchestration.check_spark_postgresql manual__2025-12-21T12:52:35.560354+00:00 [queued]>
[2025-12-21T13:18:06.259+0000] {taskinstance.py:1159} INFO - Dependencies all met for dep_context=requeueable deps ti=<TaskInstance: energy_complete_pipeline_orchestration.check_spark_postgresql manual__2025-12-21T12:52:35.560354+00:00 [queued]>
[2025-12-21T13:18:06.262+0000] {taskinstance.py:1361} INFO - Starting attempt 1 of 3
[2025-12-21T13:18:06.331+0000] {taskinstance.py:1382} INFO - Executing <Task(PythonOperator): check_spark_postgresql> on 2025-12-21 12:52:35.560354+00:00
[2025-12-21T13:18:06.349+0000] {standard_task_runner.py:57} INFO - Started process 1043 to run task
[2025-12-21T13:18:06.366+0000] {standard_task_runner.py:84} INFO - Running: ['airflow', 'tasks', 'run', 'energy_complete_pipeline_orchestration', 'check_spark_postgresql', 'manual__2025-12-21T12:52:35.560354+00:00', '--job-id', '71', '--raw', '--subdir', 'DAGS_FOLDER/energy_pipeline_orchestration.py', '--cfg-path', '/tmp/tmpafa6ya_e']
[2025-12-21T13:18:06.375+0000] {standard_task_runner.py:85} INFO - Job 71: Subtask check_spark_postgresql
[2025-12-21T13:18:07.314+0000] {task_command.py:415} INFO - Running <TaskInstance: energy_complete_pipeline_orchestration.check_spark_postgresql manual__2025-12-21T12:52:35.560354+00:00 [running]> on host 1fdfe70c11b0
[2025-12-21T13:18:08.797+0000] {taskinstance.py:1660} INFO - Exporting env vars: AIRFLOW_CTX_DAG_OWNER='energy_team' AIRFLOW_CTX_DAG_ID='energy_complete_pipeline_orchestration' AIRFLOW_CTX_TASK_ID='check_spark_postgresql' AIRFLOW_CTX_EXECUTION_DATE='2025-12-21T12:52:35.560354+00:00' AIRFLOW_CTX_TRY_NUMBER='1' AIRFLOW_CTX_DAG_RUN_ID='manual__2025-12-21T12:52:35.560354+00:00'
[2025-12-21T13:18:08.805+0000] {logging_mixin.py:151} INFO - 
======================================================================
[2025-12-21T13:18:08.808+0000] {logging_mixin.py:151} INFO - ⚡ VÉRIFICATION SPARK STREAMING → POSTGRESQL
[2025-12-21T13:18:08.810+0000] {logging_mixin.py:151} INFO - ======================================================================
[2025-12-21T13:18:09.117+0000] {base.py:73} INFO - Using connection ID 'postgres_energie' for task execution.
[2025-12-21T13:18:09.323+0000] {sql.py:418} INFO - Running statement: SELECT COUNT(*) FROM mix_energie_table, parameters: None
[2025-12-21T13:18:09.328+0000] {sql.py:427} INFO - Rows affected: 1
[2025-12-21T13:18:09.558+0000] {base.py:73} INFO - Using connection ID 'postgres_energie' for task execution.
[2025-12-21T13:18:09.730+0000] {sql.py:418} INFO - Running statement: SELECT MAX(processing_time) FROM mix_energie_table, parameters: None
[2025-12-21T13:18:09.741+0000] {sql.py:427} INFO - Rows affected: 1
[2025-12-21T13:18:09.986+0000] {base.py:73} INFO - Using connection ID 'postgres_energie' for task execution.
[2025-12-21T13:18:10.354+0000] {sql.py:418} INFO - Running statement: 
                    SELECT COUNT(*) FROM mix_energie_table
                    WHERE processing_time > NOW() - INTERVAL '10 minutes'
                , parameters: None
[2025-12-21T13:18:10.362+0000] {sql.py:427} INFO - Rows affected: 1
[2025-12-21T13:18:10.364+0000] {logging_mixin.py:151} INFO - ✅ mix_energie_table:
[2025-12-21T13:18:10.365+0000] {logging_mixin.py:151} INFO -    Total: 1,321 enregistrements
[2025-12-21T13:18:10.366+0000] {logging_mixin.py:151} INFO -    Dernière mise à jour: 2025-12-21 13:06:39.499208
[2025-12-21T13:18:10.367+0000] {logging_mixin.py:151} INFO -    Nouveaux (10 min): 0
[2025-12-21T13:18:10.610+0000] {base.py:73} INFO - Using connection ID 'postgres_energie' for task execution.
[2025-12-21T13:18:10.866+0000] {sql.py:418} INFO - Running statement: SELECT COUNT(*) FROM carbone_energie_table, parameters: None
[2025-12-21T13:18:10.878+0000] {sql.py:427} INFO - Rows affected: 1
[2025-12-21T13:18:11.205+0000] {base.py:73} INFO - Using connection ID 'postgres_energie' for task execution.
[2025-12-21T13:18:11.636+0000] {sql.py:418} INFO - Running statement: SELECT MAX(processing_time) FROM carbone_energie_table, parameters: None
[2025-12-21T13:18:11.657+0000] {sql.py:427} INFO - Rows affected: 1
[2025-12-21T13:18:12.231+0000] {base.py:73} INFO - Using connection ID 'postgres_energie' for task execution.
[2025-12-21T13:18:12.642+0000] {sql.py:418} INFO - Running statement: 
                    SELECT COUNT(*) FROM carbone_energie_table
                    WHERE processing_time > NOW() - INTERVAL '10 minutes'
                , parameters: None
[2025-12-21T13:18:12.651+0000] {sql.py:427} INFO - Rows affected: 1
[2025-12-21T13:18:12.653+0000] {logging_mixin.py:151} INFO - ✅ carbone_energie_table:
[2025-12-21T13:18:12.655+0000] {logging_mixin.py:151} INFO -    Total: 1,319 enregistrements
[2025-12-21T13:18:12.656+0000] {logging_mixin.py:151} INFO -    Dernière mise à jour: 2025-12-21 13:06:39.471379
[2025-12-21T13:18:12.657+0000] {logging_mixin.py:151} INFO -    Nouveaux (10 min): 0
[2025-12-21T13:18:12.658+0000] {logging_mixin.py:151} INFO - 
✅ Spark Streaming vers PostgreSQL opérationnel
[2025-12-21T13:18:12.659+0000] {python.py:194} INFO - Done. Returned value was: True
[2025-12-21T13:18:13.734+0000] {taskinstance.py:1400} INFO - Marking task as SUCCESS. dag_id=energy_complete_pipeline_orchestration, task_id=check_spark_postgresql, execution_date=20251221T125235, start_date=20251221T131806, end_date=20251221T131813
[2025-12-21T13:18:13.916+0000] {local_task_job_runner.py:228} INFO - Task exited with return code 0
[2025-12-21T13:18:14.465+0000] {taskinstance.py:2784} INFO - 1 downstream tasks scheduled from follow-on schedule check
