[2025-12-20T21:48:14.451+0000] {taskinstance.py:1159} INFO - Dependencies all met for dep_context=non-requeueable deps ti=<TaskInstance: energy_complete_pipeline.check_all_services scheduled__2025-12-20T17:00:00+00:00 [queued]>
[2025-12-20T21:48:14.497+0000] {taskinstance.py:1159} INFO - Dependencies all met for dep_context=requeueable deps ti=<TaskInstance: energy_complete_pipeline.check_all_services scheduled__2025-12-20T17:00:00+00:00 [queued]>
[2025-12-20T21:48:14.498+0000] {taskinstance.py:1361} INFO - Starting attempt 2 of 3
[2025-12-20T21:48:14.874+0000] {taskinstance.py:1382} INFO - Executing <Task(PythonOperator): check_all_services> on 2025-12-20 17:00:00+00:00
[2025-12-20T21:48:14.912+0000] {standard_task_runner.py:57} INFO - Started process 1927 to run task
[2025-12-20T21:48:14.949+0000] {standard_task_runner.py:84} INFO - Running: ['airflow', 'tasks', 'run', 'energy_complete_pipeline', 'check_all_services', 'scheduled__2025-12-20T17:00:00+00:00', '--job-id', '16', '--raw', '--subdir', 'DAGS_FOLDER/energy_data_pipeline.py', '--cfg-path', '/tmp/tmpse8176no']
[2025-12-20T21:48:14.964+0000] {standard_task_runner.py:85} INFO - Job 16: Subtask check_all_services
[2025-12-20T21:48:17.025+0000] {task_command.py:415} INFO - Running <TaskInstance: energy_complete_pipeline.check_all_services scheduled__2025-12-20T17:00:00+00:00 [running]> on host 678571ccefef
[2025-12-20T21:48:21.668+0000] {taskinstance.py:1660} INFO - Exporting env vars: AIRFLOW_CTX_DAG_EMAIL='admin@energy.com' AIRFLOW_CTX_DAG_OWNER='energy_team' AIRFLOW_CTX_DAG_ID='energy_complete_pipeline' AIRFLOW_CTX_TASK_ID='check_all_services' AIRFLOW_CTX_EXECUTION_DATE='2025-12-20T17:00:00+00:00' AIRFLOW_CTX_TRY_NUMBER='2' AIRFLOW_CTX_DAG_RUN_ID='scheduled__2025-12-20T17:00:00+00:00'
[2025-12-20T21:48:21.704+0000] {logging_mixin.py:151} INFO - 
============================================================
[2025-12-20T21:48:21.714+0000] {logging_mixin.py:151} INFO - 🔍 VÉRIFICATION DES SERVICES
[2025-12-20T21:48:21.719+0000] {logging_mixin.py:151} INFO - ============================================================
[2025-12-20T21:48:23.093+0000] {logging_mixin.py:151} INFO - ✗ API Producer        : DOWN
[2025-12-20T21:48:23.675+0000] {logging_mixin.py:151} INFO - ✗ Kafka               : DOWN
[2025-12-20T21:48:24.562+0000] {logging_mixin.py:151} INFO - ✗ MinIO               : DOWN
[2025-12-20T21:48:24.981+0000] {logging_mixin.py:151} INFO - ✗ Spark Master        : DOWN
[2025-12-20T21:48:25.150+0000] {logging_mixin.py:151} INFO - ✗ Spark SQL Streaming : DOWN
[2025-12-20T21:48:25.791+0000] {logging_mixin.py:151} INFO - ✗ PostgreSQL          : DOWN
[2025-12-20T21:48:26.226+0000] {logging_mixin.py:151} INFO - ✗ Cassandra           : DOWN
[2025-12-20T21:48:26.347+0000] {logging_mixin.py:151} INFO - ✗ Grafana             : DOWN
[2025-12-20T21:48:26.350+0000] {logging_mixin.py:151} INFO - ============================================================
[2025-12-20T21:48:26.352+0000] {taskinstance.py:1943} ERROR - Task failed with exception
Traceback (most recent call last):
  File "/home/airflow/.local/lib/python3.8/site-packages/airflow/operators/python.py", line 192, in execute
    return_value = self.execute_callable()
  File "/home/airflow/.local/lib/python3.8/site-packages/airflow/operators/python.py", line 209, in execute_callable
    return self.python_callable(*self.op_args, **self.op_kwargs)
  File "/opt/airflow/dags/energy_data_pipeline.py", line 87, in check_all_services
    raise Exception(f"Certains services sont inactifs: {results}")
Exception: Certains services sont inactifs: {'API Producer': 'DOWN', 'Kafka': 'DOWN', 'MinIO': 'DOWN', 'Spark Master': 'DOWN', 'Spark SQL Streaming': 'DOWN', 'PostgreSQL': 'DOWN', 'Cassandra': 'DOWN', 'Grafana': 'DOWN'}
[2025-12-20T21:48:26.926+0000] {taskinstance.py:1400} INFO - Marking task as UP_FOR_RETRY. dag_id=energy_complete_pipeline, task_id=check_all_services, execution_date=20251220T170000, start_date=20251220T214814, end_date=20251220T214826
[2025-12-20T21:48:27.044+0000] {standard_task_runner.py:104} ERROR - Failed to execute job 16 for task check_all_services (Certains services sont inactifs: {'API Producer': 'DOWN', 'Kafka': 'DOWN', 'MinIO': 'DOWN', 'Spark Master': 'DOWN', 'Spark SQL Streaming': 'DOWN', 'PostgreSQL': 'DOWN', 'Cassandra': 'DOWN', 'Grafana': 'DOWN'}; 1927)
[2025-12-20T21:48:27.076+0000] {local_task_job_runner.py:228} INFO - Task exited with return code 1
[2025-12-20T21:48:27.659+0000] {taskinstance.py:2784} INFO - 0 downstream tasks scheduled from follow-on schedule check
