[2025-12-22T12:46:59.882+0000] {taskinstance.py:1159} INFO - Dependencies all met for dep_context=non-requeueable deps ti=<TaskInstance: energy_complete_pipeline_orchestration.check_spark_postgresql manual__2025-12-22T12:41:10.644819+00:00 [queued]>
[2025-12-22T12:46:59.965+0000] {taskinstance.py:1159} INFO - Dependencies all met for dep_context=requeueable deps ti=<TaskInstance: energy_complete_pipeline_orchestration.check_spark_postgresql manual__2025-12-22T12:41:10.644819+00:00 [queued]>
[2025-12-22T12:46:59.967+0000] {taskinstance.py:1361} INFO - Starting attempt 1 of 3
[2025-12-22T12:47:00.274+0000] {taskinstance.py:1382} INFO - Executing <Task(PythonOperator): check_spark_postgresql> on 2025-12-22 12:41:10.644819+00:00
[2025-12-22T12:47:00.333+0000] {standard_task_runner.py:57} INFO - Started process 1247 to run task
[2025-12-22T12:47:00.397+0000] {standard_task_runner.py:84} INFO - Running: ['airflow', 'tasks', 'run', 'energy_complete_pipeline_orchestration', 'check_spark_postgresql', 'manual__2025-12-22T12:41:10.644819+00:00', '--job-id', '195', '--raw', '--subdir', 'DAGS_FOLDER/energy_pipeline_orchestration.py', '--cfg-path', '/tmp/tmple7my2gb']
[2025-12-22T12:47:00.413+0000] {standard_task_runner.py:85} INFO - Job 195: Subtask check_spark_postgresql
[2025-12-22T12:47:02.666+0000] {task_command.py:415} INFO - Running <TaskInstance: energy_complete_pipeline_orchestration.check_spark_postgresql manual__2025-12-22T12:41:10.644819+00:00 [running]> on host 1fdfe70c11b0
[2025-12-22T12:47:05.923+0000] {taskinstance.py:1660} INFO - Exporting env vars: AIRFLOW_CTX_DAG_OWNER='energy_team' AIRFLOW_CTX_DAG_ID='energy_complete_pipeline_orchestration' AIRFLOW_CTX_TASK_ID='check_spark_postgresql' AIRFLOW_CTX_EXECUTION_DATE='2025-12-22T12:41:10.644819+00:00' AIRFLOW_CTX_TRY_NUMBER='1' AIRFLOW_CTX_DAG_RUN_ID='manual__2025-12-22T12:41:10.644819+00:00'
[2025-12-22T12:47:05.953+0000] {logging_mixin.py:151} INFO - 
======================================================================
[2025-12-22T12:47:05.954+0000] {logging_mixin.py:151} INFO - ⚡ VÉRIFICATION SPARK STREAMING → POSTGRESQL
[2025-12-22T12:47:05.956+0000] {logging_mixin.py:151} INFO - ======================================================================
[2025-12-22T12:47:07.559+0000] {base.py:73} INFO - Using connection ID 'postgres_energie' for task execution.
[2025-12-22T12:47:09.118+0000] {sql.py:418} INFO - Running statement: SELECT COUNT(*) FROM mix_energie_table, parameters: None
[2025-12-22T12:47:09.131+0000] {sql.py:427} INFO - Rows affected: 1
[2025-12-22T12:47:09.728+0000] {base.py:73} INFO - Using connection ID 'postgres_energie' for task execution.
[2025-12-22T12:47:10.151+0000] {sql.py:418} INFO - Running statement: SELECT MAX(processing_time) FROM mix_energie_table, parameters: None
[2025-12-22T12:47:10.165+0000] {sql.py:427} INFO - Rows affected: 1
[2025-12-22T12:47:10.954+0000] {base.py:73} INFO - Using connection ID 'postgres_energie' for task execution.
[2025-12-22T12:47:11.546+0000] {sql.py:418} INFO - Running statement: 
                    SELECT COUNT(*) FROM mix_energie_table
                    WHERE processing_time > NOW() - INTERVAL '10 minutes'
                , parameters: None
[2025-12-22T12:47:11.560+0000] {sql.py:427} INFO - Rows affected: 1
[2025-12-22T12:47:11.562+0000] {logging_mixin.py:151} INFO - ✅ mix_energie_table:
[2025-12-22T12:47:11.567+0000] {logging_mixin.py:151} INFO -    Total: 2,387 enregistrements
[2025-12-22T12:47:11.573+0000] {logging_mixin.py:151} INFO -    Dernière mise à jour: 2025-12-22 12:45:53.094170
[2025-12-22T12:47:11.574+0000] {logging_mixin.py:151} INFO -    Nouveaux (10 min): 11
[2025-12-22T12:47:12.247+0000] {base.py:73} INFO - Using connection ID 'postgres_energie' for task execution.
[2025-12-22T12:47:13.260+0000] {sql.py:418} INFO - Running statement: SELECT COUNT(*) FROM carbone_energie_table, parameters: None
[2025-12-22T12:47:13.295+0000] {sql.py:427} INFO - Rows affected: 1
[2025-12-22T12:47:13.794+0000] {base.py:73} INFO - Using connection ID 'postgres_energie' for task execution.
[2025-12-22T12:47:14.242+0000] {sql.py:418} INFO - Running statement: SELECT MAX(processing_time) FROM carbone_energie_table, parameters: None
[2025-12-22T12:47:14.276+0000] {sql.py:427} INFO - Rows affected: 1
[2025-12-22T12:47:14.894+0000] {base.py:73} INFO - Using connection ID 'postgres_energie' for task execution.
[2025-12-22T12:47:15.258+0000] {sql.py:418} INFO - Running statement: 
                    SELECT COUNT(*) FROM carbone_energie_table
                    WHERE processing_time > NOW() - INTERVAL '10 minutes'
                , parameters: None
[2025-12-22T12:47:15.289+0000] {sql.py:427} INFO - Rows affected: 1
[2025-12-22T12:47:15.291+0000] {logging_mixin.py:151} INFO - ✅ carbone_energie_table:
[2025-12-22T12:47:15.307+0000] {logging_mixin.py:151} INFO -    Total: 2,389 enregistrements
[2025-12-22T12:47:15.309+0000] {logging_mixin.py:151} INFO -    Dernière mise à jour: 2025-12-22 12:46:10.455878
[2025-12-22T12:47:15.311+0000] {logging_mixin.py:151} INFO -    Nouveaux (10 min): 13
[2025-12-22T12:47:15.313+0000] {logging_mixin.py:151} INFO - 
✅ Spark Streaming vers PostgreSQL opérationnel
[2025-12-22T12:47:15.316+0000] {python.py:194} INFO - Done. Returned value was: True
[2025-12-22T12:47:17.309+0000] {taskinstance.py:1400} INFO - Marking task as SUCCESS. dag_id=energy_complete_pipeline_orchestration, task_id=check_spark_postgresql, execution_date=20251222T124110, start_date=20251222T124659, end_date=20251222T124717
[2025-12-22T12:47:18.171+0000] {local_task_job_runner.py:228} INFO - Task exited with return code 0
[2025-12-22T12:47:23.779+0000] {taskinstance.py:2784} INFO - 0 downstream tasks scheduled from follow-on schedule check
