[2025-12-22T11:52:06.318+0000] {taskinstance.py:1159} INFO - Dependencies all met for dep_context=non-requeueable deps ti=<TaskInstance: energy_complete_pipeline_orchestration.check_infrastructure manual__2025-12-22T11:51:09.018032+00:00 [queued]>
[2025-12-22T11:52:06.439+0000] {taskinstance.py:1159} INFO - Dependencies all met for dep_context=requeueable deps ti=<TaskInstance: energy_complete_pipeline_orchestration.check_infrastructure manual__2025-12-22T11:51:09.018032+00:00 [queued]>
[2025-12-22T11:52:06.445+0000] {taskinstance.py:1361} INFO - Starting attempt 1 of 3
[2025-12-22T11:52:06.710+0000] {taskinstance.py:1382} INFO - Executing <Task(PythonOperator): check_infrastructure> on 2025-12-22 11:51:09.018032+00:00
[2025-12-22T11:52:06.756+0000] {standard_task_runner.py:57} INFO - Started process 876 to run task
[2025-12-22T11:52:06.859+0000] {standard_task_runner.py:84} INFO - Running: ['airflow', 'tasks', 'run', 'energy_complete_pipeline_orchestration', 'check_infrastructure', 'manual__2025-12-22T11:51:09.018032+00:00', '--job-id', '159', '--raw', '--subdir', 'DAGS_FOLDER/energy_pipeline_orchestration.py', '--cfg-path', '/tmp/tmpstfj81rq']
[2025-12-22T11:52:06.907+0000] {standard_task_runner.py:85} INFO - Job 159: Subtask check_infrastructure
[2025-12-22T11:52:16.243+0000] {task_command.py:415} INFO - Running <TaskInstance: energy_complete_pipeline_orchestration.check_infrastructure manual__2025-12-22T11:51:09.018032+00:00 [running]> on host 1fdfe70c11b0
[2025-12-22T11:52:24.266+0000] {taskinstance.py:1660} INFO - Exporting env vars: AIRFLOW_CTX_DAG_OWNER='energy_team' AIRFLOW_CTX_DAG_ID='energy_complete_pipeline_orchestration' AIRFLOW_CTX_TASK_ID='check_infrastructure' AIRFLOW_CTX_EXECUTION_DATE='2025-12-22T11:51:09.018032+00:00' AIRFLOW_CTX_TRY_NUMBER='1' AIRFLOW_CTX_DAG_RUN_ID='manual__2025-12-22T11:51:09.018032+00:00'
[2025-12-22T11:52:24.341+0000] {logging_mixin.py:151} INFO - 
======================================================================
[2025-12-22T11:52:24.343+0000] {logging_mixin.py:151} INFO - 🔍 VÉRIFICATION DE L'INFRASTRUCTURE
[2025-12-22T11:52:24.344+0000] {logging_mixin.py:151} INFO - ======================================================================
[2025-12-22T11:52:24.717+0000] {logging_mixin.py:151} INFO - ✅ Kafka           - kafka:29092 - OK
[2025-12-22T11:52:24.720+0000] {logging_mixin.py:151} INFO - ✅ MinIO           - minio:9000 - OK
[2025-12-22T11:52:24.722+0000] {logging_mixin.py:151} INFO - ✅ PostgreSQL      - postgres:5432 - OK
[2025-12-22T11:52:24.731+0000] {logging_mixin.py:151} INFO - ✅ Cassandra       - cassandra:9042 - OK
[2025-12-22T11:52:24.735+0000] {logging_mixin.py:151} INFO - ✅ Spark Master    - spark-master:7077 - OK
[2025-12-22T11:52:24.736+0000] {logging_mixin.py:151} INFO - 
======================================================================
[2025-12-22T11:52:24.738+0000] {logging_mixin.py:151} INFO - ✅ Infrastructure OK - Pipeline peut démarrer
[2025-12-22T11:52:24.740+0000] {python.py:194} INFO - Done. Returned value was: True
[2025-12-22T11:52:28.961+0000] {taskinstance.py:1400} INFO - Marking task as SUCCESS. dag_id=energy_complete_pipeline_orchestration, task_id=check_infrastructure, execution_date=20251222T115109, start_date=20251222T115206, end_date=20251222T115228
[2025-12-22T11:52:33.008+0000] {local_task_job_runner.py:228} INFO - Task exited with return code 0
[2025-12-22T11:52:36.588+0000] {taskinstance.py:2784} INFO - 0 downstream tasks scheduled from follow-on schedule check
