[2025-12-21T11:00:23.750+0000] {taskinstance.py:1159} INFO - Dependencies all met for dep_context=non-requeueable deps ti=<TaskInstance: simple_energy_data_verification.count_postgresql_data scheduled__2025-12-21T10:00:00+00:00 [queued]>
[2025-12-21T11:00:23.792+0000] {taskinstance.py:1159} INFO - Dependencies all met for dep_context=requeueable deps ti=<TaskInstance: simple_energy_data_verification.count_postgresql_data scheduled__2025-12-21T10:00:00+00:00 [queued]>
[2025-12-21T11:00:23.794+0000] {taskinstance.py:1361} INFO - Starting attempt 1 of 2
[2025-12-21T11:00:24.706+0000] {taskinstance.py:1382} INFO - Executing <Task(PythonOperator): count_postgresql_data> on 2025-12-21 10:00:00+00:00
[2025-12-21T11:00:24.728+0000] {standard_task_runner.py:57} INFO - Started process 1967 to run task
[2025-12-21T11:00:24.748+0000] {standard_task_runner.py:84} INFO - Running: ['airflow', 'tasks', 'run', 'simple_energy_data_verification', 'count_postgresql_data', 'scheduled__2025-12-21T10:00:00+00:00', '--job-id', '49', '--raw', '--subdir', 'DAGS_FOLDER/energy_data_flow_orchestration.py', '--cfg-path', '/tmp/tmps28685o_']
[2025-12-21T11:00:24.756+0000] {standard_task_runner.py:85} INFO - Job 49: Subtask count_postgresql_data
[2025-12-21T11:00:25.978+0000] {task_command.py:415} INFO - Running <TaskInstance: simple_energy_data_verification.count_postgresql_data scheduled__2025-12-21T10:00:00+00:00 [running]> on host e7e6eb372d7b
[2025-12-21T11:00:28.880+0000] {taskinstance.py:1660} INFO - Exporting env vars: AIRFLOW_CTX_DAG_OWNER='energy_team' AIRFLOW_CTX_DAG_ID='simple_energy_data_verification' AIRFLOW_CTX_TASK_ID='count_postgresql_data' AIRFLOW_CTX_EXECUTION_DATE='2025-12-21T10:00:00+00:00' AIRFLOW_CTX_TRY_NUMBER='1' AIRFLOW_CTX_DAG_RUN_ID='scheduled__2025-12-21T10:00:00+00:00'
[2025-12-21T11:00:28.885+0000] {logging_mixin.py:151} INFO - 
============================================================
[2025-12-21T11:00:28.886+0000] {logging_mixin.py:151} INFO - 📊 VÉRIFICATION DES DONNÉES POSTGRESQL
[2025-12-21T11:00:28.887+0000] {logging_mixin.py:151} INFO - ============================================================
[2025-12-21T11:00:29.809+0000] {base.py:73} INFO - Using connection ID 'postgres_energie' for task execution.
[2025-12-21T11:00:30.219+0000] {sql.py:418} INFO - Running statement: SELECT COUNT(*) FROM mix_energie_table, parameters: None
[2025-12-21T11:00:30.227+0000] {sql.py:427} INFO - Rows affected: 1
[2025-12-21T11:00:30.230+0000] {logging_mixin.py:151} INFO - ✅ mix_energie_table: 666 enregistrements
[2025-12-21T11:00:30.727+0000] {base.py:73} INFO - Using connection ID 'postgres_energie' for task execution.
[2025-12-21T11:00:31.344+0000] {sql.py:418} INFO - Running statement: SELECT COUNT(*) FROM carbone_energie_table, parameters: None
[2025-12-21T11:00:31.357+0000] {sql.py:427} INFO - Rows affected: 1
[2025-12-21T11:00:31.359+0000] {logging_mixin.py:151} INFO - ✅ carbone_energie_table: 666 enregistrements
[2025-12-21T11:00:31.645+0000] {base.py:73} INFO - Using connection ID 'postgres_energie' for task execution.
[2025-12-21T11:00:32.222+0000] {sql.py:418} INFO - Running statement: SELECT MAX(processing_time) FROM mix_energie_table, parameters: None
[2025-12-21T11:00:32.237+0000] {sql.py:427} INFO - Rows affected: 1
[2025-12-21T11:00:32.240+0000] {logging_mixin.py:151} INFO - 🕐 Dernière mise à jour: 2025-12-21 11:00:12.669152
[2025-12-21T11:00:32.750+0000] {base.py:73} INFO - Using connection ID 'postgres_energie' for task execution.
[2025-12-21T11:00:33.078+0000] {sql.py:418} INFO - Running statement: 
                    SELECT COUNT(*) FROM mix_energie_table 
                    WHERE processing_time > NOW() - INTERVAL '24 hours'
                , parameters: None
[2025-12-21T11:00:33.087+0000] {sql.py:427} INFO - Rows affected: 1
[2025-12-21T11:00:33.089+0000] {logging_mixin.py:151} INFO - 📅 Données récentes (24h): 666 enregistrements
[2025-12-21T11:00:33.400+0000] {base.py:73} INFO - Using connection ID 'postgres_energie' for task execution.
[2025-12-21T11:00:33.651+0000] {sql.py:418} INFO - Running statement: 
                    SELECT zone, COUNT(*) as count 
                    FROM mix_energie_table 
                    GROUP BY zone 
                    ORDER BY count DESC 
                    LIMIT 10
                , parameters: None
[2025-12-21T11:00:33.665+0000] {sql.py:427} INFO - Rows affected: 10
[2025-12-21T11:00:33.667+0000] {logging_mixin.py:151} INFO - 
🌍 TOP 10 ZONES:
[2025-12-21T11:00:33.668+0000] {logging_mixin.py:151} INFO -    PT: 68 enregistrements
[2025-12-21T11:00:33.669+0000] {logging_mixin.py:151} INFO -    CA-ON: 68 enregistrements
[2025-12-21T11:00:33.670+0000] {logging_mixin.py:151} INFO -    IT: 68 enregistrements
[2025-12-21T11:00:33.672+0000] {logging_mixin.py:151} INFO -    DE: 67 enregistrements
[2025-12-21T11:00:33.673+0000] {logging_mixin.py:151} INFO -    ES: 67 enregistrements
[2025-12-21T11:00:33.674+0000] {logging_mixin.py:151} INFO -    GB: 67 enregistrements
[2025-12-21T11:00:33.675+0000] {logging_mixin.py:151} INFO -    FR: 66 enregistrements
[2025-12-21T11:00:33.676+0000] {logging_mixin.py:151} INFO -    SE: 66 enregistrements
[2025-12-21T11:00:33.684+0000] {logging_mixin.py:151} INFO -    NO: 66 enregistrements
[2025-12-21T11:00:33.685+0000] {logging_mixin.py:151} INFO -    MA: 63 enregistrements
[2025-12-21T11:00:33.687+0000] {logging_mixin.py:151} INFO - 
✅ TOTAL: 1,332 enregistrements
[2025-12-21T11:00:33.688+0000] {logging_mixin.py:151} INFO - ============================================================
[2025-12-21T11:00:33.689+0000] {python.py:194} INFO - Done. Returned value was: {'mix': 666, 'carbone': 666, 'total': 1332}
[2025-12-21T11:00:34.722+0000] {taskinstance.py:1400} INFO - Marking task as SUCCESS. dag_id=simple_energy_data_verification, task_id=count_postgresql_data, execution_date=20251221T100000, start_date=20251221T110023, end_date=20251221T110034
[2025-12-21T11:00:35.294+0000] {local_task_job_runner.py:228} INFO - Task exited with return code 0
[2025-12-21T11:00:36.636+0000] {taskinstance.py:2784} INFO - 0 downstream tasks scheduled from follow-on schedule check
