[2025-12-19T12:33:49.710+0000] {processor.py:157} INFO - Started process (PID=179) to work on /opt/airflow/dags/energy_data_pipeline.py
[2025-12-19T12:33:49.743+0000] {processor.py:829} INFO - Processing file /opt/airflow/dags/energy_data_pipeline.py for tasks to queue
[2025-12-19T12:33:49.760+0000] {logging_mixin.py:151} INFO - [2025-12-19T12:33:49.759+0000] {dagbag.py:539} INFO - Filling up the DagBag from /opt/airflow/dags/energy_data_pipeline.py
[2025-12-19T12:33:50.225+0000] {processor.py:839} INFO - DAG(s) dict_keys(['energy_data_pipeline']) retrieved from /opt/airflow/dags/energy_data_pipeline.py
[2025-12-19T12:33:51.858+0000] {logging_mixin.py:151} INFO - [2025-12-19T12:33:51.857+0000] {dag.py:2907} INFO - Sync 1 DAGs
[2025-12-19T12:33:55.423+0000] {logging_mixin.py:151} INFO - [2025-12-19T12:33:55.422+0000] {dag.py:3677} INFO - Setting next_dagrun for energy_data_pipeline to 2025-12-18T00:00:00+00:00, run_after=2025-12-19T00:00:00+00:00
[2025-12-19T12:33:55.792+0000] {processor.py:179} INFO - Processing /opt/airflow/dags/energy_data_pipeline.py took 6.139 seconds
[2025-12-19T12:34:26.170+0000] {processor.py:157} INFO - Started process (PID=193) to work on /opt/airflow/dags/energy_data_pipeline.py
[2025-12-19T12:34:26.175+0000] {processor.py:829} INFO - Processing file /opt/airflow/dags/energy_data_pipeline.py for tasks to queue
[2025-12-19T12:34:26.179+0000] {logging_mixin.py:151} INFO - [2025-12-19T12:34:26.178+0000] {dagbag.py:539} INFO - Filling up the DagBag from /opt/airflow/dags/energy_data_pipeline.py
[2025-12-19T12:34:26.482+0000] {processor.py:839} INFO - DAG(s) dict_keys(['energy_data_pipeline']) retrieved from /opt/airflow/dags/energy_data_pipeline.py
[2025-12-19T12:34:27.605+0000] {logging_mixin.py:151} INFO - [2025-12-19T12:34:27.604+0000] {dag.py:2907} INFO - Sync 1 DAGs
[2025-12-19T12:34:29.265+0000] {logging_mixin.py:151} INFO - [2025-12-19T12:34:29.265+0000] {dag.py:3677} INFO - Setting next_dagrun for energy_data_pipeline to 2025-12-18T00:00:00+00:00, run_after=2025-12-19T00:00:00+00:00
[2025-12-19T12:34:29.622+0000] {processor.py:179} INFO - Processing /opt/airflow/dags/energy_data_pipeline.py took 3.474 seconds
[2025-12-19T12:35:00.235+0000] {processor.py:157} INFO - Started process (PID=200) to work on /opt/airflow/dags/energy_data_pipeline.py
[2025-12-19T12:35:00.250+0000] {processor.py:829} INFO - Processing file /opt/airflow/dags/energy_data_pipeline.py for tasks to queue
[2025-12-19T12:35:00.256+0000] {logging_mixin.py:151} INFO - [2025-12-19T12:35:00.255+0000] {dagbag.py:539} INFO - Filling up the DagBag from /opt/airflow/dags/energy_data_pipeline.py
[2025-12-19T12:35:00.804+0000] {processor.py:839} INFO - DAG(s) dict_keys(['energy_data_pipeline']) retrieved from /opt/airflow/dags/energy_data_pipeline.py
[2025-12-19T12:35:01.734+0000] {logging_mixin.py:151} INFO - [2025-12-19T12:35:01.734+0000] {dag.py:2907} INFO - Sync 1 DAGs
[2025-12-19T12:35:02.862+0000] {logging_mixin.py:151} INFO - [2025-12-19T12:35:02.861+0000] {dag.py:3677} INFO - Setting next_dagrun for energy_data_pipeline to 2025-12-18T00:00:00+00:00, run_after=2025-12-19T00:00:00+00:00
[2025-12-19T12:35:04.209+0000] {processor.py:179} INFO - Processing /opt/airflow/dags/energy_data_pipeline.py took 4.008 seconds
[2025-12-19T12:35:34.426+0000] {processor.py:157} INFO - Started process (PID=209) to work on /opt/airflow/dags/energy_data_pipeline.py
[2025-12-19T12:35:34.428+0000] {processor.py:829} INFO - Processing file /opt/airflow/dags/energy_data_pipeline.py for tasks to queue
[2025-12-19T12:35:34.442+0000] {logging_mixin.py:151} INFO - [2025-12-19T12:35:34.441+0000] {dagbag.py:539} INFO - Filling up the DagBag from /opt/airflow/dags/energy_data_pipeline.py
[2025-12-19T12:35:34.605+0000] {processor.py:839} INFO - DAG(s) dict_keys(['energy_data_pipeline']) retrieved from /opt/airflow/dags/energy_data_pipeline.py
[2025-12-19T12:35:35.356+0000] {logging_mixin.py:151} INFO - [2025-12-19T12:35:35.355+0000] {dag.py:2907} INFO - Sync 1 DAGs
[2025-12-19T12:35:35.615+0000] {logging_mixin.py:151} INFO - [2025-12-19T12:35:35.615+0000] {dag.py:3677} INFO - Setting next_dagrun for energy_data_pipeline to 2025-12-18T00:00:00+00:00, run_after=2025-12-19T00:00:00+00:00
[2025-12-19T12:35:35.841+0000] {processor.py:179} INFO - Processing /opt/airflow/dags/energy_data_pipeline.py took 1.422 seconds
[2025-12-19T12:36:07.770+0000] {processor.py:157} INFO - Started process (PID=215) to work on /opt/airflow/dags/energy_data_pipeline.py
[2025-12-19T12:36:07.775+0000] {processor.py:829} INFO - Processing file /opt/airflow/dags/energy_data_pipeline.py for tasks to queue
[2025-12-19T12:36:08.008+0000] {logging_mixin.py:151} INFO - [2025-12-19T12:36:08.007+0000] {dagbag.py:539} INFO - Filling up the DagBag from /opt/airflow/dags/energy_data_pipeline.py
[2025-12-19T12:36:09.875+0000] {processor.py:839} INFO - DAG(s) dict_keys(['energy_data_pipeline']) retrieved from /opt/airflow/dags/energy_data_pipeline.py
[2025-12-19T12:36:11.716+0000] {logging_mixin.py:151} INFO - [2025-12-19T12:36:11.715+0000] {dag.py:2907} INFO - Sync 1 DAGs
[2025-12-19T12:36:13.567+0000] {logging_mixin.py:151} INFO - [2025-12-19T12:36:13.566+0000] {dag.py:3677} INFO - Setting next_dagrun for energy_data_pipeline to 2025-12-18T00:00:00+00:00, run_after=2025-12-19T00:00:00+00:00
[2025-12-19T12:36:14.238+0000] {processor.py:179} INFO - Processing /opt/airflow/dags/energy_data_pipeline.py took 6.490 seconds
[2025-12-19T12:36:45.134+0000] {processor.py:157} INFO - Started process (PID=220) to work on /opt/airflow/dags/energy_data_pipeline.py
[2025-12-19T12:36:45.144+0000] {processor.py:829} INFO - Processing file /opt/airflow/dags/energy_data_pipeline.py for tasks to queue
[2025-12-19T12:36:45.148+0000] {logging_mixin.py:151} INFO - [2025-12-19T12:36:45.147+0000] {dagbag.py:539} INFO - Filling up the DagBag from /opt/airflow/dags/energy_data_pipeline.py
[2025-12-19T12:36:45.947+0000] {processor.py:839} INFO - DAG(s) dict_keys(['energy_data_pipeline']) retrieved from /opt/airflow/dags/energy_data_pipeline.py
[2025-12-19T12:36:47.113+0000] {logging_mixin.py:151} INFO - [2025-12-19T12:36:47.113+0000] {dag.py:2907} INFO - Sync 1 DAGs
[2025-12-19T12:36:48.488+0000] {logging_mixin.py:151} INFO - [2025-12-19T12:36:48.486+0000] {dag.py:3677} INFO - Setting next_dagrun for energy_data_pipeline to 2025-12-18T00:00:00+00:00, run_after=2025-12-19T00:00:00+00:00
[2025-12-19T12:36:48.835+0000] {processor.py:179} INFO - Processing /opt/airflow/dags/energy_data_pipeline.py took 3.712 seconds
[2025-12-19T12:37:18.964+0000] {processor.py:157} INFO - Started process (PID=225) to work on /opt/airflow/dags/energy_data_pipeline.py
[2025-12-19T12:37:18.965+0000] {processor.py:829} INFO - Processing file /opt/airflow/dags/energy_data_pipeline.py for tasks to queue
[2025-12-19T12:37:18.969+0000] {logging_mixin.py:151} INFO - [2025-12-19T12:37:18.967+0000] {dagbag.py:539} INFO - Filling up the DagBag from /opt/airflow/dags/energy_data_pipeline.py
[2025-12-19T12:37:19.038+0000] {processor.py:839} INFO - DAG(s) dict_keys(['energy_data_pipeline']) retrieved from /opt/airflow/dags/energy_data_pipeline.py
[2025-12-19T12:37:19.235+0000] {logging_mixin.py:151} INFO - [2025-12-19T12:37:19.234+0000] {dag.py:2907} INFO - Sync 1 DAGs
[2025-12-19T12:37:19.304+0000] {logging_mixin.py:151} INFO - [2025-12-19T12:37:19.303+0000] {dag.py:3677} INFO - Setting next_dagrun for energy_data_pipeline to 2025-12-18T00:00:00+00:00, run_after=2025-12-19T00:00:00+00:00
[2025-12-19T12:37:19.808+0000] {processor.py:179} INFO - Processing /opt/airflow/dags/energy_data_pipeline.py took 0.856 seconds
[2025-12-19T12:37:50.275+0000] {processor.py:157} INFO - Started process (PID=230) to work on /opt/airflow/dags/energy_data_pipeline.py
[2025-12-19T12:37:50.277+0000] {processor.py:829} INFO - Processing file /opt/airflow/dags/energy_data_pipeline.py for tasks to queue
[2025-12-19T12:37:50.278+0000] {logging_mixin.py:151} INFO - [2025-12-19T12:37:50.278+0000] {dagbag.py:539} INFO - Filling up the DagBag from /opt/airflow/dags/energy_data_pipeline.py
[2025-12-19T12:37:50.327+0000] {processor.py:839} INFO - DAG(s) dict_keys(['energy_data_pipeline']) retrieved from /opt/airflow/dags/energy_data_pipeline.py
[2025-12-19T12:37:50.539+0000] {logging_mixin.py:151} INFO - [2025-12-19T12:37:50.539+0000] {dag.py:2907} INFO - Sync 1 DAGs
[2025-12-19T12:37:50.597+0000] {logging_mixin.py:151} INFO - [2025-12-19T12:37:50.596+0000] {dag.py:3677} INFO - Setting next_dagrun for energy_data_pipeline to 2025-12-18T00:00:00+00:00, run_after=2025-12-19T00:00:00+00:00
[2025-12-19T12:37:50.767+0000] {processor.py:179} INFO - Processing /opt/airflow/dags/energy_data_pipeline.py took 0.498 seconds
[2025-12-19T12:38:21.366+0000] {processor.py:157} INFO - Started process (PID=235) to work on /opt/airflow/dags/energy_data_pipeline.py
[2025-12-19T12:38:21.368+0000] {processor.py:829} INFO - Processing file /opt/airflow/dags/energy_data_pipeline.py for tasks to queue
[2025-12-19T12:38:21.371+0000] {logging_mixin.py:151} INFO - [2025-12-19T12:38:21.371+0000] {dagbag.py:539} INFO - Filling up the DagBag from /opt/airflow/dags/energy_data_pipeline.py
[2025-12-19T12:38:21.517+0000] {processor.py:839} INFO - DAG(s) dict_keys(['energy_data_pipeline']) retrieved from /opt/airflow/dags/energy_data_pipeline.py
[2025-12-19T12:38:21.969+0000] {logging_mixin.py:151} INFO - [2025-12-19T12:38:21.968+0000] {dag.py:2907} INFO - Sync 1 DAGs
[2025-12-19T12:38:22.152+0000] {logging_mixin.py:151} INFO - [2025-12-19T12:38:22.151+0000] {dag.py:3677} INFO - Setting next_dagrun for energy_data_pipeline to 2025-12-18T00:00:00+00:00, run_after=2025-12-19T00:00:00+00:00
[2025-12-19T12:38:22.342+0000] {processor.py:179} INFO - Processing /opt/airflow/dags/energy_data_pipeline.py took 1.009 seconds
[2025-12-19T12:38:53.012+0000] {processor.py:157} INFO - Started process (PID=240) to work on /opt/airflow/dags/energy_data_pipeline.py
[2025-12-19T12:38:53.013+0000] {processor.py:829} INFO - Processing file /opt/airflow/dags/energy_data_pipeline.py for tasks to queue
[2025-12-19T12:38:53.015+0000] {logging_mixin.py:151} INFO - [2025-12-19T12:38:53.014+0000] {dagbag.py:539} INFO - Filling up the DagBag from /opt/airflow/dags/energy_data_pipeline.py
[2025-12-19T12:38:53.071+0000] {processor.py:839} INFO - DAG(s) dict_keys(['energy_data_pipeline']) retrieved from /opt/airflow/dags/energy_data_pipeline.py
[2025-12-19T12:38:53.305+0000] {logging_mixin.py:151} INFO - [2025-12-19T12:38:53.305+0000] {dag.py:2907} INFO - Sync 1 DAGs
[2025-12-19T12:38:53.409+0000] {logging_mixin.py:151} INFO - [2025-12-19T12:38:53.409+0000] {dag.py:3677} INFO - Setting next_dagrun for energy_data_pipeline to 2025-12-18T00:00:00+00:00, run_after=2025-12-19T00:00:00+00:00
[2025-12-19T12:38:53.508+0000] {processor.py:179} INFO - Processing /opt/airflow/dags/energy_data_pipeline.py took 0.502 seconds
[2025-12-19T12:39:29.067+0000] {processor.py:157} INFO - Started process (PID=245) to work on /opt/airflow/dags/energy_data_pipeline.py
[2025-12-19T12:39:29.082+0000] {processor.py:829} INFO - Processing file /opt/airflow/dags/energy_data_pipeline.py for tasks to queue
[2025-12-19T12:39:29.097+0000] {logging_mixin.py:151} INFO - [2025-12-19T12:39:29.096+0000] {dagbag.py:539} INFO - Filling up the DagBag from /opt/airflow/dags/energy_data_pipeline.py
[2025-12-19T12:39:29.346+0000] {processor.py:839} INFO - DAG(s) dict_keys(['energy_data_pipeline']) retrieved from /opt/airflow/dags/energy_data_pipeline.py
[2025-12-19T12:39:30.422+0000] {logging_mixin.py:151} INFO - [2025-12-19T12:39:30.418+0000] {dag.py:2907} INFO - Sync 1 DAGs
[2025-12-19T12:39:30.926+0000] {logging_mixin.py:151} INFO - [2025-12-19T12:39:30.925+0000] {dag.py:3677} INFO - Setting next_dagrun for energy_data_pipeline to 2025-12-18T00:00:00+00:00, run_after=2025-12-19T00:00:00+00:00
[2025-12-19T12:39:31.130+0000] {processor.py:179} INFO - Processing /opt/airflow/dags/energy_data_pipeline.py took 2.082 seconds
[2025-12-19T12:40:01.660+0000] {processor.py:157} INFO - Started process (PID=250) to work on /opt/airflow/dags/energy_data_pipeline.py
[2025-12-19T12:40:01.662+0000] {processor.py:829} INFO - Processing file /opt/airflow/dags/energy_data_pipeline.py for tasks to queue
[2025-12-19T12:40:01.669+0000] {logging_mixin.py:151} INFO - [2025-12-19T12:40:01.665+0000] {dagbag.py:539} INFO - Filling up the DagBag from /opt/airflow/dags/energy_data_pipeline.py
[2025-12-19T12:40:01.748+0000] {processor.py:839} INFO - DAG(s) dict_keys(['energy_data_pipeline']) retrieved from /opt/airflow/dags/energy_data_pipeline.py
[2025-12-19T12:40:02.284+0000] {logging_mixin.py:151} INFO - [2025-12-19T12:40:02.284+0000] {dag.py:2907} INFO - Sync 1 DAGs
[2025-12-19T12:40:02.519+0000] {logging_mixin.py:151} INFO - [2025-12-19T12:40:02.518+0000] {dag.py:3677} INFO - Setting next_dagrun for energy_data_pipeline to 2025-12-18T00:00:00+00:00, run_after=2025-12-19T00:00:00+00:00
[2025-12-19T12:40:02.765+0000] {processor.py:179} INFO - Processing /opt/airflow/dags/energy_data_pipeline.py took 1.112 seconds
[2025-12-19T12:40:34.170+0000] {processor.py:157} INFO - Started process (PID=255) to work on /opt/airflow/dags/energy_data_pipeline.py
[2025-12-19T12:40:34.174+0000] {processor.py:829} INFO - Processing file /opt/airflow/dags/energy_data_pipeline.py for tasks to queue
[2025-12-19T12:40:34.205+0000] {logging_mixin.py:151} INFO - [2025-12-19T12:40:34.204+0000] {dagbag.py:539} INFO - Filling up the DagBag from /opt/airflow/dags/energy_data_pipeline.py
[2025-12-19T12:40:35.276+0000] {processor.py:839} INFO - DAG(s) dict_keys(['energy_data_pipeline']) retrieved from /opt/airflow/dags/energy_data_pipeline.py
[2025-12-19T12:40:35.827+0000] {logging_mixin.py:151} INFO - [2025-12-19T12:40:35.827+0000] {dag.py:2907} INFO - Sync 1 DAGs
[2025-12-19T12:40:35.963+0000] {logging_mixin.py:151} INFO - [2025-12-19T12:40:35.963+0000] {dag.py:3677} INFO - Setting next_dagrun for energy_data_pipeline to 2025-12-18T00:00:00+00:00, run_after=2025-12-19T00:00:00+00:00
[2025-12-19T12:40:36.534+0000] {processor.py:179} INFO - Processing /opt/airflow/dags/energy_data_pipeline.py took 2.384 seconds
[2025-12-19T12:41:09.136+0000] {processor.py:157} INFO - Started process (PID=260) to work on /opt/airflow/dags/energy_data_pipeline.py
[2025-12-19T12:41:09.196+0000] {processor.py:829} INFO - Processing file /opt/airflow/dags/energy_data_pipeline.py for tasks to queue
[2025-12-19T12:41:09.213+0000] {logging_mixin.py:151} INFO - [2025-12-19T12:41:09.212+0000] {dagbag.py:539} INFO - Filling up the DagBag from /opt/airflow/dags/energy_data_pipeline.py
[2025-12-19T12:41:11.622+0000] {processor.py:839} INFO - DAG(s) dict_keys(['energy_data_pipeline']) retrieved from /opt/airflow/dags/energy_data_pipeline.py
[2025-12-19T12:41:14.848+0000] {logging_mixin.py:151} INFO - [2025-12-19T12:41:14.847+0000] {dag.py:2907} INFO - Sync 1 DAGs
[2025-12-19T12:41:30.243+0000] {logging_mixin.py:151} INFO - [2025-12-19T12:41:30.243+0000] {dag.py:3677} INFO - Setting next_dagrun for energy_data_pipeline to 2025-12-18T00:00:00+00:00, run_after=2025-12-19T00:00:00+00:00
[2025-12-19T12:41:30.738+0000] {processor.py:179} INFO - Processing /opt/airflow/dags/energy_data_pipeline.py took 21.651 seconds
[2025-12-19T12:42:01.523+0000] {processor.py:157} INFO - Started process (PID=265) to work on /opt/airflow/dags/energy_data_pipeline.py
[2025-12-19T12:42:01.535+0000] {processor.py:829} INFO - Processing file /opt/airflow/dags/energy_data_pipeline.py for tasks to queue
[2025-12-19T12:42:01.539+0000] {logging_mixin.py:151} INFO - [2025-12-19T12:42:01.538+0000] {dagbag.py:539} INFO - Filling up the DagBag from /opt/airflow/dags/energy_data_pipeline.py
[2025-12-19T12:42:01.778+0000] {processor.py:839} INFO - DAG(s) dict_keys(['energy_data_pipeline']) retrieved from /opt/airflow/dags/energy_data_pipeline.py
[2025-12-19T12:42:02.661+0000] {logging_mixin.py:151} INFO - [2025-12-19T12:42:02.661+0000] {dag.py:2907} INFO - Sync 1 DAGs
[2025-12-19T12:42:05.363+0000] {logging_mixin.py:151} INFO - [2025-12-19T12:42:05.363+0000] {dag.py:3677} INFO - Setting next_dagrun for energy_data_pipeline to 2025-12-18T00:00:00+00:00, run_after=2025-12-19T00:00:00+00:00
[2025-12-19T12:42:05.977+0000] {processor.py:179} INFO - Processing /opt/airflow/dags/energy_data_pipeline.py took 4.472 seconds
[2025-12-19T12:42:36.735+0000] {processor.py:157} INFO - Started process (PID=270) to work on /opt/airflow/dags/energy_data_pipeline.py
[2025-12-19T12:42:36.746+0000] {processor.py:829} INFO - Processing file /opt/airflow/dags/energy_data_pipeline.py for tasks to queue
[2025-12-19T12:42:36.766+0000] {logging_mixin.py:151} INFO - [2025-12-19T12:42:36.765+0000] {dagbag.py:539} INFO - Filling up the DagBag from /opt/airflow/dags/energy_data_pipeline.py
[2025-12-19T12:42:37.081+0000] {processor.py:839} INFO - DAG(s) dict_keys(['energy_data_pipeline']) retrieved from /opt/airflow/dags/energy_data_pipeline.py
[2025-12-19T12:42:38.331+0000] {logging_mixin.py:151} INFO - [2025-12-19T12:42:38.331+0000] {dag.py:2907} INFO - Sync 1 DAGs
[2025-12-19T12:42:38.500+0000] {logging_mixin.py:151} INFO - [2025-12-19T12:42:38.499+0000] {dag.py:3677} INFO - Setting next_dagrun for energy_data_pipeline to 2025-12-18T00:00:00+00:00, run_after=2025-12-19T00:00:00+00:00
[2025-12-19T12:42:38.713+0000] {processor.py:179} INFO - Processing /opt/airflow/dags/energy_data_pipeline.py took 2.009 seconds
[2025-12-19T12:43:09.823+0000] {processor.py:157} INFO - Started process (PID=275) to work on /opt/airflow/dags/energy_data_pipeline.py
[2025-12-19T12:43:09.825+0000] {processor.py:829} INFO - Processing file /opt/airflow/dags/energy_data_pipeline.py for tasks to queue
[2025-12-19T12:43:09.827+0000] {logging_mixin.py:151} INFO - [2025-12-19T12:43:09.827+0000] {dagbag.py:539} INFO - Filling up the DagBag from /opt/airflow/dags/energy_data_pipeline.py
[2025-12-19T12:43:10.093+0000] {processor.py:839} INFO - DAG(s) dict_keys(['energy_data_pipeline']) retrieved from /opt/airflow/dags/energy_data_pipeline.py
[2025-12-19T12:43:10.259+0000] {logging_mixin.py:151} INFO - [2025-12-19T12:43:10.259+0000] {dag.py:2907} INFO - Sync 1 DAGs
[2025-12-19T12:43:10.312+0000] {logging_mixin.py:151} INFO - [2025-12-19T12:43:10.312+0000] {dag.py:3677} INFO - Setting next_dagrun for energy_data_pipeline to 2025-12-18T00:00:00+00:00, run_after=2025-12-19T00:00:00+00:00
[2025-12-19T12:43:10.399+0000] {processor.py:179} INFO - Processing /opt/airflow/dags/energy_data_pipeline.py took 0.593 seconds
[2025-12-19T12:43:41.052+0000] {processor.py:157} INFO - Started process (PID=280) to work on /opt/airflow/dags/energy_data_pipeline.py
[2025-12-19T12:43:41.056+0000] {processor.py:829} INFO - Processing file /opt/airflow/dags/energy_data_pipeline.py for tasks to queue
[2025-12-19T12:43:41.061+0000] {logging_mixin.py:151} INFO - [2025-12-19T12:43:41.060+0000] {dagbag.py:539} INFO - Filling up the DagBag from /opt/airflow/dags/energy_data_pipeline.py
[2025-12-19T12:43:41.157+0000] {processor.py:839} INFO - DAG(s) dict_keys(['energy_data_pipeline']) retrieved from /opt/airflow/dags/energy_data_pipeline.py
[2025-12-19T12:43:41.452+0000] {logging_mixin.py:151} INFO - [2025-12-19T12:43:41.451+0000] {dag.py:2907} INFO - Sync 1 DAGs
[2025-12-19T12:43:41.548+0000] {logging_mixin.py:151} INFO - [2025-12-19T12:43:41.547+0000] {dag.py:3677} INFO - Setting next_dagrun for energy_data_pipeline to 2025-12-18T00:00:00+00:00, run_after=2025-12-19T00:00:00+00:00
[2025-12-19T12:43:42.260+0000] {processor.py:179} INFO - Processing /opt/airflow/dags/energy_data_pipeline.py took 1.215 seconds
[2025-12-19T12:44:12.497+0000] {processor.py:157} INFO - Started process (PID=285) to work on /opt/airflow/dags/energy_data_pipeline.py
[2025-12-19T12:44:12.499+0000] {processor.py:829} INFO - Processing file /opt/airflow/dags/energy_data_pipeline.py for tasks to queue
[2025-12-19T12:44:12.502+0000] {logging_mixin.py:151} INFO - [2025-12-19T12:44:12.501+0000] {dagbag.py:539} INFO - Filling up the DagBag from /opt/airflow/dags/energy_data_pipeline.py
[2025-12-19T12:44:12.588+0000] {processor.py:839} INFO - DAG(s) dict_keys(['energy_data_pipeline']) retrieved from /opt/airflow/dags/energy_data_pipeline.py
[2025-12-19T12:44:12.876+0000] {logging_mixin.py:151} INFO - [2025-12-19T12:44:12.876+0000] {dag.py:2907} INFO - Sync 1 DAGs
[2025-12-19T12:44:12.950+0000] {logging_mixin.py:151} INFO - [2025-12-19T12:44:12.949+0000] {dag.py:3677} INFO - Setting next_dagrun for energy_data_pipeline to 2025-12-18T00:00:00+00:00, run_after=2025-12-19T00:00:00+00:00
[2025-12-19T12:44:13.149+0000] {processor.py:179} INFO - Processing /opt/airflow/dags/energy_data_pipeline.py took 0.663 seconds
[2025-12-19T12:44:43.608+0000] {processor.py:157} INFO - Started process (PID=290) to work on /opt/airflow/dags/energy_data_pipeline.py
[2025-12-19T12:44:43.621+0000] {processor.py:829} INFO - Processing file /opt/airflow/dags/energy_data_pipeline.py for tasks to queue
[2025-12-19T12:44:43.625+0000] {logging_mixin.py:151} INFO - [2025-12-19T12:44:43.624+0000] {dagbag.py:539} INFO - Filling up the DagBag from /opt/airflow/dags/energy_data_pipeline.py
[2025-12-19T12:44:43.744+0000] {processor.py:839} INFO - DAG(s) dict_keys(['energy_data_pipeline']) retrieved from /opt/airflow/dags/energy_data_pipeline.py
[2025-12-19T12:44:44.001+0000] {logging_mixin.py:151} INFO - [2025-12-19T12:44:44.000+0000] {dag.py:2907} INFO - Sync 1 DAGs
[2025-12-19T12:44:44.097+0000] {logging_mixin.py:151} INFO - [2025-12-19T12:44:44.096+0000] {dag.py:3677} INFO - Setting next_dagrun for energy_data_pipeline to 2025-12-18T00:00:00+00:00, run_after=2025-12-19T00:00:00+00:00
[2025-12-19T12:44:44.229+0000] {processor.py:179} INFO - Processing /opt/airflow/dags/energy_data_pipeline.py took 0.638 seconds
[2025-12-19T12:45:15.062+0000] {processor.py:157} INFO - Started process (PID=295) to work on /opt/airflow/dags/energy_data_pipeline.py
[2025-12-19T12:45:15.064+0000] {processor.py:829} INFO - Processing file /opt/airflow/dags/energy_data_pipeline.py for tasks to queue
[2025-12-19T12:45:15.068+0000] {logging_mixin.py:151} INFO - [2025-12-19T12:45:15.067+0000] {dagbag.py:539} INFO - Filling up the DagBag from /opt/airflow/dags/energy_data_pipeline.py
[2025-12-19T12:45:15.156+0000] {processor.py:839} INFO - DAG(s) dict_keys(['energy_data_pipeline']) retrieved from /opt/airflow/dags/energy_data_pipeline.py
[2025-12-19T12:45:16.186+0000] {logging_mixin.py:151} INFO - [2025-12-19T12:45:16.186+0000] {dag.py:2907} INFO - Sync 1 DAGs
[2025-12-19T12:45:16.296+0000] {logging_mixin.py:151} INFO - [2025-12-19T12:45:16.296+0000] {dag.py:3677} INFO - Setting next_dagrun for energy_data_pipeline to 2025-12-18T00:00:00+00:00, run_after=2025-12-19T00:00:00+00:00
[2025-12-19T12:45:16.395+0000] {processor.py:179} INFO - Processing /opt/airflow/dags/energy_data_pipeline.py took 1.342 seconds
