[2025-12-21T10:29:22.069+0000] {taskinstance.py:1159} INFO - Dependencies all met for dep_context=non-requeueable deps ti=<TaskInstance: simple_energy_data_verification.count_postgresql_data scheduled__2025-12-21T09:00:00+00:00 [queued]>
[2025-12-21T10:29:22.287+0000] {taskinstance.py:1159} INFO - Dependencies all met for dep_context=requeueable deps ti=<TaskInstance: simple_energy_data_verification.count_postgresql_data scheduled__2025-12-21T09:00:00+00:00 [queued]>
[2025-12-21T10:29:22.300+0000] {taskinstance.py:1361} INFO - Starting attempt 1 of 2
[2025-12-21T10:29:22.619+0000] {taskinstance.py:1382} INFO - Executing <Task(PythonOperator): count_postgresql_data> on 2025-12-21 09:00:00+00:00
[2025-12-21T10:29:22.836+0000] {standard_task_runner.py:84} INFO - Running: ['airflow', 'tasks', 'run', 'simple_energy_data_verification', 'count_postgresql_data', 'scheduled__2025-12-21T09:00:00+00:00', '--job-id', '45', '--raw', '--subdir', 'DAGS_FOLDER/energy_data_flow_orchestration.py', '--cfg-path', '/tmp/tmp67ebxp78']
[2025-12-21T10:29:22.879+0000] {standard_task_runner.py:85} INFO - Job 45: Subtask count_postgresql_data
[2025-12-21T10:29:22.745+0000] {standard_task_runner.py:57} INFO - Started process 838 to run task
[2025-12-21T10:29:27.951+0000] {task_command.py:415} INFO - Running <TaskInstance: simple_energy_data_verification.count_postgresql_data scheduled__2025-12-21T09:00:00+00:00 [running]> on host e7e6eb372d7b
[2025-12-21T10:29:36.192+0000] {taskinstance.py:1660} INFO - Exporting env vars: AIRFLOW_CTX_DAG_OWNER='energy_team' AIRFLOW_CTX_DAG_ID='simple_energy_data_verification' AIRFLOW_CTX_TASK_ID='count_postgresql_data' AIRFLOW_CTX_EXECUTION_DATE='2025-12-21T09:00:00+00:00' AIRFLOW_CTX_TRY_NUMBER='1' AIRFLOW_CTX_DAG_RUN_ID='scheduled__2025-12-21T09:00:00+00:00'
[2025-12-21T10:29:36.199+0000] {logging_mixin.py:151} INFO - 
============================================================
[2025-12-21T10:29:36.292+0000] {logging_mixin.py:151} INFO - 📊 VÉRIFICATION DES DONNÉES POSTGRESQL
[2025-12-21T10:29:36.297+0000] {logging_mixin.py:151} INFO - ============================================================
[2025-12-21T10:29:38.951+0000] {base.py:73} INFO - Using connection ID 'postgres_energie' for task execution.
[2025-12-21T10:29:41.059+0000] {sql.py:418} INFO - Running statement: SELECT COUNT(*) FROM mix_energie_table, parameters: None
[2025-12-21T10:29:41.088+0000] {sql.py:427} INFO - Rows affected: 1
[2025-12-21T10:29:41.120+0000] {logging_mixin.py:151} INFO - ✅ mix_energie_table: 458 enregistrements
[2025-12-21T10:29:42.945+0000] {base.py:73} INFO - Using connection ID 'postgres_energie' for task execution.
[2025-12-21T10:29:43.419+0000] {sql.py:418} INFO - Running statement: SELECT COUNT(*) FROM carbone_energie_table, parameters: None
[2025-12-21T10:29:43.477+0000] {sql.py:427} INFO - Rows affected: 1
[2025-12-21T10:29:43.490+0000] {logging_mixin.py:151} INFO - ✅ carbone_energie_table: 458 enregistrements
[2025-12-21T10:29:44.653+0000] {base.py:73} INFO - Using connection ID 'postgres_energie' for task execution.
[2025-12-21T10:29:45.371+0000] {sql.py:418} INFO - Running statement: SELECT MAX(processing_time) FROM mix_energie_table, parameters: None
[2025-12-21T10:29:45.397+0000] {sql.py:427} INFO - Rows affected: 1
[2025-12-21T10:29:45.404+0000] {logging_mixin.py:151} INFO - 🕐 Dernière mise à jour: 2025-12-20 23:02:10.891050
[2025-12-21T10:29:46.070+0000] {base.py:73} INFO - Using connection ID 'postgres_energie' for task execution.
[2025-12-21T10:29:47.541+0000] {sql.py:418} INFO - Running statement: 
                    SELECT COUNT(*) FROM mix_energie_table 
                    WHERE processing_time > NOW() - INTERVAL '24 hours'
                , parameters: None
[2025-12-21T10:29:47.619+0000] {sql.py:427} INFO - Rows affected: 1
[2025-12-21T10:29:47.701+0000] {logging_mixin.py:151} INFO - 📅 Données récentes (24h): 458 enregistrements
[2025-12-21T10:29:49.714+0000] {base.py:73} INFO - Using connection ID 'postgres_energie' for task execution.
[2025-12-21T10:29:50.534+0000] {sql.py:418} INFO - Running statement: 
                    SELECT zone, COUNT(*) as count 
                    FROM mix_energie_table 
                    GROUP BY zone 
                    ORDER BY count DESC 
                    LIMIT 10
                , parameters: None
[2025-12-21T10:29:50.541+0000] {sql.py:427} INFO - Rows affected: 10
[2025-12-21T10:29:50.547+0000] {logging_mixin.py:151} INFO - 
🌍 TOP 10 ZONES:
[2025-12-21T10:29:50.565+0000] {logging_mixin.py:151} INFO -    PT: 47 enregistrements
[2025-12-21T10:29:50.566+0000] {logging_mixin.py:151} INFO -    CA-ON: 47 enregistrements
[2025-12-21T10:29:50.568+0000] {logging_mixin.py:151} INFO -    IT: 47 enregistrements
[2025-12-21T10:29:50.569+0000] {logging_mixin.py:151} INFO -    DE: 46 enregistrements
[2025-12-21T10:29:50.570+0000] {logging_mixin.py:151} INFO -    ES: 46 enregistrements
[2025-12-21T10:29:50.571+0000] {logging_mixin.py:151} INFO -    FR: 46 enregistrements
[2025-12-21T10:29:50.573+0000] {logging_mixin.py:151} INFO -    GB: 46 enregistrements
[2025-12-21T10:29:50.576+0000] {logging_mixin.py:151} INFO -    NO: 45 enregistrements
[2025-12-21T10:29:50.578+0000] {logging_mixin.py:151} INFO -    SE: 45 enregistrements
[2025-12-21T10:29:50.579+0000] {logging_mixin.py:151} INFO -    MA: 43 enregistrements
[2025-12-21T10:29:50.582+0000] {logging_mixin.py:151} INFO - 
✅ TOTAL: 916 enregistrements
[2025-12-21T10:29:50.583+0000] {logging_mixin.py:151} INFO - ============================================================
[2025-12-21T10:29:50.584+0000] {python.py:194} INFO - Done. Returned value was: {'mix': 458, 'carbone': 458, 'total': 916}
[2025-12-21T10:29:52.441+0000] {taskinstance.py:1400} INFO - Marking task as SUCCESS. dag_id=simple_energy_data_verification, task_id=count_postgresql_data, execution_date=20251221T090000, start_date=20251221T102922, end_date=20251221T102952
[2025-12-21T10:29:52.926+0000] {local_task_job_runner.py:228} INFO - Task exited with return code 0
[2025-12-21T10:29:55.518+0000] {taskinstance.py:2784} INFO - 0 downstream tasks scheduled from follow-on schedule check
