[2025-12-22T11:31:03.444+0000] {taskinstance.py:1159} INFO - Dependencies all met for dep_context=non-requeueable deps ti=<TaskInstance: energy_complete_pipeline_orchestration.check_spark_postgresql scheduled__2025-12-22T11:00:00+00:00 [queued]>
[2025-12-22T11:31:03.603+0000] {taskinstance.py:1159} INFO - Dependencies all met for dep_context=requeueable deps ti=<TaskInstance: energy_complete_pipeline_orchestration.check_spark_postgresql scheduled__2025-12-22T11:00:00+00:00 [queued]>
[2025-12-22T11:31:03.605+0000] {taskinstance.py:1361} INFO - Starting attempt 1 of 3
[2025-12-22T11:31:03.699+0000] {taskinstance.py:1382} INFO - Executing <Task(PythonOperator): check_spark_postgresql> on 2025-12-22 11:00:00+00:00
[2025-12-22T11:31:03.779+0000] {standard_task_runner.py:57} INFO - Started process 716 to run task
[2025-12-22T11:31:03.834+0000] {standard_task_runner.py:84} INFO - Running: ['airflow', 'tasks', 'run', 'energy_complete_pipeline_orchestration', 'check_spark_postgresql', 'scheduled__2025-12-22T11:00:00+00:00', '--job-id', '148', '--raw', '--subdir', 'DAGS_FOLDER/energy_pipeline_orchestration.py', '--cfg-path', '/tmp/tmpsjekps8v']
[2025-12-22T11:31:03.845+0000] {standard_task_runner.py:85} INFO - Job 148: Subtask check_spark_postgresql
[2025-12-22T11:31:06.821+0000] {task_command.py:415} INFO - Running <TaskInstance: energy_complete_pipeline_orchestration.check_spark_postgresql scheduled__2025-12-22T11:00:00+00:00 [running]> on host 1fdfe70c11b0
[2025-12-22T11:31:13.609+0000] {taskinstance.py:1660} INFO - Exporting env vars: AIRFLOW_CTX_DAG_OWNER='energy_team' AIRFLOW_CTX_DAG_ID='energy_complete_pipeline_orchestration' AIRFLOW_CTX_TASK_ID='check_spark_postgresql' AIRFLOW_CTX_EXECUTION_DATE='2025-12-22T11:00:00+00:00' AIRFLOW_CTX_TRY_NUMBER='1' AIRFLOW_CTX_DAG_RUN_ID='scheduled__2025-12-22T11:00:00+00:00'
[2025-12-22T11:31:13.901+0000] {logging_mixin.py:151} INFO - 
======================================================================
[2025-12-22T11:31:13.909+0000] {logging_mixin.py:151} INFO - ⚡ VÉRIFICATION SPARK STREAMING → POSTGRESQL
[2025-12-22T11:31:13.913+0000] {logging_mixin.py:151} INFO - ======================================================================
[2025-12-22T11:31:14.408+0000] {base.py:73} INFO - Using connection ID 'postgres_energie' for task execution.
[2025-12-22T11:31:14.612+0000] {sql.py:418} INFO - Running statement: SELECT COUNT(*) FROM mix_energie_table, parameters: None
[2025-12-22T11:31:14.617+0000] {sql.py:427} INFO - Rows affected: 1
[2025-12-22T11:31:14.874+0000] {base.py:73} INFO - Using connection ID 'postgres_energie' for task execution.
[2025-12-22T11:31:15.285+0000] {sql.py:418} INFO - Running statement: SELECT MAX(processing_time) FROM mix_energie_table, parameters: None
[2025-12-22T11:31:15.322+0000] {sql.py:427} INFO - Rows affected: 1
[2025-12-22T11:31:16.015+0000] {base.py:73} INFO - Using connection ID 'postgres_energie' for task execution.
[2025-12-22T11:31:16.389+0000] {sql.py:418} INFO - Running statement: 
                    SELECT COUNT(*) FROM mix_energie_table
                    WHERE processing_time > NOW() - INTERVAL '10 minutes'
                , parameters: None
[2025-12-22T11:31:16.394+0000] {sql.py:427} INFO - Rows affected: 1
[2025-12-22T11:31:16.396+0000] {logging_mixin.py:151} INFO - ✅ mix_energie_table:
[2025-12-22T11:31:16.397+0000] {logging_mixin.py:151} INFO -    Total: 1,432 enregistrements
[2025-12-22T11:31:16.398+0000] {logging_mixin.py:151} INFO -    Dernière mise à jour: 2025-12-21 14:10:41.641847
[2025-12-22T11:31:16.399+0000] {logging_mixin.py:151} INFO -    Nouveaux (10 min): 0
[2025-12-22T11:31:16.718+0000] {base.py:73} INFO - Using connection ID 'postgres_energie' for task execution.
[2025-12-22T11:31:16.867+0000] {sql.py:418} INFO - Running statement: SELECT COUNT(*) FROM carbone_energie_table, parameters: None
[2025-12-22T11:31:16.872+0000] {sql.py:427} INFO - Rows affected: 1
[2025-12-22T11:31:17.039+0000] {base.py:73} INFO - Using connection ID 'postgres_energie' for task execution.
[2025-12-22T11:31:17.196+0000] {sql.py:418} INFO - Running statement: SELECT MAX(processing_time) FROM carbone_energie_table, parameters: None
[2025-12-22T11:31:17.203+0000] {sql.py:427} INFO - Rows affected: 1
[2025-12-22T11:31:17.384+0000] {base.py:73} INFO - Using connection ID 'postgres_energie' for task execution.
[2025-12-22T11:31:17.543+0000] {sql.py:418} INFO - Running statement: 
                    SELECT COUNT(*) FROM carbone_energie_table
                    WHERE processing_time > NOW() - INTERVAL '10 minutes'
                , parameters: None
[2025-12-22T11:31:17.548+0000] {sql.py:427} INFO - Rows affected: 1
[2025-12-22T11:31:17.549+0000] {logging_mixin.py:151} INFO - ✅ carbone_energie_table:
[2025-12-22T11:31:17.551+0000] {logging_mixin.py:151} INFO -    Total: 1,428 enregistrements
[2025-12-22T11:31:17.552+0000] {logging_mixin.py:151} INFO -    Dernière mise à jour: 2025-12-21 14:10:40.937061
[2025-12-22T11:31:17.553+0000] {logging_mixin.py:151} INFO -    Nouveaux (10 min): 0
[2025-12-22T11:31:17.554+0000] {logging_mixin.py:151} INFO - 
✅ Spark Streaming vers PostgreSQL opérationnel
[2025-12-22T11:31:17.555+0000] {python.py:194} INFO - Done. Returned value was: True
[2025-12-22T11:31:20.215+0000] {taskinstance.py:1400} INFO - Marking task as SUCCESS. dag_id=energy_complete_pipeline_orchestration, task_id=check_spark_postgresql, execution_date=20251222T110000, start_date=20251222T113103, end_date=20251222T113120
[2025-12-22T11:31:20.351+0000] {local_task_job_runner.py:228} INFO - Task exited with return code 0
[2025-12-22T11:31:20.613+0000] {taskinstance.py:2784} INFO - 1 downstream tasks scheduled from follow-on schedule check
