[2025-12-21T15:00:30.239+0000] {taskinstance.py:1159} INFO - Dependencies all met for dep_context=non-requeueable deps ti=<TaskInstance: energy_complete_pipeline_orchestration.check_spark_postgresql scheduled__2025-12-21T14:30:00+00:00 [queued]>
[2025-12-21T15:00:30.302+0000] {taskinstance.py:1159} INFO - Dependencies all met for dep_context=requeueable deps ti=<TaskInstance: energy_complete_pipeline_orchestration.check_spark_postgresql scheduled__2025-12-21T14:30:00+00:00 [queued]>
[2025-12-21T15:00:30.314+0000] {taskinstance.py:1361} INFO - Starting attempt 1 of 3
[2025-12-21T15:00:30.409+0000] {taskinstance.py:1382} INFO - Executing <Task(PythonOperator): check_spark_postgresql> on 2025-12-21 14:30:00+00:00
[2025-12-21T15:00:30.437+0000] {standard_task_runner.py:57} INFO - Started process 1503 to run task
[2025-12-21T15:00:30.456+0000] {standard_task_runner.py:84} INFO - Running: ['airflow', 'tasks', 'run', 'energy_complete_pipeline_orchestration', 'check_spark_postgresql', 'scheduled__2025-12-21T14:30:00+00:00', '--job-id', '104', '--raw', '--subdir', 'DAGS_FOLDER/energy_pipeline_orchestration.py', '--cfg-path', '/tmp/tmprbz6gfrj']
[2025-12-21T15:00:30.465+0000] {standard_task_runner.py:85} INFO - Job 104: Subtask check_spark_postgresql
[2025-12-21T15:00:31.258+0000] {task_command.py:415} INFO - Running <TaskInstance: energy_complete_pipeline_orchestration.check_spark_postgresql scheduled__2025-12-21T14:30:00+00:00 [running]> on host 1fdfe70c11b0
[2025-12-21T15:00:32.263+0000] {taskinstance.py:1660} INFO - Exporting env vars: AIRFLOW_CTX_DAG_OWNER='energy_team' AIRFLOW_CTX_DAG_ID='energy_complete_pipeline_orchestration' AIRFLOW_CTX_TASK_ID='check_spark_postgresql' AIRFLOW_CTX_EXECUTION_DATE='2025-12-21T14:30:00+00:00' AIRFLOW_CTX_TRY_NUMBER='1' AIRFLOW_CTX_DAG_RUN_ID='scheduled__2025-12-21T14:30:00+00:00'
[2025-12-21T15:00:32.266+0000] {logging_mixin.py:151} INFO - 
======================================================================
[2025-12-21T15:00:32.267+0000] {logging_mixin.py:151} INFO - ⚡ VÉRIFICATION SPARK STREAMING → POSTGRESQL
[2025-12-21T15:00:32.268+0000] {logging_mixin.py:151} INFO - ======================================================================
[2025-12-21T15:00:32.516+0000] {base.py:73} INFO - Using connection ID 'postgres_energie' for task execution.
[2025-12-21T15:00:32.641+0000] {sql.py:418} INFO - Running statement: SELECT COUNT(*) FROM mix_energie_table, parameters: None
[2025-12-21T15:00:32.646+0000] {sql.py:427} INFO - Rows affected: 1
[2025-12-21T15:00:32.803+0000] {base.py:73} INFO - Using connection ID 'postgres_energie' for task execution.
[2025-12-21T15:00:32.928+0000] {sql.py:418} INFO - Running statement: SELECT MAX(processing_time) FROM mix_energie_table, parameters: None
[2025-12-21T15:00:32.931+0000] {sql.py:427} INFO - Rows affected: 1
[2025-12-21T15:00:33.063+0000] {base.py:73} INFO - Using connection ID 'postgres_energie' for task execution.
[2025-12-21T15:00:33.190+0000] {sql.py:418} INFO - Running statement: 
                    SELECT COUNT(*) FROM mix_energie_table
                    WHERE processing_time > NOW() - INTERVAL '10 minutes'
                , parameters: None
[2025-12-21T15:00:33.195+0000] {sql.py:427} INFO - Rows affected: 1
[2025-12-21T15:00:33.197+0000] {logging_mixin.py:151} INFO - ✅ mix_energie_table:
[2025-12-21T15:00:33.198+0000] {logging_mixin.py:151} INFO -    Total: 1,432 enregistrements
[2025-12-21T15:00:33.200+0000] {logging_mixin.py:151} INFO -    Dernière mise à jour: 2025-12-21 14:10:41.641847
[2025-12-21T15:00:33.201+0000] {logging_mixin.py:151} INFO -    Nouveaux (10 min): 0
[2025-12-21T15:00:33.606+0000] {base.py:73} INFO - Using connection ID 'postgres_energie' for task execution.
[2025-12-21T15:00:33.741+0000] {sql.py:418} INFO - Running statement: SELECT COUNT(*) FROM carbone_energie_table, parameters: None
[2025-12-21T15:00:33.746+0000] {sql.py:427} INFO - Rows affected: 1
[2025-12-21T15:00:33.891+0000] {base.py:73} INFO - Using connection ID 'postgres_energie' for task execution.
[2025-12-21T15:00:34.020+0000] {sql.py:418} INFO - Running statement: SELECT MAX(processing_time) FROM carbone_energie_table, parameters: None
[2025-12-21T15:00:34.025+0000] {sql.py:427} INFO - Rows affected: 1
[2025-12-21T15:00:34.165+0000] {base.py:73} INFO - Using connection ID 'postgres_energie' for task execution.
[2025-12-21T15:00:34.298+0000] {sql.py:418} INFO - Running statement: 
                    SELECT COUNT(*) FROM carbone_energie_table
                    WHERE processing_time > NOW() - INTERVAL '10 minutes'
                , parameters: None
[2025-12-21T15:00:34.303+0000] {sql.py:427} INFO - Rows affected: 1
[2025-12-21T15:00:34.305+0000] {logging_mixin.py:151} INFO - ✅ carbone_energie_table:
[2025-12-21T15:00:34.306+0000] {logging_mixin.py:151} INFO -    Total: 1,428 enregistrements
[2025-12-21T15:00:34.307+0000] {logging_mixin.py:151} INFO -    Dernière mise à jour: 2025-12-21 14:10:40.937061
[2025-12-21T15:00:34.308+0000] {logging_mixin.py:151} INFO -    Nouveaux (10 min): 0
[2025-12-21T15:00:34.309+0000] {logging_mixin.py:151} INFO - 
✅ Spark Streaming vers PostgreSQL opérationnel
[2025-12-21T15:00:34.310+0000] {python.py:194} INFO - Done. Returned value was: True
[2025-12-21T15:00:34.794+0000] {taskinstance.py:1400} INFO - Marking task as SUCCESS. dag_id=energy_complete_pipeline_orchestration, task_id=check_spark_postgresql, execution_date=20251221T143000, start_date=20251221T150030, end_date=20251221T150034
[2025-12-21T15:00:34.874+0000] {local_task_job_runner.py:228} INFO - Task exited with return code 0
[2025-12-21T15:00:35.051+0000] {taskinstance.py:2784} INFO - 1 downstream tasks scheduled from follow-on schedule check
