[2025-12-22T12:02:53.969+0000] {taskinstance.py:1159} INFO - Dependencies all met for dep_context=non-requeueable deps ti=<TaskInstance: energy_complete_pipeline_orchestration.generate_final_report manual__2025-12-22T11:54:05.683729+00:00 [queued]>
[2025-12-22T12:02:54.041+0000] {taskinstance.py:1159} INFO - Dependencies all met for dep_context=requeueable deps ti=<TaskInstance: energy_complete_pipeline_orchestration.generate_final_report manual__2025-12-22T11:54:05.683729+00:00 [queued]>
[2025-12-22T12:02:54.043+0000] {taskinstance.py:1361} INFO - Starting attempt 1 of 3
[2025-12-22T12:02:54.633+0000] {taskinstance.py:1382} INFO - Executing <Task(PythonOperator): generate_final_report> on 2025-12-22 11:54:05.683729+00:00
[2025-12-22T12:02:54.651+0000] {standard_task_runner.py:57} INFO - Started process 744 to run task
[2025-12-22T12:02:54.681+0000] {standard_task_runner.py:84} INFO - Running: ['airflow', 'tasks', 'run', 'energy_complete_pipeline_orchestration', 'generate_final_report', 'manual__2025-12-22T11:54:05.683729+00:00', '--job-id', '172', '--raw', '--subdir', 'DAGS_FOLDER/energy_pipeline_orchestration.py', '--cfg-path', '/tmp/tmpb7czh7ph']
[2025-12-22T12:02:54.699+0000] {standard_task_runner.py:85} INFO - Job 172: Subtask generate_final_report
[2025-12-22T12:02:57.434+0000] {task_command.py:415} INFO - Running <TaskInstance: energy_complete_pipeline_orchestration.generate_final_report manual__2025-12-22T11:54:05.683729+00:00 [running]> on host 1fdfe70c11b0
[2025-12-22T12:03:05.032+0000] {taskinstance.py:1660} INFO - Exporting env vars: AIRFLOW_CTX_DAG_OWNER='energy_team' AIRFLOW_CTX_DAG_ID='energy_complete_pipeline_orchestration' AIRFLOW_CTX_TASK_ID='generate_final_report' AIRFLOW_CTX_EXECUTION_DATE='2025-12-22T11:54:05.683729+00:00' AIRFLOW_CTX_TRY_NUMBER='1' AIRFLOW_CTX_DAG_RUN_ID='manual__2025-12-22T11:54:05.683729+00:00'
[2025-12-22T12:03:05.051+0000] {logging_mixin.py:151} INFO - 
======================================================================
[2025-12-22T12:03:05.052+0000] {logging_mixin.py:151} INFO - 📊 RAPPORT COMPLET DU PIPELINE ENERGY
[2025-12-22T12:03:05.065+0000] {logging_mixin.py:151} INFO - ======================================================================
[2025-12-22T12:03:05.069+0000] {logging_mixin.py:151} INFO - 🕐 2025-12-22 12:03:05
[2025-12-22T12:03:05.074+0000] {logging_mixin.py:151} INFO - ======================================================================
[2025-12-22T12:03:05.084+0000] {logging_mixin.py:151} INFO - 📈 STATISTIQUES POSTGRESQL:
[2025-12-22T12:03:06.483+0000] {base.py:73} INFO - Using connection ID 'postgres_energie' for task execution.
[2025-12-22T12:03:09.189+0000] {sql.py:418} INFO - Running statement: 
                    SELECT 
                        COUNT(*) as total,
                        COUNT(DISTINCT zone) as zones,
                        MAX(processing_time) as last_update
                    FROM mix_energie_table
                , parameters: None
[2025-12-22T12:03:09.217+0000] {sql.py:427} INFO - Rows affected: 1
[2025-12-22T12:03:09.226+0000] {logging_mixin.py:151} INFO - 
  mix_energie_table:
[2025-12-22T12:03:09.241+0000] {logging_mixin.py:151} INFO -     Total: 1,432 enregistrements
[2025-12-22T12:03:09.243+0000] {logging_mixin.py:151} INFO -     Zones: 10
[2025-12-22T12:03:09.246+0000] {logging_mixin.py:151} INFO -     Dernière MAJ: 2025-12-21 14:10:41.641847
[2025-12-22T12:03:10.901+0000] {base.py:73} INFO - Using connection ID 'postgres_energie' for task execution.
[2025-12-22T12:03:14.582+0000] {sql.py:418} INFO - Running statement: 
                    SELECT 
                        COUNT(*) as total,
                        COUNT(DISTINCT zone) as zones,
                        MAX(processing_time) as last_update
                    FROM carbone_energie_table
                , parameters: None
[2025-12-22T12:03:14.613+0000] {sql.py:427} INFO - Rows affected: 1
[2025-12-22T12:03:14.615+0000] {logging_mixin.py:151} INFO - 
  carbone_energie_table:
[2025-12-22T12:03:14.636+0000] {logging_mixin.py:151} INFO -     Total: 1,428 enregistrements
[2025-12-22T12:03:14.641+0000] {logging_mixin.py:151} INFO -     Zones: 10
[2025-12-22T12:03:14.642+0000] {logging_mixin.py:151} INFO -     Dernière MAJ: 2025-12-21 14:10:40.937061
[2025-12-22T12:03:14.644+0000] {logging_mixin.py:151} INFO - 
📊 STATISTIQUES CASSANDRA:
[2025-12-22T12:04:27.263+0000] {logging_mixin.py:151} INFO -   mix_energie: 100 enregistrements
[2025-12-22T12:04:27.271+0000] {logging_mixin.py:151} INFO - 
🌍 TOP 5 ZONES (Production moyenne):
[2025-12-22T12:04:27.994+0000] {base.py:73} INFO - Using connection ID 'postgres_energie' for task execution.
[2025-12-22T12:04:28.476+0000] {sql.py:418} INFO - Running statement: 
                SELECT 
                    zone,
                    COUNT(*) as records,
                    ROUND(AVG(production_total)::numeric, 0) as avg_prod
                FROM mix_energie_table
                WHERE datetime >= CURRENT_DATE - INTERVAL '1 day'
                GROUP BY zone
                ORDER BY avg_prod DESC
                LIMIT 5
            , parameters: None
[2025-12-22T12:04:28.505+0000] {sql.py:427} INFO - Rows affected: 5
[2025-12-22T12:04:28.514+0000] {logging_mixin.py:151} INFO -   FR: 88,762 MW (basé sur 98 enregistrements)
[2025-12-22T12:04:28.516+0000] {logging_mixin.py:151} INFO -   DE: 62,642 MW (basé sur 100 enregistrements)
[2025-12-22T12:04:28.523+0000] {logging_mixin.py:151} INFO -   ES: 39,854 MW (basé sur 99 enregistrements)
[2025-12-22T12:04:28.525+0000] {logging_mixin.py:151} INFO -   GB: 37,626 MW (basé sur 96 enregistrements)
[2025-12-22T12:04:28.526+0000] {logging_mixin.py:151} INFO -   IT: 29,261 MW (basé sur 98 enregistrements)
[2025-12-22T12:04:28.527+0000] {logging_mixin.py:151} INFO - 
✅ FLUX DE DONNÉES:
[2025-12-22T12:04:28.529+0000] {logging_mixin.py:151} INFO -   1. API ElectricityMaps → Kafka: ✅
[2025-12-22T12:04:28.534+0000] {logging_mixin.py:151} INFO -   2. Kafka → MinIO (Bronze): ✅
[2025-12-22T12:04:28.546+0000] {logging_mixin.py:151} INFO -   3. Kafka → Spark Streaming → PostgreSQL: ✅
[2025-12-22T12:04:28.547+0000] {logging_mixin.py:151} INFO -      └─ Mix: 1,432 | Carbone: 1,428
[2025-12-22T12:04:28.548+0000] {logging_mixin.py:151} INFO -   4. PostgreSQL → Cassandra: ✅
[2025-12-22T12:04:28.550+0000] {logging_mixin.py:151} INFO -      └─ Cassandra: 100 enregistrements
[2025-12-22T12:04:28.551+0000] {logging_mixin.py:151} INFO -   5. Prêt pour visualisation Grafana: ✅
[2025-12-22T12:04:28.553+0000] {logging_mixin.py:151} INFO - 
📊 VISUALISATION GRAFANA:
[2025-12-22T12:04:28.554+0000] {logging_mixin.py:151} INFO -   🌐 URL: http://localhost:3000
[2025-12-22T12:04:28.555+0000] {logging_mixin.py:151} INFO -   👤 Login: admin / ***
[2025-12-22T12:04:28.607+0000] {logging_mixin.py:151} INFO - 
  Sources de données configurables:
[2025-12-22T12:04:28.608+0000] {logging_mixin.py:151} INFO -     • PostgreSQL: energie_db (temps réel)
[2025-12-22T12:04:28.609+0000] {logging_mixin.py:151} INFO -     • Cassandra: energie keyspace (archivage)
[2025-12-22T12:04:28.619+0000] {logging_mixin.py:151} INFO - 
🎯 PIPELINE OPÉRATIONNEL
[2025-12-22T12:04:28.620+0000] {logging_mixin.py:151} INFO - 📦 Total enregistrements: 2,860
[2025-12-22T12:04:28.622+0000] {logging_mixin.py:151} INFO - ======================================================================
[2025-12-22T12:04:28.624+0000] {python.py:194} INFO - Done. Returned value was: {'status': 'success', 'postgres_total': 2860, 'cassandra_total': 100, 'zones_count': 10}
[2025-12-22T12:04:29.652+0000] {taskinstance.py:1400} INFO - Marking task as SUCCESS. dag_id=energy_complete_pipeline_orchestration, task_id=generate_final_report, execution_date=20251222T115405, start_date=20251222T120253, end_date=20251222T120429
[2025-12-22T12:04:29.828+0000] {local_task_job_runner.py:228} INFO - Task exited with return code 0
[2025-12-22T12:04:30.561+0000] {taskinstance.py:2784} INFO - 0 downstream tasks scheduled from follow-on schedule check
