[2025-12-20T23:00:07.792+0000] {taskinstance.py:1159} INFO - Dependencies all met for dep_context=non-requeueable deps ti=<TaskInstance: simple_energy_data_verification.count_postgresql_data scheduled__2025-12-20T22:00:00+00:00 [queued]>
[2025-12-20T23:00:07.818+0000] {taskinstance.py:1159} INFO - Dependencies all met for dep_context=requeueable deps ti=<TaskInstance: simple_energy_data_verification.count_postgresql_data scheduled__2025-12-20T22:00:00+00:00 [queued]>
[2025-12-20T23:00:07.820+0000] {taskinstance.py:1361} INFO - Starting attempt 1 of 2
[2025-12-20T23:00:07.855+0000] {taskinstance.py:1382} INFO - Executing <Task(PythonOperator): count_postgresql_data> on 2025-12-20 22:00:00+00:00
[2025-12-20T23:00:07.869+0000] {standard_task_runner.py:57} INFO - Started process 735 to run task
[2025-12-20T23:00:07.881+0000] {standard_task_runner.py:84} INFO - Running: ['airflow', 'tasks', 'run', 'simple_energy_data_verification', 'count_postgresql_data', 'scheduled__2025-12-20T22:00:00+00:00', '--job-id', '40', '--raw', '--subdir', 'DAGS_FOLDER/energy_data_flow_orchestration.py', '--cfg-path', '/tmp/tmpjwedfcwl']
[2025-12-20T23:00:07.888+0000] {standard_task_runner.py:85} INFO - Job 40: Subtask count_postgresql_data
[2025-12-20T23:00:08.936+0000] {task_command.py:415} INFO - Running <TaskInstance: simple_energy_data_verification.count_postgresql_data scheduled__2025-12-20T22:00:00+00:00 [running]> on host 678571ccefef
[2025-12-20T23:00:10.435+0000] {taskinstance.py:1660} INFO - Exporting env vars: AIRFLOW_CTX_DAG_OWNER='energy_team' AIRFLOW_CTX_DAG_ID='simple_energy_data_verification' AIRFLOW_CTX_TASK_ID='count_postgresql_data' AIRFLOW_CTX_EXECUTION_DATE='2025-12-20T22:00:00+00:00' AIRFLOW_CTX_TRY_NUMBER='1' AIRFLOW_CTX_DAG_RUN_ID='scheduled__2025-12-20T22:00:00+00:00'
[2025-12-20T23:00:10.443+0000] {logging_mixin.py:151} INFO - 
============================================================
[2025-12-20T23:00:10.443+0000] {logging_mixin.py:151} INFO - 📊 VÉRIFICATION DES DONNÉES POSTGRESQL
[2025-12-20T23:00:10.445+0000] {logging_mixin.py:151} INFO - ============================================================
[2025-12-20T23:00:10.672+0000] {base.py:73} INFO - Using connection ID 'postgres_energie' for task execution.
[2025-12-20T23:00:11.037+0000] {sql.py:418} INFO - Running statement: SELECT COUNT(*) FROM mix_energie_table, parameters: None
[2025-12-20T23:00:11.045+0000] {sql.py:427} INFO - Rows affected: 1
[2025-12-20T23:00:11.047+0000] {logging_mixin.py:151} INFO - ✅ mix_energie_table: 447 enregistrements
[2025-12-20T23:00:11.251+0000] {base.py:73} INFO - Using connection ID 'postgres_energie' for task execution.
[2025-12-20T23:00:11.415+0000] {sql.py:418} INFO - Running statement: SELECT COUNT(*) FROM carbone_energie_table, parameters: None
[2025-12-20T23:00:11.420+0000] {sql.py:427} INFO - Rows affected: 1
[2025-12-20T23:00:11.422+0000] {logging_mixin.py:151} INFO - ✅ carbone_energie_table: 446 enregistrements
[2025-12-20T23:00:11.663+0000] {base.py:73} INFO - Using connection ID 'postgres_energie' for task execution.
[2025-12-20T23:00:11.799+0000] {sql.py:418} INFO - Running statement: SELECT MAX(processing_time) FROM mix_energie_table, parameters: None
[2025-12-20T23:00:11.803+0000] {sql.py:427} INFO - Rows affected: 1
[2025-12-20T23:00:11.805+0000] {logging_mixin.py:151} INFO - 🕐 Dernière mise à jour: 2025-12-20 23:00:09.121205
[2025-12-20T23:00:12.020+0000] {base.py:73} INFO - Using connection ID 'postgres_energie' for task execution.
[2025-12-20T23:00:12.231+0000] {sql.py:418} INFO - Running statement: 
                    SELECT COUNT(*) FROM mix_energie_table 
                    WHERE processing_time > NOW() - INTERVAL '24 hours'
                , parameters: None
[2025-12-20T23:00:12.237+0000] {sql.py:427} INFO - Rows affected: 1
[2025-12-20T23:00:12.238+0000] {logging_mixin.py:151} INFO - 📅 Données récentes (24h): 447 enregistrements
[2025-12-20T23:00:12.386+0000] {base.py:73} INFO - Using connection ID 'postgres_energie' for task execution.
[2025-12-20T23:00:12.592+0000] {sql.py:418} INFO - Running statement: 
                    SELECT zone, COUNT(*) as count 
                    FROM mix_energie_table 
                    GROUP BY zone 
                    ORDER BY count DESC 
                    LIMIT 10
                , parameters: None
[2025-12-20T23:00:12.606+0000] {sql.py:427} INFO - Rows affected: 10
[2025-12-20T23:00:12.614+0000] {logging_mixin.py:151} INFO - 
🌍 TOP 10 ZONES:
[2025-12-20T23:00:12.617+0000] {logging_mixin.py:151} INFO -    PT: 46 enregistrements
[2025-12-20T23:00:12.623+0000] {logging_mixin.py:151} INFO -    CA-ON: 46 enregistrements
[2025-12-20T23:00:12.625+0000] {logging_mixin.py:151} INFO -    IT: 46 enregistrements
[2025-12-20T23:00:12.627+0000] {logging_mixin.py:151} INFO -    DE: 45 enregistrements
[2025-12-20T23:00:12.629+0000] {logging_mixin.py:151} INFO -    ES: 45 enregistrements
[2025-12-20T23:00:12.643+0000] {logging_mixin.py:151} INFO -    FR: 45 enregistrements
[2025-12-20T23:00:12.644+0000] {logging_mixin.py:151} INFO -    GB: 45 enregistrements
[2025-12-20T23:00:12.646+0000] {logging_mixin.py:151} INFO -    SE: 44 enregistrements
[2025-12-20T23:00:12.651+0000] {logging_mixin.py:151} INFO -    NO: 43 enregistrements
[2025-12-20T23:00:12.652+0000] {logging_mixin.py:151} INFO -    MA: 42 enregistrements
[2025-12-20T23:00:12.653+0000] {logging_mixin.py:151} INFO - 
✅ TOTAL: 893 enregistrements
[2025-12-20T23:00:12.657+0000] {logging_mixin.py:151} INFO - ============================================================
[2025-12-20T23:00:12.659+0000] {python.py:194} INFO - Done. Returned value was: {'mix': 447, 'carbone': 446, 'total': 893}
[2025-12-20T23:00:13.045+0000] {taskinstance.py:1400} INFO - Marking task as SUCCESS. dag_id=simple_energy_data_verification, task_id=count_postgresql_data, execution_date=20251220T220000, start_date=20251220T230007, end_date=20251220T230013
[2025-12-20T23:00:13.305+0000] {local_task_job_runner.py:228} INFO - Task exited with return code 0
[2025-12-20T23:00:13.613+0000] {taskinstance.py:2784} INFO - 0 downstream tasks scheduled from follow-on schedule check
