[2025-12-22T11:15:28.075+0000] {taskinstance.py:1159} INFO - Dependencies all met for dep_context=non-requeueable deps ti=<TaskInstance: energy_complete_pipeline_orchestration.generate_final_report scheduled__2025-12-22T10:30:00+00:00 [queued]>
[2025-12-22T11:15:28.162+0000] {taskinstance.py:1159} INFO - Dependencies all met for dep_context=requeueable deps ti=<TaskInstance: energy_complete_pipeline_orchestration.generate_final_report scheduled__2025-12-22T10:30:00+00:00 [queued]>
[2025-12-22T11:15:28.343+0000] {taskinstance.py:1361} INFO - Starting attempt 1 of 3
[2025-12-22T11:15:28.555+0000] {taskinstance.py:1382} INFO - Executing <Task(PythonOperator): generate_final_report> on 2025-12-22 10:30:00+00:00
[2025-12-22T11:15:28.603+0000] {standard_task_runner.py:57} INFO - Started process 656 to run task
[2025-12-22T11:15:28.632+0000] {standard_task_runner.py:84} INFO - Running: ['airflow', 'tasks', 'run', 'energy_complete_pipeline_orchestration', 'generate_final_report', 'scheduled__2025-12-22T10:30:00+00:00', '--job-id', '143', '--raw', '--subdir', 'DAGS_FOLDER/energy_pipeline_orchestration.py', '--cfg-path', '/tmp/tmpib02okte']
[2025-12-22T11:15:28.673+0000] {standard_task_runner.py:85} INFO - Job 143: Subtask generate_final_report
[2025-12-22T11:15:33.732+0000] {task_command.py:415} INFO - Running <TaskInstance: energy_complete_pipeline_orchestration.generate_final_report scheduled__2025-12-22T10:30:00+00:00 [running]> on host 1fdfe70c11b0
[2025-12-22T11:15:42.798+0000] {taskinstance.py:1660} INFO - Exporting env vars: AIRFLOW_CTX_DAG_OWNER='energy_team' AIRFLOW_CTX_DAG_ID='energy_complete_pipeline_orchestration' AIRFLOW_CTX_TASK_ID='generate_final_report' AIRFLOW_CTX_EXECUTION_DATE='2025-12-22T10:30:00+00:00' AIRFLOW_CTX_TRY_NUMBER='1' AIRFLOW_CTX_DAG_RUN_ID='scheduled__2025-12-22T10:30:00+00:00'
[2025-12-22T11:15:42.811+0000] {logging_mixin.py:151} INFO - 
======================================================================
[2025-12-22T11:15:42.828+0000] {logging_mixin.py:151} INFO - 📊 RAPPORT COMPLET DU PIPELINE ENERGY
[2025-12-22T11:15:42.843+0000] {logging_mixin.py:151} INFO - ======================================================================
[2025-12-22T11:15:42.859+0000] {logging_mixin.py:151} INFO - 🕐 2025-12-22 11:15:42
[2025-12-22T11:15:42.861+0000] {logging_mixin.py:151} INFO - ======================================================================
[2025-12-22T11:15:42.863+0000] {logging_mixin.py:151} INFO - 📈 STATISTIQUES POSTGRESQL:
[2025-12-22T11:15:43.473+0000] {base.py:73} INFO - Using connection ID 'postgres_energie' for task execution.
[2025-12-22T11:15:44.029+0000] {sql.py:418} INFO - Running statement: 
                    SELECT 
                        COUNT(*) as total,
                        COUNT(DISTINCT zone) as zones,
                        MAX(processing_time) as last_update
                    FROM mix_energie_table
                , parameters: None
[2025-12-22T11:15:44.040+0000] {sql.py:427} INFO - Rows affected: 1
[2025-12-22T11:15:44.042+0000] {logging_mixin.py:151} INFO - 
  mix_energie_table:
[2025-12-22T11:15:44.044+0000] {logging_mixin.py:151} INFO -     Total: 1,432 enregistrements
[2025-12-22T11:15:44.045+0000] {logging_mixin.py:151} INFO -     Zones: 10
[2025-12-22T11:15:44.047+0000] {logging_mixin.py:151} INFO -     Dernière MAJ: 2025-12-21 14:10:41.641847
[2025-12-22T11:15:44.544+0000] {base.py:73} INFO - Using connection ID 'postgres_energie' for task execution.
[2025-12-22T11:15:45.102+0000] {sql.py:418} INFO - Running statement: 
                    SELECT 
                        COUNT(*) as total,
                        COUNT(DISTINCT zone) as zones,
                        MAX(processing_time) as last_update
                    FROM carbone_energie_table
                , parameters: None
[2025-12-22T11:15:45.118+0000] {sql.py:427} INFO - Rows affected: 1
[2025-12-22T11:15:45.120+0000] {logging_mixin.py:151} INFO - 
  carbone_energie_table:
[2025-12-22T11:15:45.135+0000] {logging_mixin.py:151} INFO -     Total: 1,428 enregistrements
[2025-12-22T11:15:45.137+0000] {logging_mixin.py:151} INFO -     Zones: 10
[2025-12-22T11:15:45.139+0000] {logging_mixin.py:151} INFO -     Dernière MAJ: 2025-12-21 14:10:40.937061
[2025-12-22T11:15:45.142+0000] {logging_mixin.py:151} INFO - 
📊 STATISTIQUES CASSANDRA:
[2025-12-22T11:15:51.157+0000] {logging_mixin.py:151} INFO -   mix_energie: 100 enregistrements
[2025-12-22T11:15:51.160+0000] {logging_mixin.py:151} INFO - 
🌍 TOP 5 ZONES (Production moyenne):
[2025-12-22T11:15:52.396+0000] {base.py:73} INFO - Using connection ID 'postgres_energie' for task execution.
[2025-12-22T11:15:54.269+0000] {sql.py:418} INFO - Running statement: 
                SELECT 
                    zone,
                    COUNT(*) as records,
                    ROUND(AVG(production_total)::numeric, 0) as avg_prod
                FROM mix_energie_table
                WHERE datetime >= CURRENT_DATE - INTERVAL '1 day'
                GROUP BY zone
                ORDER BY avg_prod DESC
                LIMIT 5
            , parameters: None
[2025-12-22T11:15:54.762+0000] {sql.py:427} INFO - Rows affected: 5
[2025-12-22T11:15:54.792+0000] {logging_mixin.py:151} INFO -   FR: 88,762 MW (basé sur 98 enregistrements)
[2025-12-22T11:15:54.801+0000] {logging_mixin.py:151} INFO -   DE: 62,642 MW (basé sur 100 enregistrements)
[2025-12-22T11:15:54.821+0000] {logging_mixin.py:151} INFO -   ES: 39,854 MW (basé sur 99 enregistrements)
[2025-12-22T11:15:54.833+0000] {logging_mixin.py:151} INFO -   GB: 37,626 MW (basé sur 96 enregistrements)
[2025-12-22T11:15:54.837+0000] {logging_mixin.py:151} INFO -   IT: 29,261 MW (basé sur 98 enregistrements)
[2025-12-22T11:15:54.840+0000] {logging_mixin.py:151} INFO - 
✅ FLUX DE DONNÉES:
[2025-12-22T11:15:54.853+0000] {logging_mixin.py:151} INFO -   1. API ElectricityMaps → Kafka: ✅
[2025-12-22T11:15:54.855+0000] {logging_mixin.py:151} INFO -   2. Kafka → MinIO (Bronze): ✅
[2025-12-22T11:15:54.870+0000] {logging_mixin.py:151} INFO -   3. Kafka → Spark Streaming → PostgreSQL: ✅
[2025-12-22T11:15:54.886+0000] {logging_mixin.py:151} INFO -      └─ Mix: 1,432 | Carbone: 1,428
[2025-12-22T11:15:54.902+0000] {logging_mixin.py:151} INFO -   4. PostgreSQL → Cassandra: ✅
[2025-12-22T11:15:54.905+0000] {logging_mixin.py:151} INFO -      └─ Cassandra: 100 enregistrements
[2025-12-22T11:15:54.951+0000] {logging_mixin.py:151} INFO -   5. Prêt pour visualisation Grafana: ✅
[2025-12-22T11:15:54.970+0000] {logging_mixin.py:151} INFO - 
📊 VISUALISATION GRAFANA:
[2025-12-22T11:15:54.984+0000] {logging_mixin.py:151} INFO -   🌐 URL: http://localhost:3000
[2025-12-22T11:15:55.000+0000] {logging_mixin.py:151} INFO -   👤 Login: admin / ***
[2025-12-22T11:15:55.033+0000] {logging_mixin.py:151} INFO - 
  Sources de données configurables:
[2025-12-22T11:15:55.049+0000] {logging_mixin.py:151} INFO -     • PostgreSQL: energie_db (temps réel)
[2025-12-22T11:15:55.065+0000] {logging_mixin.py:151} INFO -     • Cassandra: energie keyspace (archivage)
[2025-12-22T11:15:55.081+0000] {logging_mixin.py:151} INFO - 
🎯 PIPELINE OPÉRATIONNEL
[2025-12-22T11:15:55.098+0000] {logging_mixin.py:151} INFO - 📦 Total enregistrements: 2,860
[2025-12-22T11:15:55.127+0000] {logging_mixin.py:151} INFO - ======================================================================
[2025-12-22T11:15:55.147+0000] {python.py:194} INFO - Done. Returned value was: {'status': 'success', 'postgres_total': 2860, 'cassandra_total': 100, 'zones_count': 10}
[2025-12-22T11:15:59.191+0000] {taskinstance.py:1400} INFO - Marking task as SUCCESS. dag_id=energy_complete_pipeline_orchestration, task_id=generate_final_report, execution_date=20251222T103000, start_date=20251222T111528, end_date=20251222T111559
[2025-12-22T11:15:59.653+0000] {local_task_job_runner.py:228} INFO - Task exited with return code 0
[2025-12-22T11:16:03.345+0000] {taskinstance.py:2784} INFO - 0 downstream tasks scheduled from follow-on schedule check
