[2025-12-21T15:30:25.521+0000] {taskinstance.py:1159} INFO - Dependencies all met for dep_context=non-requeueable deps ti=<TaskInstance: energy_complete_pipeline_orchestration.check_spark_postgresql scheduled__2025-12-21T15:00:00+00:00 [queued]>
[2025-12-21T15:30:25.544+0000] {taskinstance.py:1159} INFO - Dependencies all met for dep_context=requeueable deps ti=<TaskInstance: energy_complete_pipeline_orchestration.check_spark_postgresql scheduled__2025-12-21T15:00:00+00:00 [queued]>
[2025-12-21T15:30:25.545+0000] {taskinstance.py:1361} INFO - Starting attempt 1 of 3
[2025-12-21T15:30:25.589+0000] {taskinstance.py:1382} INFO - Executing <Task(PythonOperator): check_spark_postgresql> on 2025-12-21 15:00:00+00:00
[2025-12-21T15:30:25.611+0000] {standard_task_runner.py:57} INFO - Started process 923 to run task
[2025-12-21T15:30:25.622+0000] {standard_task_runner.py:84} INFO - Running: ['airflow', 'tasks', 'run', 'energy_complete_pipeline_orchestration', 'check_spark_postgresql', 'scheduled__2025-12-21T15:00:00+00:00', '--job-id', '121', '--raw', '--subdir', 'DAGS_FOLDER/energy_pipeline_orchestration.py', '--cfg-path', '/tmp/tmpuwms1u_p']
[2025-12-21T15:30:25.628+0000] {standard_task_runner.py:85} INFO - Job 121: Subtask check_spark_postgresql
[2025-12-21T15:30:26.192+0000] {task_command.py:415} INFO - Running <TaskInstance: energy_complete_pipeline_orchestration.check_spark_postgresql scheduled__2025-12-21T15:00:00+00:00 [running]> on host 1fdfe70c11b0
[2025-12-21T15:30:26.935+0000] {taskinstance.py:1660} INFO - Exporting env vars: AIRFLOW_CTX_DAG_OWNER='energy_team' AIRFLOW_CTX_DAG_ID='energy_complete_pipeline_orchestration' AIRFLOW_CTX_TASK_ID='check_spark_postgresql' AIRFLOW_CTX_EXECUTION_DATE='2025-12-21T15:00:00+00:00' AIRFLOW_CTX_TRY_NUMBER='1' AIRFLOW_CTX_DAG_RUN_ID='scheduled__2025-12-21T15:00:00+00:00'
[2025-12-21T15:30:26.937+0000] {logging_mixin.py:151} INFO - 
======================================================================
[2025-12-21T15:30:26.938+0000] {logging_mixin.py:151} INFO - ⚡ VÉRIFICATION SPARK STREAMING → POSTGRESQL
[2025-12-21T15:30:26.938+0000] {logging_mixin.py:151} INFO - ======================================================================
[2025-12-21T15:30:27.094+0000] {base.py:73} INFO - Using connection ID 'postgres_energie' for task execution.
[2025-12-21T15:30:27.306+0000] {sql.py:418} INFO - Running statement: SELECT COUNT(*) FROM mix_energie_table, parameters: None
[2025-12-21T15:30:27.311+0000] {sql.py:427} INFO - Rows affected: 1
[2025-12-21T15:30:27.530+0000] {base.py:73} INFO - Using connection ID 'postgres_energie' for task execution.
[2025-12-21T15:30:27.654+0000] {sql.py:418} INFO - Running statement: SELECT MAX(processing_time) FROM mix_energie_table, parameters: None
[2025-12-21T15:30:27.657+0000] {sql.py:427} INFO - Rows affected: 1
[2025-12-21T15:30:27.835+0000] {base.py:73} INFO - Using connection ID 'postgres_energie' for task execution.
[2025-12-21T15:30:28.032+0000] {sql.py:418} INFO - Running statement: 
                    SELECT COUNT(*) FROM mix_energie_table
                    WHERE processing_time > NOW() - INTERVAL '10 minutes'
                , parameters: None
[2025-12-21T15:30:28.037+0000] {sql.py:427} INFO - Rows affected: 1
[2025-12-21T15:30:28.039+0000] {logging_mixin.py:151} INFO - ✅ mix_energie_table:
[2025-12-21T15:30:28.040+0000] {logging_mixin.py:151} INFO -    Total: 1,432 enregistrements
[2025-12-21T15:30:28.041+0000] {logging_mixin.py:151} INFO -    Dernière mise à jour: 2025-12-21 14:10:41.641847
[2025-12-21T15:30:28.042+0000] {logging_mixin.py:151} INFO -    Nouveaux (10 min): 0
[2025-12-21T15:30:28.226+0000] {base.py:73} INFO - Using connection ID 'postgres_energie' for task execution.
[2025-12-21T15:30:28.392+0000] {sql.py:418} INFO - Running statement: SELECT COUNT(*) FROM carbone_energie_table, parameters: None
[2025-12-21T15:30:28.398+0000] {sql.py:427} INFO - Rows affected: 1
[2025-12-21T15:30:28.734+0000] {base.py:73} INFO - Using connection ID 'postgres_energie' for task execution.
[2025-12-21T15:30:28.970+0000] {sql.py:418} INFO - Running statement: SELECT MAX(processing_time) FROM carbone_energie_table, parameters: None
[2025-12-21T15:30:28.975+0000] {sql.py:427} INFO - Rows affected: 1
[2025-12-21T15:30:29.210+0000] {base.py:73} INFO - Using connection ID 'postgres_energie' for task execution.
[2025-12-21T15:30:29.473+0000] {sql.py:418} INFO - Running statement: 
                    SELECT COUNT(*) FROM carbone_energie_table
                    WHERE processing_time > NOW() - INTERVAL '10 minutes'
                , parameters: None
[2025-12-21T15:30:29.484+0000] {sql.py:427} INFO - Rows affected: 1
[2025-12-21T15:30:29.486+0000] {logging_mixin.py:151} INFO - ✅ carbone_energie_table:
[2025-12-21T15:30:29.493+0000] {logging_mixin.py:151} INFO -    Total: 1,428 enregistrements
[2025-12-21T15:30:29.495+0000] {logging_mixin.py:151} INFO -    Dernière mise à jour: 2025-12-21 14:10:40.937061
[2025-12-21T15:30:29.500+0000] {logging_mixin.py:151} INFO -    Nouveaux (10 min): 0
[2025-12-21T15:30:29.505+0000] {logging_mixin.py:151} INFO - 
✅ Spark Streaming vers PostgreSQL opérationnel
[2025-12-21T15:30:29.516+0000] {python.py:194} INFO - Done. Returned value was: True
[2025-12-21T15:30:30.117+0000] {taskinstance.py:1400} INFO - Marking task as SUCCESS. dag_id=energy_complete_pipeline_orchestration, task_id=check_spark_postgresql, execution_date=20251221T150000, start_date=20251221T153025, end_date=20251221T153030
[2025-12-21T15:30:30.230+0000] {local_task_job_runner.py:228} INFO - Task exited with return code 0
[2025-12-21T15:30:30.622+0000] {taskinstance.py:2784} INFO - 0 downstream tasks scheduled from follow-on schedule check
