[2025-12-22T11:41:53.930+0000] {taskinstance.py:1159} INFO - Dependencies all met for dep_context=non-requeueable deps ti=<TaskInstance: energy_complete_pipeline_orchestration.verify_postgresql_cassandra manual__2025-12-22T11:40:35.774256+00:00 [queued]>
[2025-12-22T11:41:53.952+0000] {taskinstance.py:1159} INFO - Dependencies all met for dep_context=requeueable deps ti=<TaskInstance: energy_complete_pipeline_orchestration.verify_postgresql_cassandra manual__2025-12-22T11:40:35.774256+00:00 [queued]>
[2025-12-22T11:41:53.953+0000] {taskinstance.py:1361} INFO - Starting attempt 1 of 3
[2025-12-22T11:41:54.446+0000] {taskinstance.py:1382} INFO - Executing <Task(PythonOperator): verify_postgresql_cassandra> on 2025-12-22 11:40:35.774256+00:00
[2025-12-22T11:41:54.474+0000] {standard_task_runner.py:57} INFO - Started process 753 to run task
[2025-12-22T11:41:54.496+0000] {standard_task_runner.py:84} INFO - Running: ['airflow', 'tasks', 'run', 'energy_complete_pipeline_orchestration', 'verify_postgresql_cassandra', 'manual__2025-12-22T11:40:35.774256+00:00', '--job-id', '157', '--raw', '--subdir', 'DAGS_FOLDER/energy_pipeline_orchestration.py', '--cfg-path', '/tmp/tmpnbm6q4d8']
[2025-12-22T11:41:54.506+0000] {standard_task_runner.py:85} INFO - Job 157: Subtask verify_postgresql_cassandra
[2025-12-22T11:41:56.570+0000] {task_command.py:415} INFO - Running <TaskInstance: energy_complete_pipeline_orchestration.verify_postgresql_cassandra manual__2025-12-22T11:40:35.774256+00:00 [running]> on host 1fdfe70c11b0
[2025-12-22T11:41:58.882+0000] {taskinstance.py:1660} INFO - Exporting env vars: AIRFLOW_CTX_DAG_OWNER='energy_team' AIRFLOW_CTX_DAG_ID='energy_complete_pipeline_orchestration' AIRFLOW_CTX_TASK_ID='verify_postgresql_cassandra' AIRFLOW_CTX_EXECUTION_DATE='2025-12-22T11:40:35.774256+00:00' AIRFLOW_CTX_TRY_NUMBER='1' AIRFLOW_CTX_DAG_RUN_ID='manual__2025-12-22T11:40:35.774256+00:00'
[2025-12-22T11:41:58.886+0000] {logging_mixin.py:151} INFO - 
======================================================================
[2025-12-22T11:41:58.888+0000] {logging_mixin.py:151} INFO - 🔄 VÉRIFICATION POSTGRESQL → CASSANDRA
[2025-12-22T11:41:58.891+0000] {logging_mixin.py:151} INFO - ======================================================================
[2025-12-22T11:42:06.878+0000] {logging_mixin.py:151} INFO - ✅ Keyspace 'energie' existe
[2025-12-22T11:42:17.694+0000] {logging_mixin.py:151} INFO - ✅ Données présentes dans Cassandra (energie.mix_energie)
[2025-12-22T11:42:17.712+0000] {logging_mixin.py:151} INFO -    Total: 100 enregistrements
[2025-12-22T11:42:17.713+0000] {python.py:194} INFO - Done. Returned value was: True
[2025-12-22T11:42:18.774+0000] {taskinstance.py:1400} INFO - Marking task as SUCCESS. dag_id=energy_complete_pipeline_orchestration, task_id=verify_postgresql_cassandra, execution_date=20251222T114035, start_date=20251222T114153, end_date=20251222T114218
[2025-12-22T11:42:18.884+0000] {local_task_job_runner.py:228} INFO - Task exited with return code 0
[2025-12-22T11:42:19.653+0000] {taskinstance.py:2784} INFO - 1 downstream tasks scheduled from follow-on schedule check
