[2025-12-22T12:01:42.424+0000] {taskinstance.py:1159} INFO - Dependencies all met for dep_context=non-requeueable deps ti=<TaskInstance: energy_complete_pipeline_orchestration.check_spark_postgresql manual__2025-12-22T11:54:05.683729+00:00 [queued]>
[2025-12-22T12:01:42.552+0000] {taskinstance.py:1159} INFO - Dependencies all met for dep_context=requeueable deps ti=<TaskInstance: energy_complete_pipeline_orchestration.check_spark_postgresql manual__2025-12-22T11:54:05.683729+00:00 [queued]>
[2025-12-22T12:01:42.560+0000] {taskinstance.py:1361} INFO - Starting attempt 1 of 3
[2025-12-22T12:01:42.718+0000] {taskinstance.py:1382} INFO - Executing <Task(PythonOperator): check_spark_postgresql> on 2025-12-22 11:54:05.683729+00:00
[2025-12-22T12:01:42.797+0000] {standard_task_runner.py:57} INFO - Started process 710 to run task
[2025-12-22T12:01:42.848+0000] {standard_task_runner.py:84} INFO - Running: ['airflow', 'tasks', 'run', 'energy_complete_pipeline_orchestration', 'check_spark_postgresql', 'manual__2025-12-22T11:54:05.683729+00:00', '--job-id', '170', '--raw', '--subdir', 'DAGS_FOLDER/energy_pipeline_orchestration.py', '--cfg-path', '/tmp/tmpd7uac3zo']
[2025-12-22T12:01:42.909+0000] {standard_task_runner.py:85} INFO - Job 170: Subtask check_spark_postgresql
[2025-12-22T12:01:44.784+0000] {task_command.py:415} INFO - Running <TaskInstance: energy_complete_pipeline_orchestration.check_spark_postgresql manual__2025-12-22T11:54:05.683729+00:00 [running]> on host 1fdfe70c11b0
[2025-12-22T12:01:47.879+0000] {taskinstance.py:1660} INFO - Exporting env vars: AIRFLOW_CTX_DAG_OWNER='energy_team' AIRFLOW_CTX_DAG_ID='energy_complete_pipeline_orchestration' AIRFLOW_CTX_TASK_ID='check_spark_postgresql' AIRFLOW_CTX_EXECUTION_DATE='2025-12-22T11:54:05.683729+00:00' AIRFLOW_CTX_TRY_NUMBER='1' AIRFLOW_CTX_DAG_RUN_ID='manual__2025-12-22T11:54:05.683729+00:00'
[2025-12-22T12:01:47.882+0000] {logging_mixin.py:151} INFO - 
======================================================================
[2025-12-22T12:01:47.883+0000] {logging_mixin.py:151} INFO - ⚡ VÉRIFICATION SPARK STREAMING → POSTGRESQL
[2025-12-22T12:01:47.885+0000] {logging_mixin.py:151} INFO - ======================================================================
[2025-12-22T12:01:48.565+0000] {base.py:73} INFO - Using connection ID 'postgres_energie' for task execution.
[2025-12-22T12:01:49.365+0000] {sql.py:418} INFO - Running statement: SELECT COUNT(*) FROM mix_energie_table, parameters: None
[2025-12-22T12:01:49.372+0000] {sql.py:427} INFO - Rows affected: 1
[2025-12-22T12:01:49.905+0000] {base.py:73} INFO - Using connection ID 'postgres_energie' for task execution.
[2025-12-22T12:01:50.313+0000] {sql.py:418} INFO - Running statement: SELECT MAX(processing_time) FROM mix_energie_table, parameters: None
[2025-12-22T12:01:50.321+0000] {sql.py:427} INFO - Rows affected: 1
[2025-12-22T12:01:50.680+0000] {base.py:73} INFO - Using connection ID 'postgres_energie' for task execution.
[2025-12-22T12:01:51.081+0000] {sql.py:418} INFO - Running statement: 
                    SELECT COUNT(*) FROM mix_energie_table
                    WHERE processing_time > NOW() - INTERVAL '10 minutes'
                , parameters: None
[2025-12-22T12:01:51.088+0000] {sql.py:427} INFO - Rows affected: 1
[2025-12-22T12:01:51.090+0000] {logging_mixin.py:151} INFO - ✅ mix_energie_table:
[2025-12-22T12:01:51.096+0000] {logging_mixin.py:151} INFO -    Total: 1,432 enregistrements
[2025-12-22T12:01:51.098+0000] {logging_mixin.py:151} INFO -    Dernière mise à jour: 2025-12-21 14:10:41.641847
[2025-12-22T12:01:51.099+0000] {logging_mixin.py:151} INFO -    Nouveaux (10 min): 0
[2025-12-22T12:01:51.449+0000] {base.py:73} INFO - Using connection ID 'postgres_energie' for task execution.
[2025-12-22T12:01:51.816+0000] {sql.py:418} INFO - Running statement: SELECT COUNT(*) FROM carbone_energie_table, parameters: None
[2025-12-22T12:01:51.824+0000] {sql.py:427} INFO - Rows affected: 1
[2025-12-22T12:01:52.327+0000] {base.py:73} INFO - Using connection ID 'postgres_energie' for task execution.
[2025-12-22T12:01:52.682+0000] {sql.py:418} INFO - Running statement: SELECT MAX(processing_time) FROM carbone_energie_table, parameters: None
[2025-12-22T12:01:52.689+0000] {sql.py:427} INFO - Rows affected: 1
[2025-12-22T12:01:53.021+0000] {base.py:73} INFO - Using connection ID 'postgres_energie' for task execution.
[2025-12-22T12:01:53.356+0000] {sql.py:418} INFO - Running statement: 
                    SELECT COUNT(*) FROM carbone_energie_table
                    WHERE processing_time > NOW() - INTERVAL '10 minutes'
                , parameters: None
[2025-12-22T12:01:53.367+0000] {sql.py:427} INFO - Rows affected: 1
[2025-12-22T12:01:53.378+0000] {logging_mixin.py:151} INFO - ✅ carbone_energie_table:
[2025-12-22T12:01:53.382+0000] {logging_mixin.py:151} INFO -    Total: 1,428 enregistrements
[2025-12-22T12:01:53.395+0000] {logging_mixin.py:151} INFO -    Dernière mise à jour: 2025-12-21 14:10:40.937061
[2025-12-22T12:01:53.396+0000] {logging_mixin.py:151} INFO -    Nouveaux (10 min): 0
[2025-12-22T12:01:53.398+0000] {logging_mixin.py:151} INFO - 
✅ Spark Streaming vers PostgreSQL opérationnel
[2025-12-22T12:01:53.399+0000] {python.py:194} INFO - Done. Returned value was: True
[2025-12-22T12:01:54.293+0000] {taskinstance.py:1400} INFO - Marking task as SUCCESS. dag_id=energy_complete_pipeline_orchestration, task_id=check_spark_postgresql, execution_date=20251222T115405, start_date=20251222T120142, end_date=20251222T120154
[2025-12-22T12:01:55.573+0000] {local_task_job_runner.py:228} INFO - Task exited with return code 0
[2025-12-22T12:01:55.942+0000] {taskinstance.py:2784} INFO - 0 downstream tasks scheduled from follow-on schedule check
