[2025-12-22T11:41:40.822+0000] {taskinstance.py:1159} INFO - Dependencies all met for dep_context=non-requeueable deps ti=<TaskInstance: energy_complete_pipeline_orchestration.check_spark_postgresql manual__2025-12-22T11:40:35.774256+00:00 [queued]>
[2025-12-22T11:41:40.843+0000] {taskinstance.py:1159} INFO - Dependencies all met for dep_context=requeueable deps ti=<TaskInstance: energy_complete_pipeline_orchestration.check_spark_postgresql manual__2025-12-22T11:40:35.774256+00:00 [queued]>
[2025-12-22T11:41:40.844+0000] {taskinstance.py:1361} INFO - Starting attempt 1 of 3
[2025-12-22T11:41:41.358+0000] {taskinstance.py:1382} INFO - Executing <Task(PythonOperator): check_spark_postgresql> on 2025-12-22 11:40:35.774256+00:00
[2025-12-22T11:41:41.371+0000] {standard_task_runner.py:57} INFO - Started process 751 to run task
[2025-12-22T11:41:41.382+0000] {standard_task_runner.py:84} INFO - Running: ['airflow', 'tasks', 'run', 'energy_complete_pipeline_orchestration', 'check_spark_postgresql', 'manual__2025-12-22T11:40:35.774256+00:00', '--job-id', '156', '--raw', '--subdir', 'DAGS_FOLDER/energy_pipeline_orchestration.py', '--cfg-path', '/tmp/tmpvlimc8tm']
[2025-12-22T11:41:41.390+0000] {standard_task_runner.py:85} INFO - Job 156: Subtask check_spark_postgresql
[2025-12-22T11:41:41.972+0000] {task_command.py:415} INFO - Running <TaskInstance: energy_complete_pipeline_orchestration.check_spark_postgresql manual__2025-12-22T11:40:35.774256+00:00 [running]> on host 1fdfe70c11b0
[2025-12-22T11:41:44.804+0000] {taskinstance.py:1660} INFO - Exporting env vars: AIRFLOW_CTX_DAG_OWNER='energy_team' AIRFLOW_CTX_DAG_ID='energy_complete_pipeline_orchestration' AIRFLOW_CTX_TASK_ID='check_spark_postgresql' AIRFLOW_CTX_EXECUTION_DATE='2025-12-22T11:40:35.774256+00:00' AIRFLOW_CTX_TRY_NUMBER='1' AIRFLOW_CTX_DAG_RUN_ID='manual__2025-12-22T11:40:35.774256+00:00'
[2025-12-22T11:41:44.807+0000] {logging_mixin.py:151} INFO - 
======================================================================
[2025-12-22T11:41:44.808+0000] {logging_mixin.py:151} INFO - ⚡ VÉRIFICATION SPARK STREAMING → POSTGRESQL
[2025-12-22T11:41:44.810+0000] {logging_mixin.py:151} INFO - ======================================================================
[2025-12-22T11:41:45.241+0000] {base.py:73} INFO - Using connection ID 'postgres_energie' for task execution.
[2025-12-22T11:41:45.424+0000] {sql.py:418} INFO - Running statement: SELECT COUNT(*) FROM mix_energie_table, parameters: None
[2025-12-22T11:41:45.432+0000] {sql.py:427} INFO - Rows affected: 1
[2025-12-22T11:41:45.889+0000] {base.py:73} INFO - Using connection ID 'postgres_energie' for task execution.
[2025-12-22T11:41:46.076+0000] {sql.py:418} INFO - Running statement: SELECT MAX(processing_time) FROM mix_energie_table, parameters: None
[2025-12-22T11:41:46.081+0000] {sql.py:427} INFO - Rows affected: 1
[2025-12-22T11:41:46.228+0000] {base.py:73} INFO - Using connection ID 'postgres_energie' for task execution.
[2025-12-22T11:41:46.357+0000] {sql.py:418} INFO - Running statement: 
                    SELECT COUNT(*) FROM mix_energie_table
                    WHERE processing_time > NOW() - INTERVAL '10 minutes'
                , parameters: None
[2025-12-22T11:41:46.362+0000] {sql.py:427} INFO - Rows affected: 1
[2025-12-22T11:41:46.364+0000] {logging_mixin.py:151} INFO - ✅ mix_energie_table:
[2025-12-22T11:41:46.365+0000] {logging_mixin.py:151} INFO -    Total: 1,432 enregistrements
[2025-12-22T11:41:46.367+0000] {logging_mixin.py:151} INFO -    Dernière mise à jour: 2025-12-21 14:10:41.641847
[2025-12-22T11:41:46.368+0000] {logging_mixin.py:151} INFO -    Nouveaux (10 min): 0
[2025-12-22T11:41:46.536+0000] {base.py:73} INFO - Using connection ID 'postgres_energie' for task execution.
[2025-12-22T11:41:46.948+0000] {sql.py:418} INFO - Running statement: SELECT COUNT(*) FROM carbone_energie_table, parameters: None
[2025-12-22T11:41:46.952+0000] {sql.py:427} INFO - Rows affected: 1
[2025-12-22T11:41:47.147+0000] {base.py:73} INFO - Using connection ID 'postgres_energie' for task execution.
[2025-12-22T11:41:47.389+0000] {sql.py:418} INFO - Running statement: SELECT MAX(processing_time) FROM carbone_energie_table, parameters: None
[2025-12-22T11:41:47.397+0000] {sql.py:427} INFO - Rows affected: 1
[2025-12-22T11:41:48.364+0000] {base.py:73} INFO - Using connection ID 'postgres_energie' for task execution.
[2025-12-22T11:41:48.588+0000] {sql.py:418} INFO - Running statement: 
                    SELECT COUNT(*) FROM carbone_energie_table
                    WHERE processing_time > NOW() - INTERVAL '10 minutes'
                , parameters: None
[2025-12-22T11:41:48.595+0000] {sql.py:427} INFO - Rows affected: 1
[2025-12-22T11:41:48.597+0000] {logging_mixin.py:151} INFO - ✅ carbone_energie_table:
[2025-12-22T11:41:48.598+0000] {logging_mixin.py:151} INFO -    Total: 1,428 enregistrements
[2025-12-22T11:41:48.599+0000] {logging_mixin.py:151} INFO -    Dernière mise à jour: 2025-12-21 14:10:40.937061
[2025-12-22T11:41:48.603+0000] {logging_mixin.py:151} INFO -    Nouveaux (10 min): 0
[2025-12-22T11:41:48.605+0000] {logging_mixin.py:151} INFO - 
✅ Spark Streaming vers PostgreSQL opérationnel
[2025-12-22T11:41:48.606+0000] {python.py:194} INFO - Done. Returned value was: True
[2025-12-22T11:41:49.830+0000] {taskinstance.py:1400} INFO - Marking task as SUCCESS. dag_id=energy_complete_pipeline_orchestration, task_id=check_spark_postgresql, execution_date=20251222T114035, start_date=20251222T114140, end_date=20251222T114149
[2025-12-22T11:41:49.972+0000] {local_task_job_runner.py:228} INFO - Task exited with return code 0
[2025-12-22T11:41:50.255+0000] {taskinstance.py:2784} INFO - 1 downstream tasks scheduled from follow-on schedule check
