[2025-12-21T14:44:39.431+0000] {taskinstance.py:1159} INFO - Dependencies all met for dep_context=non-requeueable deps ti=<TaskInstance: energy_complete_pipeline_orchestration.check_spark_postgresql manual__2025-12-21T14:43:34.785688+00:00 [queued]>
[2025-12-21T14:44:39.517+0000] {taskinstance.py:1159} INFO - Dependencies all met for dep_context=requeueable deps ti=<TaskInstance: energy_complete_pipeline_orchestration.check_spark_postgresql manual__2025-12-21T14:43:34.785688+00:00 [queued]>
[2025-12-21T14:44:39.518+0000] {taskinstance.py:1361} INFO - Starting attempt 1 of 3
[2025-12-21T14:44:39.609+0000] {taskinstance.py:1382} INFO - Executing <Task(PythonOperator): check_spark_postgresql> on 2025-12-21 14:43:34.785688+00:00
[2025-12-21T14:44:39.636+0000] {standard_task_runner.py:57} INFO - Started process 1271 to run task
[2025-12-21T14:44:39.649+0000] {standard_task_runner.py:84} INFO - Running: ['airflow', 'tasks', 'run', 'energy_complete_pipeline_orchestration', 'check_spark_postgresql', 'manual__2025-12-21T14:43:34.785688+00:00', '--job-id', '96', '--raw', '--subdir', 'DAGS_FOLDER/energy_pipeline_orchestration.py', '--cfg-path', '/tmp/tmp_8ggz1i3']
[2025-12-21T14:44:39.661+0000] {standard_task_runner.py:85} INFO - Job 96: Subtask check_spark_postgresql
[2025-12-21T14:44:41.259+0000] {task_command.py:415} INFO - Running <TaskInstance: energy_complete_pipeline_orchestration.check_spark_postgresql manual__2025-12-21T14:43:34.785688+00:00 [running]> on host 1fdfe70c11b0
[2025-12-21T14:44:42.171+0000] {taskinstance.py:1660} INFO - Exporting env vars: AIRFLOW_CTX_DAG_OWNER='energy_team' AIRFLOW_CTX_DAG_ID='energy_complete_pipeline_orchestration' AIRFLOW_CTX_TASK_ID='check_spark_postgresql' AIRFLOW_CTX_EXECUTION_DATE='2025-12-21T14:43:34.785688+00:00' AIRFLOW_CTX_TRY_NUMBER='1' AIRFLOW_CTX_DAG_RUN_ID='manual__2025-12-21T14:43:34.785688+00:00'
[2025-12-21T14:44:42.176+0000] {logging_mixin.py:151} INFO - 
======================================================================
[2025-12-21T14:44:42.177+0000] {logging_mixin.py:151} INFO - ⚡ VÉRIFICATION SPARK STREAMING → POSTGRESQL
[2025-12-21T14:44:42.181+0000] {logging_mixin.py:151} INFO - ======================================================================
[2025-12-21T14:44:42.455+0000] {base.py:73} INFO - Using connection ID 'postgres_energie' for task execution.
[2025-12-21T14:44:42.675+0000] {sql.py:418} INFO - Running statement: SELECT COUNT(*) FROM mix_energie_table, parameters: None
[2025-12-21T14:44:42.681+0000] {sql.py:427} INFO - Rows affected: 1
[2025-12-21T14:44:42.900+0000] {base.py:73} INFO - Using connection ID 'postgres_energie' for task execution.
[2025-12-21T14:44:43.038+0000] {sql.py:418} INFO - Running statement: SELECT MAX(processing_time) FROM mix_energie_table, parameters: None
[2025-12-21T14:44:43.043+0000] {sql.py:427} INFO - Rows affected: 1
[2025-12-21T14:44:43.203+0000] {base.py:73} INFO - Using connection ID 'postgres_energie' for task execution.
[2025-12-21T14:44:43.437+0000] {sql.py:418} INFO - Running statement: 
                    SELECT COUNT(*) FROM mix_energie_table
                    WHERE processing_time > NOW() - INTERVAL '10 minutes'
                , parameters: None
[2025-12-21T14:44:43.456+0000] {sql.py:427} INFO - Rows affected: 1
[2025-12-21T14:44:43.471+0000] {logging_mixin.py:151} INFO - ✅ mix_energie_table:
[2025-12-21T14:44:43.473+0000] {logging_mixin.py:151} INFO -    Total: 1,432 enregistrements
[2025-12-21T14:44:43.478+0000] {logging_mixin.py:151} INFO -    Dernière mise à jour: 2025-12-21 14:10:41.641847
[2025-12-21T14:44:43.484+0000] {logging_mixin.py:151} INFO -    Nouveaux (10 min): 0
[2025-12-21T14:44:43.829+0000] {base.py:73} INFO - Using connection ID 'postgres_energie' for task execution.
[2025-12-21T14:44:43.977+0000] {sql.py:418} INFO - Running statement: SELECT COUNT(*) FROM carbone_energie_table, parameters: None
[2025-12-21T14:44:43.982+0000] {sql.py:427} INFO - Rows affected: 1
[2025-12-21T14:44:44.181+0000] {base.py:73} INFO - Using connection ID 'postgres_energie' for task execution.
[2025-12-21T14:44:44.495+0000] {sql.py:418} INFO - Running statement: SELECT MAX(processing_time) FROM carbone_energie_table, parameters: None
[2025-12-21T14:44:44.509+0000] {sql.py:427} INFO - Rows affected: 1
[2025-12-21T14:44:45.020+0000] {base.py:73} INFO - Using connection ID 'postgres_energie' for task execution.
[2025-12-21T14:44:45.283+0000] {sql.py:418} INFO - Running statement: 
                    SELECT COUNT(*) FROM carbone_energie_table
                    WHERE processing_time > NOW() - INTERVAL '10 minutes'
                , parameters: None
[2025-12-21T14:44:45.295+0000] {sql.py:427} INFO - Rows affected: 1
[2025-12-21T14:44:45.298+0000] {logging_mixin.py:151} INFO - ✅ carbone_energie_table:
[2025-12-21T14:44:45.300+0000] {logging_mixin.py:151} INFO -    Total: 1,428 enregistrements
[2025-12-21T14:44:45.301+0000] {logging_mixin.py:151} INFO -    Dernière mise à jour: 2025-12-21 14:10:40.937061
[2025-12-21T14:44:45.302+0000] {logging_mixin.py:151} INFO -    Nouveaux (10 min): 0
[2025-12-21T14:44:45.304+0000] {logging_mixin.py:151} INFO - 
✅ Spark Streaming vers PostgreSQL opérationnel
[2025-12-21T14:44:45.305+0000] {python.py:194} INFO - Done. Returned value was: True
[2025-12-21T14:44:45.840+0000] {taskinstance.py:1400} INFO - Marking task as SUCCESS. dag_id=energy_complete_pipeline_orchestration, task_id=check_spark_postgresql, execution_date=20251221T144334, start_date=20251221T144439, end_date=20251221T144445
[2025-12-21T14:44:46.094+0000] {local_task_job_runner.py:228} INFO - Task exited with return code 0
[2025-12-21T14:44:46.438+0000] {taskinstance.py:2784} INFO - 1 downstream tasks scheduled from follow-on schedule check
